[0.546s] Invoking command in '/home/orin/sim_ws/build/wall_follow': CMAKE_PREFIX_PATH=${CMAKE_PREFIX_PATH}:/home/orin/sim_ws/install/f1tenth_gym_ros:/opt/ros/foxy /usr/bin/cmake --build /home/orin/sim_ws/build/wall_follow -- -j6 -l6
[0.660s] Invoked command in '/home/orin/sim_ws/build/wall_follow' returned '0': CMAKE_PREFIX_PATH=${CMAKE_PREFIX_PATH}:/home/orin/sim_ws/install/f1tenth_gym_ros:/opt/ros/foxy /usr/bin/cmake --build /home/orin/sim_ws/build/wall_follow -- -j6 -l6
[0.735s] Invoking command in '/home/orin/sim_ws/build/wall_follow': CMAKE_PREFIX_PATH=${CMAKE_PREFIX_PATH}:/home/orin/sim_ws/install/f1tenth_gym_ros:/opt/ros/foxy /usr/bin/cmake --install /home/orin/sim_ws/build/wall_follow
[0.766s] -- Install configuration: ""
[0.767s] -- Up-to-date: /home/orin/sim_ws/install/wall_follow/share/wall_follow/environment/pythonpath.sh
[0.767s] -- Up-to-date: /home/orin/sim_ws/install/wall_follow/share/wall_follow/environment/pythonpath.dsv
[0.767s] -- Up-to-date: /home/orin/sim_ws/install/wall_follow/lib/python3.8/site-packages/wall_follow
[0.767s] -- Up-to-date: /home/orin/sim_ws/install/wall_follow/lib/python3.8/site-packages/wall_follow/__init__.py
[0.868s] Listing '/home/orin/sim_ws/install/wall_follow/lib/python3.8/site-packages/wall_follow'...
[0.879s] -- Up-to-date: /home/orin/sim_ws/install/wall_follow/lib/wall_follow/wall_follow.py
[0.880s] -- Up-to-date: /home/orin/sim_ws/install/wall_follow/share/ament_index/resource_index/package_run_dependencies/wall_follow
[0.880s] -- Up-to-date: /home/orin/sim_ws/install/wall_follow/share/ament_index/resource_index/parent_prefix_path/wall_follow
[0.880s] -- Up-to-date: /home/orin/sim_ws/install/wall_follow/share/wall_follow/environment/ament_prefix_path.sh
[0.880s] -- Up-to-date: /home/orin/sim_ws/install/wall_follow/share/wall_follow/environment/ament_prefix_path.dsv
[0.880s] -- Up-to-date: /home/orin/sim_ws/install/wall_follow/share/wall_follow/environment/path.sh
[0.881s] -- Up-to-date: /home/orin/sim_ws/install/wall_follow/share/wall_follow/environment/path.dsv
[0.881s] -- Up-to-date: /home/orin/sim_ws/install/wall_follow/share/wall_follow/local_setup.bash
[0.881s] -- Up-to-date: /home/orin/sim_ws/install/wall_follow/share/wall_follow/local_setup.sh
[0.881s] -- Up-to-date: /home/orin/sim_ws/install/wall_follow/share/wall_follow/local_setup.zsh
[0.881s] -- Up-to-date: /home/orin/sim_ws/install/wall_follow/share/wall_follow/local_setup.dsv
[0.881s] -- Installing: /home/orin/sim_ws/install/wall_follow/share/wall_follow/package.dsv
[0.882s] -- Up-to-date: /home/orin/sim_ws/install/wall_follow/share/ament_index/resource_index/packages/wall_follow
[0.882s] -- Up-to-date: /home/orin/sim_ws/install/wall_follow/share/wall_follow/cmake/wall_followConfig.cmake
[0.882s] -- Up-to-date: /home/orin/sim_ws/install/wall_follow/share/wall_follow/cmake/wall_followConfig-version.cmake
[0.882s] -- Up-to-date: /home/orin/sim_ws/install/wall_follow/share/wall_follow/package.xml
[0.908s] Invoked command in '/home/orin/sim_ws/build/wall_follow' returned '0': CMAKE_PREFIX_PATH=${CMAKE_PREFIX_PATH}:/home/orin/sim_ws/install/f1tenth_gym_ros:/opt/ros/foxy /usr/bin/cmake --install /home/orin/sim_ws/build/wall_follow
