[0.433s] DEBUG:colcon:Command line arguments: ['/usr/bin/colcon', 'build']
[0.433s] DEBUG:colcon:Parsed command line arguments: Namespace(allow_overriding=[], ament_cmake_args=None, base_paths=['.'], build_base='build', catkin_cmake_args=None, catkin_skip_building_tests=False, cmake_args=None, cmake_clean_cache=False, cmake_clean_first=False, cmake_force_configure=False, cmake_target=None, cmake_target_skip_unavailable=False, continue_on_error=False, event_handlers=None, executor='parallel', ignore_user_meta=False, install_base='install', log_base=None, log_level=None, main=<bound method BuildVerb.main of <colcon_core.verb.build.BuildVerb object at 0xffff7e019100>>, merge_install=False, metas=['./colcon.meta'], mixin=None, mixin_files=None, mixin_verb=('build',), packages_above=None, packages_above_and_dependencies=None, packages_above_depth=None, packages_end=None, packages_ignore=None, packages_ignore_regex=None, packages_select=None, packages_select_build_failed=False, packages_select_by_dep=None, packages_select_regex=None, packages_select_test_failures=False, packages_skip=None, packages_skip_build_finished=False, packages_skip_by_dep=None, packages_skip_regex=None, packages_skip_test_passed=False, packages_skip_up_to=None, packages_start=None, packages_up_to=None, packages_up_to_regex=None, parallel_workers=6, paths=None, symlink_install=False, test_result_base=None, verb_extension=<colcon_core.verb.build.BuildVerb object at 0xffff7e019100>, verb_name='build', verb_parser=<colcon_mixin.mixin.mixin_argument.MixinArgumentDecorator object at 0xffff7df61040>)
[0.769s] Level 1:colcon.colcon_core.package_discovery:discover_packages(colcon_meta) check parameters
[0.770s] Level 1:colcon.colcon_core.package_discovery:discover_packages(recursive) check parameters
[0.770s] Level 1:colcon.colcon_core.package_discovery:discover_packages(ignore) check parameters
[0.770s] Level 1:colcon.colcon_core.package_discovery:discover_packages(path) check parameters
[0.770s] Level 1:colcon.colcon_core.package_discovery:discover_packages(colcon_meta) discover
[0.770s] Level 1:colcon.colcon_core.package_discovery:discover_packages(recursive) discover
[0.770s] INFO:colcon.colcon_core.package_discovery:Crawling recursively for packages in '/home/orin/sim_ws'
[0.771s] Level 1:colcon.colcon_core.package_identification:_identify(.) by extensions ['ignore', 'ignore_ament_install']
[0.771s] Level 1:colcon.colcon_core.package_identification:_identify(.) by extension 'ignore'
[0.771s] Level 1:colcon.colcon_core.package_identification:_identify(.) by extension 'ignore_ament_install'
[0.771s] Level 1:colcon.colcon_core.package_identification:_identify(.) by extensions ['colcon_pkg']
[0.771s] Level 1:colcon.colcon_core.package_identification:_identify(.) by extension 'colcon_pkg'
[0.772s] Level 1:colcon.colcon_core.package_identification:_identify(.) by extensions ['colcon_meta']
[0.772s] Level 1:colcon.colcon_core.package_identification:_identify(.) by extension 'colcon_meta'
[0.772s] Level 1:colcon.colcon_core.package_identification:_identify(.) by extensions ['ros']
[0.772s] Level 1:colcon.colcon_core.package_identification:_identify(.) by extension 'ros'
[0.797s] Level 1:colcon.colcon_core.package_identification:_identify(.) by extensions ['cmake', 'python']
[0.798s] Level 1:colcon.colcon_core.package_identification:_identify(.) by extension 'cmake'
[0.798s] Level 1:colcon.colcon_core.package_identification:_identify(.) by extension 'python'
[0.798s] Level 1:colcon.colcon_core.package_identification:_identify(.) by extensions ['python_setup_py']
[0.798s] Level 1:colcon.colcon_core.package_identification:_identify(.) by extension 'python_setup_py'
[0.798s] Level 1:colcon.colcon_core.package_identification:_identify(build) by extensions ['ignore', 'ignore_ament_install']
[0.798s] Level 1:colcon.colcon_core.package_identification:_identify(build) by extension 'ignore'
[0.799s] Level 1:colcon.colcon_core.package_identification:_identify(build) ignored
[0.799s] Level 1:colcon.colcon_core.package_identification:_identify(install) by extensions ['ignore', 'ignore_ament_install']
[0.799s] Level 1:colcon.colcon_core.package_identification:_identify(install) by extension 'ignore'
[0.799s] Level 1:colcon.colcon_core.package_identification:_identify(install) ignored
[0.800s] Level 1:colcon.colcon_core.package_identification:_identify(log) by extensions ['ignore', 'ignore_ament_install']
[0.800s] Level 1:colcon.colcon_core.package_identification:_identify(log) by extension 'ignore'
[0.800s] Level 1:colcon.colcon_core.package_identification:_identify(log) ignored
[0.800s] Level 1:colcon.colcon_core.package_identification:_identify(src) by extensions ['ignore', 'ignore_ament_install']
[0.800s] Level 1:colcon.colcon_core.package_identification:_identify(src) by extension 'ignore'
[0.800s] Level 1:colcon.colcon_core.package_identification:_identify(src) by extension 'ignore_ament_install'
[0.801s] Level 1:colcon.colcon_core.package_identification:_identify(src) by extensions ['colcon_pkg']
[0.801s] Level 1:colcon.colcon_core.package_identification:_identify(src) by extension 'colcon_pkg'
[0.801s] Level 1:colcon.colcon_core.package_identification:_identify(src) by extensions ['colcon_meta']
[0.801s] Level 1:colcon.colcon_core.package_identification:_identify(src) by extension 'colcon_meta'
[0.801s] Level 1:colcon.colcon_core.package_identification:_identify(src) by extensions ['ros']
[0.801s] Level 1:colcon.colcon_core.package_identification:_identify(src) by extension 'ros'
[0.801s] Level 1:colcon.colcon_core.package_identification:_identify(src) by extensions ['cmake', 'python']
[0.801s] Level 1:colcon.colcon_core.package_identification:_identify(src) by extension 'cmake'
[0.801s] Level 1:colcon.colcon_core.package_identification:_identify(src) by extension 'python'
[0.802s] Level 1:colcon.colcon_core.package_identification:_identify(src) by extensions ['python_setup_py']
[0.802s] Level 1:colcon.colcon_core.package_identification:_identify(src) by extension 'python_setup_py'
[0.802s] Level 1:colcon.colcon_core.package_identification:_identify(src/f1tenth_gym_ros) by extensions ['ignore', 'ignore_ament_install']
[0.802s] Level 1:colcon.colcon_core.package_identification:_identify(src/f1tenth_gym_ros) by extension 'ignore'
[0.802s] Level 1:colcon.colcon_core.package_identification:_identify(src/f1tenth_gym_ros) by extension 'ignore_ament_install'
[0.802s] Level 1:colcon.colcon_core.package_identification:_identify(src/f1tenth_gym_ros) by extensions ['colcon_pkg']
[0.802s] Level 1:colcon.colcon_core.package_identification:_identify(src/f1tenth_gym_ros) by extension 'colcon_pkg'
[0.802s] Level 1:colcon.colcon_core.package_identification:_identify(src/f1tenth_gym_ros) by extensions ['colcon_meta']
[0.802s] Level 1:colcon.colcon_core.package_identification:_identify(src/f1tenth_gym_ros) by extension 'colcon_meta'
[0.803s] Level 1:colcon.colcon_core.package_identification:_identify(src/f1tenth_gym_ros) by extensions ['ros']
[0.803s] Level 1:colcon.colcon_core.package_identification:_identify(src/f1tenth_gym_ros) by extension 'ros'
[0.808s] DEBUG:colcon.colcon_core.package_identification:Package 'src/f1tenth_gym_ros' with type 'ros.ament_python' and name 'f1tenth_gym_ros'
[0.809s] Level 1:colcon.colcon_core.package_identification:_identify(src/gap_follow) by extensions ['ignore', 'ignore_ament_install']
[0.809s] Level 1:colcon.colcon_core.package_identification:_identify(src/gap_follow) by extension 'ignore'
[0.809s] Level 1:colcon.colcon_core.package_identification:_identify(src/gap_follow) by extension 'ignore_ament_install'
[0.809s] Level 1:colcon.colcon_core.package_identification:_identify(src/gap_follow) by extensions ['colcon_pkg']
[0.810s] Level 1:colcon.colcon_core.package_identification:_identify(src/gap_follow) by extension 'colcon_pkg'
[0.810s] Level 1:colcon.colcon_core.package_identification:_identify(src/gap_follow) by extensions ['colcon_meta']
[0.810s] Level 1:colcon.colcon_core.package_identification:_identify(src/gap_follow) by extension 'colcon_meta'
[0.810s] Level 1:colcon.colcon_core.package_identification:_identify(src/gap_follow) by extensions ['ros']
[0.810s] Level 1:colcon.colcon_core.package_identification:_identify(src/gap_follow) by extension 'ros'
[0.812s] DEBUG:colcon.colcon_core.package_identification:Package 'src/gap_follow' with type 'ros.ament_cmake' and name 'gap_follow'
[0.812s] Level 1:colcon.colcon_core.package_identification:_identify(src/safety_node) by extensions ['ignore', 'ignore_ament_install']
[0.812s] Level 1:colcon.colcon_core.package_identification:_identify(src/safety_node) by extension 'ignore'
[0.812s] Level 1:colcon.colcon_core.package_identification:_identify(src/safety_node) by extension 'ignore_ament_install'
[0.813s] Level 1:colcon.colcon_core.package_identification:_identify(src/safety_node) by extensions ['colcon_pkg']
[0.813s] Level 1:colcon.colcon_core.package_identification:_identify(src/safety_node) by extension 'colcon_pkg'
[0.813s] Level 1:colcon.colcon_core.package_identification:_identify(src/safety_node) by extensions ['colcon_meta']
[0.813s] Level 1:colcon.colcon_core.package_identification:_identify(src/safety_node) by extension 'colcon_meta'
[0.813s] Level 1:colcon.colcon_core.package_identification:_identify(src/safety_node) by extensions ['ros']
[0.813s] Level 1:colcon.colcon_core.package_identification:_identify(src/safety_node) by extension 'ros'
[0.815s] DEBUG:colcon.colcon_core.package_identification:Package 'src/safety_node' with type 'ros.ament_cmake' and name 'safety_node'
[0.815s] Level 1:colcon.colcon_core.package_identification:_identify(src/wall_follow) by extensions ['ignore', 'ignore_ament_install']
[0.815s] Level 1:colcon.colcon_core.package_identification:_identify(src/wall_follow) by extension 'ignore'
[0.815s] Level 1:colcon.colcon_core.package_identification:_identify(src/wall_follow) by extension 'ignore_ament_install'
[0.816s] Level 1:colcon.colcon_core.package_identification:_identify(src/wall_follow) by extensions ['colcon_pkg']
[0.816s] Level 1:colcon.colcon_core.package_identification:_identify(src/wall_follow) by extension 'colcon_pkg'
[0.816s] Level 1:colcon.colcon_core.package_identification:_identify(src/wall_follow) by extensions ['colcon_meta']
[0.816s] Level 1:colcon.colcon_core.package_identification:_identify(src/wall_follow) by extension 'colcon_meta'
[0.816s] Level 1:colcon.colcon_core.package_identification:_identify(src/wall_follow) by extensions ['ros']
[0.816s] Level 1:colcon.colcon_core.package_identification:_identify(src/wall_follow) by extension 'ros'
[0.818s] DEBUG:colcon.colcon_core.package_identification:Package 'src/wall_follow' with type 'ros.ament_cmake' and name 'wall_follow'
[0.818s] Level 1:colcon.colcon_core.package_discovery:discover_packages(recursive) using defaults
[0.818s] Level 1:colcon.colcon_core.package_discovery:discover_packages(ignore) discover
[0.818s] Level 1:colcon.colcon_core.package_discovery:discover_packages(ignore) using defaults
[0.818s] Level 1:colcon.colcon_core.package_discovery:discover_packages(path) discover
[0.818s] Level 1:colcon.colcon_core.package_discovery:discover_packages(path) using defaults
[0.854s] Level 1:colcon.colcon_core.package_discovery:discover_packages(prefix_path) check parameters
[0.855s] Level 1:colcon.colcon_core.package_discovery:discover_packages(prefix_path) discover
[0.860s] DEBUG:colcon.colcon_installed_package_information.package_discovery:Found 4 installed packages in /home/orin/sim_ws/install
[0.863s] DEBUG:colcon.colcon_installed_package_information.package_discovery:Found 279 installed packages in /opt/ros/foxy
[0.896s] Level 1:colcon.colcon_core.package_discovery:discover_packages(prefix_path) using defaults
[1.024s] Level 5:colcon.colcon_core.verb:set package 'f1tenth_gym_ros' build argument 'cmake_args' from command line to 'None'
[1.024s] Level 5:colcon.colcon_core.verb:set package 'f1tenth_gym_ros' build argument 'cmake_target' from command line to 'None'
[1.024s] Level 5:colcon.colcon_core.verb:set package 'f1tenth_gym_ros' build argument 'cmake_target_skip_unavailable' from command line to 'False'
[1.024s] Level 5:colcon.colcon_core.verb:set package 'f1tenth_gym_ros' build argument 'cmake_clean_cache' from command line to 'False'
[1.024s] Level 5:colcon.colcon_core.verb:set package 'f1tenth_gym_ros' build argument 'cmake_clean_first' from command line to 'False'
[1.024s] Level 5:colcon.colcon_core.verb:set package 'f1tenth_gym_ros' build argument 'cmake_force_configure' from command line to 'False'
[1.024s] Level 5:colcon.colcon_core.verb:set package 'f1tenth_gym_ros' build argument 'ament_cmake_args' from command line to 'None'
[1.025s] Level 5:colcon.colcon_core.verb:set package 'f1tenth_gym_ros' build argument 'catkin_cmake_args' from command line to 'None'
[1.025s] Level 5:colcon.colcon_core.verb:set package 'f1tenth_gym_ros' build argument 'catkin_skip_building_tests' from command line to 'False'
[1.025s] DEBUG:colcon.colcon_core.verb:Building package 'f1tenth_gym_ros' with the following arguments: {'ament_cmake_args': None, 'build_base': '/home/orin/sim_ws/build/f1tenth_gym_ros', 'catkin_cmake_args': None, 'catkin_skip_building_tests': False, 'cmake_args': None, 'cmake_clean_cache': False, 'cmake_clean_first': False, 'cmake_force_configure': False, 'cmake_target': None, 'cmake_target_skip_unavailable': False, 'install_base': '/home/orin/sim_ws/install/f1tenth_gym_ros', 'merge_install': False, 'path': '/home/orin/sim_ws/src/f1tenth_gym_ros', 'symlink_install': False, 'test_result_base': None}
[1.026s] Level 5:colcon.colcon_core.verb:set package 'gap_follow' build argument 'cmake_args' from command line to 'None'
[1.026s] Level 5:colcon.colcon_core.verb:set package 'gap_follow' build argument 'cmake_target' from command line to 'None'
[1.026s] Level 5:colcon.colcon_core.verb:set package 'gap_follow' build argument 'cmake_target_skip_unavailable' from command line to 'False'
[1.026s] Level 5:colcon.colcon_core.verb:set package 'gap_follow' build argument 'cmake_clean_cache' from command line to 'False'
[1.026s] Level 5:colcon.colcon_core.verb:set package 'gap_follow' build argument 'cmake_clean_first' from command line to 'False'
[1.026s] Level 5:colcon.colcon_core.verb:set package 'gap_follow' build argument 'cmake_force_configure' from command line to 'False'
[1.026s] Level 5:colcon.colcon_core.verb:set package 'gap_follow' build argument 'ament_cmake_args' from command line to 'None'
[1.026s] Level 5:colcon.colcon_core.verb:set package 'gap_follow' build argument 'catkin_cmake_args' from command line to 'None'
[1.026s] Level 5:colcon.colcon_core.verb:set package 'gap_follow' build argument 'catkin_skip_building_tests' from command line to 'False'
[1.026s] DEBUG:colcon.colcon_core.verb:Building package 'gap_follow' with the following arguments: {'ament_cmake_args': None, 'build_base': '/home/orin/sim_ws/build/gap_follow', 'catkin_cmake_args': None, 'catkin_skip_building_tests': False, 'cmake_args': None, 'cmake_clean_cache': False, 'cmake_clean_first': False, 'cmake_force_configure': False, 'cmake_target': None, 'cmake_target_skip_unavailable': False, 'install_base': '/home/orin/sim_ws/install/gap_follow', 'merge_install': False, 'path': '/home/orin/sim_ws/src/gap_follow', 'symlink_install': False, 'test_result_base': None}
[1.027s] Level 5:colcon.colcon_core.verb:set package 'safety_node' build argument 'cmake_args' from command line to 'None'
[1.027s] Level 5:colcon.colcon_core.verb:set package 'safety_node' build argument 'cmake_target' from command line to 'None'
[1.027s] Level 5:colcon.colcon_core.verb:set package 'safety_node' build argument 'cmake_target_skip_unavailable' from command line to 'False'
[1.027s] Level 5:colcon.colcon_core.verb:set package 'safety_node' build argument 'cmake_clean_cache' from command line to 'False'
[1.027s] Level 5:colcon.colcon_core.verb:set package 'safety_node' build argument 'cmake_clean_first' from command line to 'False'
[1.027s] Level 5:colcon.colcon_core.verb:set package 'safety_node' build argument 'cmake_force_configure' from command line to 'False'
[1.027s] Level 5:colcon.colcon_core.verb:set package 'safety_node' build argument 'ament_cmake_args' from command line to 'None'
[1.027s] Level 5:colcon.colcon_core.verb:set package 'safety_node' build argument 'catkin_cmake_args' from command line to 'None'
[1.027s] Level 5:colcon.colcon_core.verb:set package 'safety_node' build argument 'catkin_skip_building_tests' from command line to 'False'
[1.027s] DEBUG:colcon.colcon_core.verb:Building package 'safety_node' with the following arguments: {'ament_cmake_args': None, 'build_base': '/home/orin/sim_ws/build/safety_node', 'catkin_cmake_args': None, 'catkin_skip_building_tests': False, 'cmake_args': None, 'cmake_clean_cache': False, 'cmake_clean_first': False, 'cmake_force_configure': False, 'cmake_target': None, 'cmake_target_skip_unavailable': False, 'install_base': '/home/orin/sim_ws/install/safety_node', 'merge_install': False, 'path': '/home/orin/sim_ws/src/safety_node', 'symlink_install': False, 'test_result_base': None}
[1.028s] Level 5:colcon.colcon_core.verb:set package 'wall_follow' build argument 'cmake_args' from command line to 'None'
[1.028s] Level 5:colcon.colcon_core.verb:set package 'wall_follow' build argument 'cmake_target' from command line to 'None'
[1.028s] Level 5:colcon.colcon_core.verb:set package 'wall_follow' build argument 'cmake_target_skip_unavailable' from command line to 'False'
[1.028s] Level 5:colcon.colcon_core.verb:set package 'wall_follow' build argument 'cmake_clean_cache' from command line to 'False'
[1.028s] Level 5:colcon.colcon_core.verb:set package 'wall_follow' build argument 'cmake_clean_first' from command line to 'False'
[1.028s] Level 5:colcon.colcon_core.verb:set package 'wall_follow' build argument 'cmake_force_configure' from command line to 'False'
[1.028s] Level 5:colcon.colcon_core.verb:set package 'wall_follow' build argument 'ament_cmake_args' from command line to 'None'
[1.028s] Level 5:colcon.colcon_core.verb:set package 'wall_follow' build argument 'catkin_cmake_args' from command line to 'None'
[1.028s] Level 5:colcon.colcon_core.verb:set package 'wall_follow' build argument 'catkin_skip_building_tests' from command line to 'False'
[1.028s] DEBUG:colcon.colcon_core.verb:Building package 'wall_follow' with the following arguments: {'ament_cmake_args': None, 'build_base': '/home/orin/sim_ws/build/wall_follow', 'catkin_cmake_args': None, 'catkin_skip_building_tests': False, 'cmake_args': None, 'cmake_clean_cache': False, 'cmake_clean_first': False, 'cmake_force_configure': False, 'cmake_target': None, 'cmake_target_skip_unavailable': False, 'install_base': '/home/orin/sim_ws/install/wall_follow', 'merge_install': False, 'path': '/home/orin/sim_ws/src/wall_follow', 'symlink_install': False, 'test_result_base': None}
[1.029s] INFO:colcon.colcon_core.executor:Executing jobs using 'parallel' executor
[1.031s] DEBUG:colcon.colcon_parallel_executor.executor.parallel:run_until_complete
[1.032s] INFO:colcon.colcon_ros.task.ament_python.build:Building ROS package in '/home/orin/sim_ws/src/f1tenth_gym_ros' with build type 'ament_python'
[1.032s] Level 1:colcon.colcon_core.shell:create_environment_hook('f1tenth_gym_ros', 'ament_prefix_path')
[1.037s] INFO:colcon.colcon_core.plugin_system:Skipping extension 'colcon_core.shell.bat': Not used on non-Windows systems
[1.037s] INFO:colcon.colcon_core.shell:Creating environment hook '/home/orin/sim_ws/install/f1tenth_gym_ros/share/f1tenth_gym_ros/hook/ament_prefix_path.ps1'
[1.039s] INFO:colcon.colcon_core.shell:Creating environment descriptor '/home/orin/sim_ws/install/f1tenth_gym_ros/share/f1tenth_gym_ros/hook/ament_prefix_path.dsv'
[1.040s] INFO:colcon.colcon_core.shell:Creating environment hook '/home/orin/sim_ws/install/f1tenth_gym_ros/share/f1tenth_gym_ros/hook/ament_prefix_path.sh'
[1.042s] INFO:colcon.colcon_core.shell:Skip shell extension 'powershell' for command environment: Not usable outside of PowerShell
[1.042s] DEBUG:colcon.colcon_core.shell:Skip shell extension 'dsv' for command environment
[1.056s] INFO:colcon.colcon_ros.task.ament_cmake.build:Building ROS package in '/home/orin/sim_ws/src/gap_follow' with build type 'ament_cmake'
[1.057s] INFO:colcon.colcon_cmake.task.cmake.build:Building CMake package in '/home/orin/sim_ws/src/gap_follow'
[1.058s] INFO:colcon.colcon_core.shell:Skip shell extension 'powershell' for command environment: Not usable outside of PowerShell
[1.059s] DEBUG:colcon.colcon_core.shell:Skip shell extension 'dsv' for command environment
[1.072s] INFO:colcon.colcon_ros.task.ament_cmake.build:Building ROS package in '/home/orin/sim_ws/src/safety_node' with build type 'ament_cmake'
[1.073s] INFO:colcon.colcon_cmake.task.cmake.build:Building CMake package in '/home/orin/sim_ws/src/safety_node'
[1.074s] INFO:colcon.colcon_core.shell:Skip shell extension 'powershell' for command environment: Not usable outside of PowerShell
[1.074s] DEBUG:colcon.colcon_core.shell:Skip shell extension 'dsv' for command environment
[1.085s] INFO:colcon.colcon_ros.task.ament_cmake.build:Building ROS package in '/home/orin/sim_ws/src/wall_follow' with build type 'ament_cmake'
[1.086s] INFO:colcon.colcon_cmake.task.cmake.build:Building CMake package in '/home/orin/sim_ws/src/wall_follow'
[1.087s] INFO:colcon.colcon_core.shell:Skip shell extension 'powershell' for command environment: Not usable outside of PowerShell
[1.087s] DEBUG:colcon.colcon_core.shell:Skip shell extension 'dsv' for command environment
[1.590s] INFO:colcon.colcon_core.task.python.build:Building Python package in '/home/orin/sim_ws/src/f1tenth_gym_ros'
[1.591s] INFO:colcon.colcon_core.shell:Skip shell extension 'powershell' for command environment: Not usable outside of PowerShell
[1.591s] DEBUG:colcon.colcon_core.shell:Skip shell extension 'dsv' for command environment
[1.611s] DEBUG:colcon.colcon_core.event_handler.log_command:Invoking command in '/home/orin/sim_ws/build/gap_follow': CMAKE_PREFIX_PATH=${CMAKE_PREFIX_PATH}:/home/orin/sim_ws/install/f1tenth_gym_ros:/opt/ros/foxy /usr/bin/cmake --build /home/orin/sim_ws/build/gap_follow -- -j6 -l6
[1.628s] DEBUG:colcon.colcon_core.event_handler.log_command:Invoking command in '/home/orin/sim_ws/build/safety_node': CMAKE_PREFIX_PATH=${CMAKE_PREFIX_PATH}:/home/orin/sim_ws/install/f1tenth_gym_ros:/opt/ros/foxy /usr/bin/cmake --build /home/orin/sim_ws/build/safety_node -- -j6 -l6
[1.643s] DEBUG:colcon.colcon_core.event_handler.log_command:Invoking command in '/home/orin/sim_ws/build/wall_follow': CMAKE_PREFIX_PATH=${CMAKE_PREFIX_PATH}:/home/orin/sim_ws/install/f1tenth_gym_ros:/opt/ros/foxy /usr/bin/cmake --build /home/orin/sim_ws/build/wall_follow -- -j6 -l6
[1.718s] DEBUG:colcon.colcon_core.event_handler.log_command:Invoked command in '/home/orin/sim_ws/build/gap_follow' returned '0': CMAKE_PREFIX_PATH=${CMAKE_PREFIX_PATH}:/home/orin/sim_ws/install/f1tenth_gym_ros:/opt/ros/foxy /usr/bin/cmake --build /home/orin/sim_ws/build/gap_follow -- -j6 -l6
[1.736s] DEBUG:colcon.colcon_core.event_handler.log_command:Invoked command in '/home/orin/sim_ws/build/safety_node' returned '0': CMAKE_PREFIX_PATH=${CMAKE_PREFIX_PATH}:/home/orin/sim_ws/install/f1tenth_gym_ros:/opt/ros/foxy /usr/bin/cmake --build /home/orin/sim_ws/build/safety_node -- -j6 -l6
[1.742s] DEBUG:colcon.colcon_core.event_handler.log_command:Invoked command in '/home/orin/sim_ws/build/wall_follow' returned '0': CMAKE_PREFIX_PATH=${CMAKE_PREFIX_PATH}:/home/orin/sim_ws/install/f1tenth_gym_ros:/opt/ros/foxy /usr/bin/cmake --build /home/orin/sim_ws/build/wall_follow -- -j6 -l6
[1.800s] DEBUG:colcon.colcon_core.event_handler.log_command:Invoking command in '/home/orin/sim_ws/build/gap_follow': CMAKE_PREFIX_PATH=${CMAKE_PREFIX_PATH}:/home/orin/sim_ws/install/f1tenth_gym_ros:/opt/ros/foxy /usr/bin/cmake --install /home/orin/sim_ws/build/gap_follow
[1.810s] DEBUG:colcon.colcon_core.event_handler.log_command:Invoking command in '/home/orin/sim_ws/build/safety_node': CMAKE_PREFIX_PATH=${CMAKE_PREFIX_PATH}:/home/orin/sim_ws/install/f1tenth_gym_ros:/opt/ros/foxy /usr/bin/cmake --install /home/orin/sim_ws/build/safety_node
[1.821s] DEBUG:colcon.colcon_core.event_handler.log_command:Invoking command in '/home/orin/sim_ws/build/wall_follow': CMAKE_PREFIX_PATH=${CMAKE_PREFIX_PATH}:/home/orin/sim_ws/install/f1tenth_gym_ros:/opt/ros/foxy /usr/bin/cmake --install /home/orin/sim_ws/build/wall_follow
[1.907s] Level 1:colcon.colcon_core.environment:create_environment_scripts_only(gap_follow)
[1.909s] DEBUG:colcon.colcon_core.event_handler.log_command:Invoked command in '/home/orin/sim_ws/build/gap_follow' returned '0': CMAKE_PREFIX_PATH=${CMAKE_PREFIX_PATH}:/home/orin/sim_ws/install/f1tenth_gym_ros:/opt/ros/foxy /usr/bin/cmake --install /home/orin/sim_ws/build/gap_follow
[1.915s] Level 1:colcon.colcon_core.environment:checking '/home/orin/sim_ws/install/gap_follow' for CMake module files
[1.917s] Level 1:colcon.colcon_core.environment:checking '/home/orin/sim_ws/install/gap_follow' for CMake config files
[1.920s] Level 1:colcon.colcon_core.shell:create_environment_hook('gap_follow', 'cmake_prefix_path')
[1.921s] INFO:colcon.colcon_core.shell:Creating environment hook '/home/orin/sim_ws/install/gap_follow/share/gap_follow/hook/cmake_prefix_path.ps1'
[1.923s] INFO:colcon.colcon_core.shell:Creating environment descriptor '/home/orin/sim_ws/install/gap_follow/share/gap_follow/hook/cmake_prefix_path.dsv'
[1.924s] INFO:colcon.colcon_core.shell:Creating environment hook '/home/orin/sim_ws/install/gap_follow/share/gap_follow/hook/cmake_prefix_path.sh'
[1.926s] Level 1:colcon.colcon_core.environment:checking '/home/orin/sim_ws/install/gap_follow/lib'
[1.927s] Level 1:colcon.colcon_core.environment:checking '/home/orin/sim_ws/install/gap_follow/bin'
[1.927s] Level 1:colcon.colcon_core.environment:checking '/home/orin/sim_ws/install/gap_follow/lib/pkgconfig/gap_follow.pc'
[1.928s] Level 1:colcon.colcon_core.environment:checking '/home/orin/sim_ws/install/gap_follow/lib/python3.8/site-packages'
[1.928s] Level 1:colcon.colcon_core.shell:create_environment_hook('gap_follow', 'pythonpath')
[1.929s] INFO:colcon.colcon_core.shell:Creating environment hook '/home/orin/sim_ws/install/gap_follow/share/gap_follow/hook/pythonpath.ps1'
[1.930s] INFO:colcon.colcon_core.shell:Creating environment descriptor '/home/orin/sim_ws/install/gap_follow/share/gap_follow/hook/pythonpath.dsv'
[1.932s] INFO:colcon.colcon_core.shell:Creating environment hook '/home/orin/sim_ws/install/gap_follow/share/gap_follow/hook/pythonpath.sh'
[1.933s] Level 1:colcon.colcon_core.environment:checking '/home/orin/sim_ws/install/gap_follow/bin'
[1.934s] INFO:colcon.colcon_core.shell:Creating package script '/home/orin/sim_ws/install/gap_follow/share/gap_follow/package.ps1'
[1.937s] INFO:colcon.colcon_core.shell:Creating package descriptor '/home/orin/sim_ws/install/gap_follow/share/gap_follow/package.dsv'
[1.938s] INFO:colcon.colcon_core.shell:Creating package script '/home/orin/sim_ws/install/gap_follow/share/gap_follow/package.sh'
[1.940s] INFO:colcon.colcon_core.shell:Creating package script '/home/orin/sim_ws/install/gap_follow/share/gap_follow/package.bash'
[1.942s] INFO:colcon.colcon_core.shell:Creating package script '/home/orin/sim_ws/install/gap_follow/share/gap_follow/package.zsh'
[1.943s] Level 1:colcon.colcon_core.environment:create_file_with_runtime_dependencies(/home/orin/sim_ws/install/gap_follow/share/colcon-core/packages/gap_follow)
[1.954s] Level 1:colcon.colcon_core.environment:create_environment_scripts_only(safety_node)
[1.955s] Level 1:colcon.colcon_core.environment:checking '/home/orin/sim_ws/install/safety_node' for CMake module files
[1.956s] DEBUG:colcon.colcon_core.event_handler.log_command:Invoked command in '/home/orin/sim_ws/build/safety_node' returned '0': CMAKE_PREFIX_PATH=${CMAKE_PREFIX_PATH}:/home/orin/sim_ws/install/f1tenth_gym_ros:/opt/ros/foxy /usr/bin/cmake --install /home/orin/sim_ws/build/safety_node
[1.957s] Level 1:colcon.colcon_core.environment:checking '/home/orin/sim_ws/install/safety_node' for CMake config files
[1.957s] Level 1:colcon.colcon_core.shell:create_environment_hook('safety_node', 'cmake_prefix_path')
[1.958s] INFO:colcon.colcon_core.shell:Creating environment hook '/home/orin/sim_ws/install/safety_node/share/safety_node/hook/cmake_prefix_path.ps1'
[1.959s] INFO:colcon.colcon_core.shell:Creating environment descriptor '/home/orin/sim_ws/install/safety_node/share/safety_node/hook/cmake_prefix_path.dsv'
[1.960s] INFO:colcon.colcon_core.shell:Creating environment hook '/home/orin/sim_ws/install/safety_node/share/safety_node/hook/cmake_prefix_path.sh'
[1.961s] Level 1:colcon.colcon_core.environment:checking '/home/orin/sim_ws/install/safety_node/lib'
[1.962s] Level 1:colcon.colcon_core.environment:checking '/home/orin/sim_ws/install/safety_node/bin'
[1.962s] Level 1:colcon.colcon_core.environment:checking '/home/orin/sim_ws/install/safety_node/lib/pkgconfig/safety_node.pc'
[1.962s] Level 1:colcon.colcon_core.environment:checking '/home/orin/sim_ws/install/safety_node/lib/python3.8/site-packages'
[1.962s] Level 1:colcon.colcon_core.shell:create_environment_hook('safety_node', 'pythonpath')
[1.963s] INFO:colcon.colcon_core.shell:Creating environment hook '/home/orin/sim_ws/install/safety_node/share/safety_node/hook/pythonpath.ps1'
[1.964s] INFO:colcon.colcon_core.shell:Creating environment descriptor '/home/orin/sim_ws/install/safety_node/share/safety_node/hook/pythonpath.dsv'
[1.965s] INFO:colcon.colcon_core.shell:Creating environment hook '/home/orin/sim_ws/install/safety_node/share/safety_node/hook/pythonpath.sh'
[1.966s] Level 1:colcon.colcon_core.environment:checking '/home/orin/sim_ws/install/safety_node/bin'
[1.967s] INFO:colcon.colcon_core.shell:Creating package script '/home/orin/sim_ws/install/safety_node/share/safety_node/package.ps1'
[1.968s] INFO:colcon.colcon_core.shell:Creating package descriptor '/home/orin/sim_ws/install/safety_node/share/safety_node/package.dsv'
[1.969s] INFO:colcon.colcon_core.shell:Creating package script '/home/orin/sim_ws/install/safety_node/share/safety_node/package.sh'
[1.970s] INFO:colcon.colcon_core.shell:Creating package script '/home/orin/sim_ws/install/safety_node/share/safety_node/package.bash'
[1.971s] INFO:colcon.colcon_core.shell:Creating package script '/home/orin/sim_ws/install/safety_node/share/safety_node/package.zsh'
[1.972s] Level 1:colcon.colcon_core.environment:create_file_with_runtime_dependencies(/home/orin/sim_ws/install/safety_node/share/colcon-core/packages/safety_node)
[1.980s] Level 1:colcon.colcon_core.environment:create_environment_scripts_only(wall_follow)
[1.982s] DEBUG:colcon.colcon_core.event_handler.log_command:Invoked command in '/home/orin/sim_ws/build/wall_follow' returned '0': CMAKE_PREFIX_PATH=${CMAKE_PREFIX_PATH}:/home/orin/sim_ws/install/f1tenth_gym_ros:/opt/ros/foxy /usr/bin/cmake --install /home/orin/sim_ws/build/wall_follow
[1.983s] Level 1:colcon.colcon_core.environment:checking '/home/orin/sim_ws/install/wall_follow' for CMake module files
[1.985s] Level 1:colcon.colcon_core.environment:checking '/home/orin/sim_ws/install/wall_follow' for CMake config files
[1.986s] Level 1:colcon.colcon_core.shell:create_environment_hook('wall_follow', 'cmake_prefix_path')
[1.986s] INFO:colcon.colcon_core.shell:Creating environment hook '/home/orin/sim_ws/install/wall_follow/share/wall_follow/hook/cmake_prefix_path.ps1'
[1.989s] INFO:colcon.colcon_core.shell:Creating environment descriptor '/home/orin/sim_ws/install/wall_follow/share/wall_follow/hook/cmake_prefix_path.dsv'
[1.990s] INFO:colcon.colcon_core.shell:Creating environment hook '/home/orin/sim_ws/install/wall_follow/share/wall_follow/hook/cmake_prefix_path.sh'
[1.991s] Level 1:colcon.colcon_core.environment:checking '/home/orin/sim_ws/install/wall_follow/lib'
[1.991s] Level 1:colcon.colcon_core.environment:checking '/home/orin/sim_ws/install/wall_follow/bin'
[1.992s] Level 1:colcon.colcon_core.environment:checking '/home/orin/sim_ws/install/wall_follow/lib/pkgconfig/wall_follow.pc'
[1.992s] Level 1:colcon.colcon_core.environment:checking '/home/orin/sim_ws/install/wall_follow/lib/python3.8/site-packages'
[1.992s] Level 1:colcon.colcon_core.shell:create_environment_hook('wall_follow', 'pythonpath')
[1.993s] INFO:colcon.colcon_core.shell:Creating environment hook '/home/orin/sim_ws/install/wall_follow/share/wall_follow/hook/pythonpath.ps1'
[1.994s] INFO:colcon.colcon_core.shell:Creating environment descriptor '/home/orin/sim_ws/install/wall_follow/share/wall_follow/hook/pythonpath.dsv'
[1.995s] INFO:colcon.colcon_core.shell:Creating environment hook '/home/orin/sim_ws/install/wall_follow/share/wall_follow/hook/pythonpath.sh'
[1.996s] Level 1:colcon.colcon_core.environment:checking '/home/orin/sim_ws/install/wall_follow/bin'
[1.997s] INFO:colcon.colcon_core.shell:Creating package script '/home/orin/sim_ws/install/wall_follow/share/wall_follow/package.ps1'
[1.998s] INFO:colcon.colcon_core.shell:Creating package descriptor '/home/orin/sim_ws/install/wall_follow/share/wall_follow/package.dsv'
[1.999s] INFO:colcon.colcon_core.shell:Creating package script '/home/orin/sim_ws/install/wall_follow/share/wall_follow/package.sh'
[2.000s] INFO:colcon.colcon_core.shell:Creating package script '/home/orin/sim_ws/install/wall_follow/share/wall_follow/package.bash'
[2.001s] INFO:colcon.colcon_core.shell:Creating package script '/home/orin/sim_ws/install/wall_follow/share/wall_follow/package.zsh'
[2.002s] Level 1:colcon.colcon_core.environment:create_file_with_runtime_dependencies(/home/orin/sim_ws/install/wall_follow/share/colcon-core/packages/wall_follow)
[2.013s] Level 1:colcon.colcon_core.environment:create_environment_scripts_only(gap_follow)
[2.014s] Level 1:colcon.colcon_core.environment:checking '/home/orin/sim_ws/install/gap_follow' for CMake module files
[2.015s] Level 1:colcon.colcon_core.environment:checking '/home/orin/sim_ws/install/gap_follow' for CMake config files
[2.016s] Level 1:colcon.colcon_core.shell:create_environment_hook('gap_follow', 'cmake_prefix_path')
[2.016s] INFO:colcon.colcon_core.shell:Creating environment hook '/home/orin/sim_ws/install/gap_follow/share/gap_follow/hook/cmake_prefix_path.ps1'
[2.018s] INFO:colcon.colcon_core.shell:Creating environment descriptor '/home/orin/sim_ws/install/gap_follow/share/gap_follow/hook/cmake_prefix_path.dsv'
[2.019s] INFO:colcon.colcon_core.shell:Creating environment hook '/home/orin/sim_ws/install/gap_follow/share/gap_follow/hook/cmake_prefix_path.sh'
[2.020s] Level 1:colcon.colcon_core.environment:checking '/home/orin/sim_ws/install/gap_follow/lib'
[2.020s] Level 1:colcon.colcon_core.environment:checking '/home/orin/sim_ws/install/gap_follow/bin'
[2.021s] Level 1:colcon.colcon_core.environment:checking '/home/orin/sim_ws/install/gap_follow/lib/pkgconfig/gap_follow.pc'
[2.021s] Level 1:colcon.colcon_core.environment:checking '/home/orin/sim_ws/install/gap_follow/lib/python3.8/site-packages'
[2.021s] Level 1:colcon.colcon_core.shell:create_environment_hook('gap_follow', 'pythonpath')
[2.022s] INFO:colcon.colcon_core.shell:Creating environment hook '/home/orin/sim_ws/install/gap_follow/share/gap_follow/hook/pythonpath.ps1'
[2.023s] INFO:colcon.colcon_core.shell:Creating environment descriptor '/home/orin/sim_ws/install/gap_follow/share/gap_follow/hook/pythonpath.dsv'
[2.023s] INFO:colcon.colcon_core.shell:Creating environment hook '/home/orin/sim_ws/install/gap_follow/share/gap_follow/hook/pythonpath.sh'
[2.024s] Level 1:colcon.colcon_core.environment:checking '/home/orin/sim_ws/install/gap_follow/bin'
[2.025s] INFO:colcon.colcon_core.shell:Creating package script '/home/orin/sim_ws/install/gap_follow/share/gap_follow/package.ps1'
[2.027s] INFO:colcon.colcon_core.shell:Creating package descriptor '/home/orin/sim_ws/install/gap_follow/share/gap_follow/package.dsv'
[2.028s] INFO:colcon.colcon_core.shell:Creating package script '/home/orin/sim_ws/install/gap_follow/share/gap_follow/package.sh'
[2.029s] INFO:colcon.colcon_core.shell:Creating package script '/home/orin/sim_ws/install/gap_follow/share/gap_follow/package.bash'
[2.030s] INFO:colcon.colcon_core.shell:Creating package script '/home/orin/sim_ws/install/gap_follow/share/gap_follow/package.zsh'
[2.031s] Level 1:colcon.colcon_core.environment:create_file_with_runtime_dependencies(/home/orin/sim_ws/install/gap_follow/share/colcon-core/packages/gap_follow)
[2.035s] Level 1:colcon.colcon_core.environment:create_environment_scripts_only(safety_node)
[2.035s] Level 1:colcon.colcon_core.environment:checking '/home/orin/sim_ws/install/safety_node' for CMake module files
[2.036s] Level 1:colcon.colcon_core.environment:checking '/home/orin/sim_ws/install/safety_node' for CMake config files
[2.037s] Level 1:colcon.colcon_core.shell:create_environment_hook('safety_node', 'cmake_prefix_path')
[2.037s] INFO:colcon.colcon_core.shell:Creating environment hook '/home/orin/sim_ws/install/safety_node/share/safety_node/hook/cmake_prefix_path.ps1'
[2.038s] INFO:colcon.colcon_core.shell:Creating environment descriptor '/home/orin/sim_ws/install/safety_node/share/safety_node/hook/cmake_prefix_path.dsv'
[2.040s] INFO:colcon.colcon_core.shell:Creating environment hook '/home/orin/sim_ws/install/safety_node/share/safety_node/hook/cmake_prefix_path.sh'
[2.041s] Level 1:colcon.colcon_core.environment:checking '/home/orin/sim_ws/install/safety_node/lib'
[2.042s] Level 1:colcon.colcon_core.environment:checking '/home/orin/sim_ws/install/safety_node/bin'
[2.042s] Level 1:colcon.colcon_core.environment:checking '/home/orin/sim_ws/install/safety_node/lib/pkgconfig/safety_node.pc'
[2.042s] Level 1:colcon.colcon_core.environment:checking '/home/orin/sim_ws/install/safety_node/lib/python3.8/site-packages'
[2.042s] Level 1:colcon.colcon_core.shell:create_environment_hook('safety_node', 'pythonpath')
[2.043s] INFO:colcon.colcon_core.shell:Creating environment hook '/home/orin/sim_ws/install/safety_node/share/safety_node/hook/pythonpath.ps1'
[2.044s] INFO:colcon.colcon_core.shell:Creating environment descriptor '/home/orin/sim_ws/install/safety_node/share/safety_node/hook/pythonpath.dsv'
[2.044s] INFO:colcon.colcon_core.shell:Creating environment hook '/home/orin/sim_ws/install/safety_node/share/safety_node/hook/pythonpath.sh'
[2.046s] Level 1:colcon.colcon_core.environment:checking '/home/orin/sim_ws/install/safety_node/bin'
[2.046s] INFO:colcon.colcon_core.shell:Creating package script '/home/orin/sim_ws/install/safety_node/share/safety_node/package.ps1'
[2.048s] INFO:colcon.colcon_core.shell:Creating package descriptor '/home/orin/sim_ws/install/safety_node/share/safety_node/package.dsv'
[2.049s] INFO:colcon.colcon_core.shell:Creating package script '/home/orin/sim_ws/install/safety_node/share/safety_node/package.sh'
[2.050s] INFO:colcon.colcon_core.shell:Creating package script '/home/orin/sim_ws/install/safety_node/share/safety_node/package.bash'
[2.051s] INFO:colcon.colcon_core.shell:Creating package script '/home/orin/sim_ws/install/safety_node/share/safety_node/package.zsh'
[2.052s] Level 1:colcon.colcon_core.environment:create_file_with_runtime_dependencies(/home/orin/sim_ws/install/safety_node/share/colcon-core/packages/safety_node)
[2.057s] Level 1:colcon.colcon_core.environment:create_environment_scripts_only(wall_follow)
[2.058s] Level 1:colcon.colcon_core.environment:checking '/home/orin/sim_ws/install/wall_follow' for CMake module files
[2.059s] Level 1:colcon.colcon_core.environment:checking '/home/orin/sim_ws/install/wall_follow' for CMake config files
[2.060s] Level 1:colcon.colcon_core.shell:create_environment_hook('wall_follow', 'cmake_prefix_path')
[2.060s] INFO:colcon.colcon_core.shell:Creating environment hook '/home/orin/sim_ws/install/wall_follow/share/wall_follow/hook/cmake_prefix_path.ps1'
[2.062s] INFO:colcon.colcon_core.shell:Creating environment descriptor '/home/orin/sim_ws/install/wall_follow/share/wall_follow/hook/cmake_prefix_path.dsv'
[2.063s] INFO:colcon.colcon_core.shell:Creating environment hook '/home/orin/sim_ws/install/wall_follow/share/wall_follow/hook/cmake_prefix_path.sh'
[2.064s] Level 1:colcon.colcon_core.environment:checking '/home/orin/sim_ws/install/wall_follow/lib'
[2.065s] Level 1:colcon.colcon_core.environment:checking '/home/orin/sim_ws/install/wall_follow/bin'
[2.065s] Level 1:colcon.colcon_core.environment:checking '/home/orin/sim_ws/install/wall_follow/lib/pkgconfig/wall_follow.pc'
[2.065s] Level 1:colcon.colcon_core.environment:checking '/home/orin/sim_ws/install/wall_follow/lib/python3.8/site-packages'
[2.065s] Level 1:colcon.colcon_core.shell:create_environment_hook('wall_follow', 'pythonpath')
[2.066s] INFO:colcon.colcon_core.shell:Creating environment hook '/home/orin/sim_ws/install/wall_follow/share/wall_follow/hook/pythonpath.ps1'
[2.067s] INFO:colcon.colcon_core.shell:Creating environment descriptor '/home/orin/sim_ws/install/wall_follow/share/wall_follow/hook/pythonpath.dsv'
[2.068s] INFO:colcon.colcon_core.shell:Creating environment hook '/home/orin/sim_ws/install/wall_follow/share/wall_follow/hook/pythonpath.sh'
[2.069s] Level 1:colcon.colcon_core.environment:checking '/home/orin/sim_ws/install/wall_follow/bin'
[2.070s] INFO:colcon.colcon_core.shell:Creating package script '/home/orin/sim_ws/install/wall_follow/share/wall_follow/package.ps1'
[2.071s] INFO:colcon.colcon_core.shell:Creating package descriptor '/home/orin/sim_ws/install/wall_follow/share/wall_follow/package.dsv'
[2.072s] INFO:colcon.colcon_core.shell:Creating package script '/home/orin/sim_ws/install/wall_follow/share/wall_follow/package.sh'
[2.073s] INFO:colcon.colcon_core.shell:Creating package script '/home/orin/sim_ws/install/wall_follow/share/wall_follow/package.bash'
[2.074s] INFO:colcon.colcon_core.shell:Creating package script '/home/orin/sim_ws/install/wall_follow/share/wall_follow/package.zsh'
[2.075s] Level 1:colcon.colcon_core.environment:create_file_with_runtime_dependencies(/home/orin/sim_ws/install/wall_follow/share/colcon-core/packages/wall_follow)
[2.552s] DEBUG:colcon.colcon_core.event_handler.log_command:Invoking command in '/home/orin/sim_ws/src/f1tenth_gym_ros': PYTHONPATH=/home/orin/sim_ws/build/f1tenth_gym_ros/prefix_override:/usr/lib/python3/dist-packages/colcon_core/task/python/colcon_distutils_commands:/home/orin/sim_ws/install/f1tenth_gym_ros/lib/python3.8/site-packages:${PYTHONPATH} /usr/bin/python3 -W ignore:setup.py install is deprecated -W ignore:easy_install command is deprecated setup.py egg_info --egg-base ../../build/f1tenth_gym_ros build --build-base /home/orin/sim_ws/build/f1tenth_gym_ros/build install --record /home/orin/sim_ws/build/f1tenth_gym_ros/install.log --single-version-externally-managed install_data
[3.178s] Level 1:colcon.colcon_core.environment:checking '/home/orin/sim_ws/install/f1tenth_gym_ros' for CMake module files
[3.181s] DEBUG:colcon.colcon_core.event_handler.log_command:Invoked command in '/home/orin/sim_ws/src/f1tenth_gym_ros' returned '0': PYTHONPATH=/home/orin/sim_ws/build/f1tenth_gym_ros/prefix_override:/usr/lib/python3/dist-packages/colcon_core/task/python/colcon_distutils_commands:/home/orin/sim_ws/install/f1tenth_gym_ros/lib/python3.8/site-packages:${PYTHONPATH} /usr/bin/python3 -W ignore:setup.py install is deprecated -W ignore:easy_install command is deprecated setup.py egg_info --egg-base ../../build/f1tenth_gym_ros build --build-base /home/orin/sim_ws/build/f1tenth_gym_ros/build install --record /home/orin/sim_ws/build/f1tenth_gym_ros/install.log --single-version-externally-managed install_data
[3.181s] Level 1:colcon.colcon_core.environment:checking '/home/orin/sim_ws/install/f1tenth_gym_ros' for CMake config files
[3.183s] Level 1:colcon.colcon_core.environment:checking '/home/orin/sim_ws/install/f1tenth_gym_ros/lib'
[3.183s] Level 1:colcon.colcon_core.environment:checking '/home/orin/sim_ws/install/f1tenth_gym_ros/bin'
[3.184s] Level 1:colcon.colcon_core.environment:checking '/home/orin/sim_ws/install/f1tenth_gym_ros/lib/pkgconfig/f1tenth_gym_ros.pc'
[3.184s] Level 1:colcon.colcon_core.environment:checking '/home/orin/sim_ws/install/f1tenth_gym_ros/lib/python3.8/site-packages'
[3.184s] Level 1:colcon.colcon_core.shell:create_environment_hook('f1tenth_gym_ros', 'pythonpath')
[3.185s] INFO:colcon.colcon_core.shell:Creating environment hook '/home/orin/sim_ws/install/f1tenth_gym_ros/share/f1tenth_gym_ros/hook/pythonpath.ps1'
[3.187s] INFO:colcon.colcon_core.shell:Creating environment descriptor '/home/orin/sim_ws/install/f1tenth_gym_ros/share/f1tenth_gym_ros/hook/pythonpath.dsv'
[3.187s] INFO:colcon.colcon_core.shell:Creating environment hook '/home/orin/sim_ws/install/f1tenth_gym_ros/share/f1tenth_gym_ros/hook/pythonpath.sh'
[3.189s] Level 1:colcon.colcon_core.environment:checking '/home/orin/sim_ws/install/f1tenth_gym_ros/bin'
[3.189s] Level 1:colcon.colcon_core.environment:create_environment_scripts_only(f1tenth_gym_ros)
[3.190s] INFO:colcon.colcon_core.shell:Creating package script '/home/orin/sim_ws/install/f1tenth_gym_ros/share/f1tenth_gym_ros/package.ps1'
[3.191s] INFO:colcon.colcon_core.shell:Creating package descriptor '/home/orin/sim_ws/install/f1tenth_gym_ros/share/f1tenth_gym_ros/package.dsv'
[3.192s] INFO:colcon.colcon_core.shell:Creating package script '/home/orin/sim_ws/install/f1tenth_gym_ros/share/f1tenth_gym_ros/package.sh'
[3.193s] INFO:colcon.colcon_core.shell:Creating package script '/home/orin/sim_ws/install/f1tenth_gym_ros/share/f1tenth_gym_ros/package.bash'
[3.194s] INFO:colcon.colcon_core.shell:Creating package script '/home/orin/sim_ws/install/f1tenth_gym_ros/share/f1tenth_gym_ros/package.zsh'
[3.195s] Level 1:colcon.colcon_core.environment:create_file_with_runtime_dependencies(/home/orin/sim_ws/install/f1tenth_gym_ros/share/colcon-core/packages/f1tenth_gym_ros)
[3.196s] DEBUG:colcon.colcon_parallel_executor.executor.parallel:closing loop
[3.196s] DEBUG:colcon.colcon_parallel_executor.executor.parallel:loop closed
[3.197s] DEBUG:colcon.colcon_parallel_executor.executor.parallel:run_until_complete finished with '0'
[3.197s] DEBUG:colcon.colcon_core.event_reactor:joining thread
[3.210s] INFO:colcon.colcon_core.plugin_system:Skipping extension 'colcon_notification.desktop_notification.terminal_notifier': Not used on non-Darwin systems
[3.211s] INFO:colcon.colcon_core.plugin_system:Skipping extension 'colcon_notification.desktop_notification.win32': Not used on non-Windows systems
[3.211s] INFO:colcon.colcon_notification.desktop_notification:Sending desktop notification using 'notify2'
[3.253s] DEBUG:colcon.colcon_core.event_reactor:joined thread
[3.255s] INFO:colcon.colcon_core.shell:Creating prefix script '/home/orin/sim_ws/install/local_setup.ps1'
[3.259s] INFO:colcon.colcon_core.shell:Creating prefix util module '/home/orin/sim_ws/install/_local_setup_util_ps1.py'
[3.261s] INFO:colcon.colcon_core.shell:Creating prefix chain script '/home/orin/sim_ws/install/setup.ps1'
[3.265s] INFO:colcon.colcon_core.shell:Creating prefix script '/home/orin/sim_ws/install/local_setup.sh'
[3.266s] INFO:colcon.colcon_core.shell:Creating prefix util module '/home/orin/sim_ws/install/_local_setup_util_sh.py'
[3.267s] INFO:colcon.colcon_core.shell:Creating prefix chain script '/home/orin/sim_ws/install/setup.sh'
[3.270s] INFO:colcon.colcon_core.shell:Creating prefix script '/home/orin/sim_ws/install/local_setup.bash'
[3.271s] INFO:colcon.colcon_core.shell:Creating prefix chain script '/home/orin/sim_ws/install/setup.bash'
[3.274s] INFO:colcon.colcon_core.shell:Creating prefix script '/home/orin/sim_ws/install/local_setup.zsh'
[3.275s] INFO:colcon.colcon_core.shell:Creating prefix chain script '/home/orin/sim_ws/install/setup.zsh'
