[0.503s] Invoking command in '/home/orin/sim_ws/build/safety_node': CMAKE_PREFIX_PATH=/home/orin/sim_ws/install/f1tenth_gym_ros:/opt/ros/foxy /usr/bin/cmake /home/orin/sim_ws/src/safety_node -DCMAKE_INSTALL_PREFIX=/home/orin/sim_ws/install/safety_node
[0.538s] -- Found ament_cmake: 0.9.12 (/opt/ros/foxy/share/ament_cmake/cmake)
[0.582s] -- Using PYTHON_EXECUTABLE: /usr/bin/python3
[0.976s] -- Found rclcpp: 2.4.3 (/opt/ros/foxy/share/rclcpp/cmake)
[1.039s] -- Using all available rosidl_typesupport_c: rosidl_typesupport_fastrtps_c;rosidl_typesupport_introspection_c
[1.045s] -- Found rosidl_adapter: 1.3.1 (/opt/ros/foxy/share/rosidl_adapter/cmake)
[1.286s] -- Using all available rosidl_typesupport_cpp: rosidl_typesupport_fastrtps_cpp;rosidl_typesupport_introspection_cpp
[1.382s] -- Found rmw_implementation_cmake: 1.0.4 (/opt/ros/foxy/share/rmw_implementation_cmake/cmake)
[1.384s] -- Using RMW implementation 'rmw_fastrtps_cpp' as default
[1.647s] -- Found rclpy: 1.0.13 (/opt/ros/foxy/share/rclpy/cmake)
[1.647s] -- Found nav_msgs: 2.0.5 (/opt/ros/foxy/share/nav_msgs/cmake)
[1.852s] -- Found ackermann_msgs: 2.0.2 (/opt/ros/foxy/share/ackermann_msgs/cmake)
[1.912s] -- Found sensor_msgs: 2.0.5 (/opt/ros/foxy/share/sensor_msgs/cmake)
[2.040s] CMake Error at CMakeLists.txt:38 (install):
[2.041s]   install TARGETS given target "safety_node" which does not exist.
[2.041s] 
[2.041s] 
[2.042s] -- Found ament_lint_auto: 0.9.8 (/opt/ros/foxy/share/ament_lint_auto/cmake)
[2.178s] -- Added test 'copyright' to check source files copyright and LICENSE
[2.180s] -- Added test 'flake8' to check Python code syntax and style conventions
[2.180s] -- Added test 'lint_cmake' to check CMake code style
[2.181s] -- Added test 'pep257' to check Python code against some of the style conventions in PEP 257
[2.182s] -- Added test 'xmllint' to check XML markup files
[2.189s] -- Configuring incomplete, errors occurred!
[2.189s] See also "/home/orin/sim_ws/build/safety_node/CMakeFiles/CMakeOutput.log".
[2.189s] See also "/home/orin/sim_ws/build/safety_node/CMakeFiles/CMakeError.log".
[2.208s] Invoked command in '/home/orin/sim_ws/build/safety_node' returned '1': CMAKE_PREFIX_PATH=/home/orin/sim_ws/install/f1tenth_gym_ros:/opt/ros/foxy /usr/bin/cmake /home/orin/sim_ws/src/safety_node -DCMAKE_INSTALL_PREFIX=/home/orin/sim_ws/install/safety_node
