[0.607s] Invoking command in '/home/orin/sim_ws/build/wall_follow': CMAKE_PREFIX_PATH=${CMAKE_PREFIX_PATH}:/home/orin/sim_ws/install/f1tenth_gym_ros:/opt/ros/foxy /usr/bin/cmake /home/orin/sim_ws/src/wall_follow -DCMAKE_INSTALL_PREFIX=/home/orin/sim_ws/install/wall_follow
[0.739s] -- The C compiler identification is GNU 9.4.0
[0.855s] -- The CXX compiler identification is GNU 9.4.0
[0.869s] -- Check for working C compiler: /usr/bin/cc
[1.021s] -- Check for working C compiler: /usr/bin/cc -- works
[1.021s] -- Detecting C compiler ABI info
[1.204s] -- Detecting C compiler ABI info - done
[1.223s] -- Detecting C compile features
[1.224s] -- Detecting C compile features - done
[1.229s] -- Check for working CXX compiler: /usr/bin/c++
[1.421s] -- Check for working CXX compiler: /usr/bin/c++ -- works
[1.423s] -- Detecting CXX compiler ABI info
[1.607s] -- Detecting CXX compiler ABI info - done
[1.637s] -- Detecting CXX compile features
[1.642s] -- Detecting CXX compile features - done
[1.647s] -- Found ament_cmake: 0.9.12 (/opt/ros/foxy/share/ament_cmake/cmake)
[1.711s] -- Found PythonInterp: /usr/bin/python3 (found suitable version "3.8.10", minimum required is "3") 
[1.712s] -- Using PYTHON_EXECUTABLE: /usr/bin/python3
[2.218s] -- Found rclcpp: 2.4.3 (/opt/ros/foxy/share/rclcpp/cmake)
[2.320s] -- Using all available rosidl_typesupport_c: rosidl_typesupport_fastrtps_c;rosidl_typesupport_introspection_c
[2.337s] -- Found rosidl_adapter: 1.3.1 (/opt/ros/foxy/share/rosidl_adapter/cmake)
[2.541s] -- Found OpenSSL: /usr/lib/aarch64-linux-gnu/libcrypto.so (found version "1.1.1f")  
[2.614s] -- Found FastRTPS: /opt/ros/foxy/include  
[2.778s] -- Using all available rosidl_typesupport_cpp: rosidl_typesupport_fastrtps_cpp;rosidl_typesupport_introspection_cpp
[2.890s] -- Found rmw_implementation_cmake: 1.0.4 (/opt/ros/foxy/share/rmw_implementation_cmake/cmake)
[2.892s] -- Using RMW implementation 'rmw_fastrtps_cpp' as default
[2.894s] -- Looking for pthread.h
[3.068s] -- Looking for pthread.h - found
[3.068s] -- Performing Test CMAKE_HAVE_LIBC_PTHREAD
[3.229s] -- Performing Test CMAKE_HAVE_LIBC_PTHREAD - Failed
[3.229s] -- Looking for pthread_create in pthreads
[3.359s] -- Looking for pthread_create in pthreads - not found
[3.359s] -- Looking for pthread_create in pthread
[3.510s] -- Looking for pthread_create in pthread - found
[3.513s] -- Found Threads: TRUE  
[3.807s] -- Found rclpy: 1.0.13 (/opt/ros/foxy/share/rclpy/cmake)
[3.810s] -- Found geometry_msgs: 2.0.5 (/opt/ros/foxy/share/geometry_msgs/cmake)
[3.873s] -- Found nav_msgs: 2.0.5 (/opt/ros/foxy/share/nav_msgs/cmake)
[4.004s] -- Found ackermann_msgs: 2.0.2 (/opt/ros/foxy/share/ackermann_msgs/cmake)
[4.067s] -- Found sensor_msgs: 2.0.5 (/opt/ros/foxy/share/sensor_msgs/cmake)
[4.265s] -- Found ament_lint_auto: 0.9.8 (/opt/ros/foxy/share/ament_lint_auto/cmake)
[4.443s] -- Added test 'copyright' to check source files copyright and LICENSE
[4.448s] -- Added test 'flake8' to check Python code syntax and style conventions
[4.448s] -- Added test 'lint_cmake' to check CMake code style
[4.449s] -- Added test 'pep257' to check Python code against some of the style conventions in PEP 257
[4.451s] -- Added test 'xmllint' to check XML markup files
[4.459s] -- Configuring done
[4.464s] -- Generating done
[4.467s] -- Build files have been written to: /home/orin/sim_ws/build/wall_follow
[4.497s] Invoked command in '/home/orin/sim_ws/build/wall_follow' returned '0': CMAKE_PREFIX_PATH=${CMAKE_PREFIX_PATH}:/home/orin/sim_ws/install/f1tenth_gym_ros:/opt/ros/foxy /usr/bin/cmake /home/orin/sim_ws/src/wall_follow -DCMAKE_INSTALL_PREFIX=/home/orin/sim_ws/install/wall_follow
[4.503s] Invoking command in '/home/orin/sim_ws/build/wall_follow': CMAKE_PREFIX_PATH=${CMAKE_PREFIX_PATH}:/home/orin/sim_ws/install/f1tenth_gym_ros:/opt/ros/foxy /usr/bin/cmake --build /home/orin/sim_ws/build/wall_follow -- -j6 -l6
[4.600s] Invoked command in '/home/orin/sim_ws/build/wall_follow' returned '0': CMAKE_PREFIX_PATH=${CMAKE_PREFIX_PATH}:/home/orin/sim_ws/install/f1tenth_gym_ros:/opt/ros/foxy /usr/bin/cmake --build /home/orin/sim_ws/build/wall_follow -- -j6 -l6
[4.664s] Invoking command in '/home/orin/sim_ws/build/wall_follow': CMAKE_PREFIX_PATH=${CMAKE_PREFIX_PATH}:/home/orin/sim_ws/install/f1tenth_gym_ros:/opt/ros/foxy /usr/bin/cmake --install /home/orin/sim_ws/build/wall_follow
[4.687s] -- Install configuration: ""
[4.688s] -- Installing: /home/orin/sim_ws/install/wall_follow/share/wall_follow/environment/pythonpath.sh
[4.688s] -- Installing: /home/orin/sim_ws/install/wall_follow/share/wall_follow/environment/pythonpath.dsv
[4.688s] -- Installing: /home/orin/sim_ws/install/wall_follow/lib/python3.8/site-packages/wall_follow
[4.688s] -- Installing: /home/orin/sim_ws/install/wall_follow/lib/python3.8/site-packages/wall_follow/__init__.py
[4.757s] Listing '/home/orin/sim_ws/install/wall_follow/lib/python3.8/site-packages/wall_follow'...
[4.758s] Compiling '/home/orin/sim_ws/install/wall_follow/lib/python3.8/site-packages/wall_follow/__init__.py'...
[4.773s] -- Installing: /home/orin/sim_ws/install/wall_follow/lib/wall_follow/wall_follow_node.py
[4.773s] -- Installing: /home/orin/sim_ws/install/wall_follow/share/ament_index/resource_index/package_run_dependencies/wall_follow
[4.773s] -- Installing: /home/orin/sim_ws/install/wall_follow/share/ament_index/resource_index/parent_prefix_path/wall_follow
[4.774s] -- Installing: /home/orin/sim_ws/install/wall_follow/share/wall_follow/environment/ament_prefix_path.sh
[4.774s] -- Installing: /home/orin/sim_ws/install/wall_follow/share/wall_follow/environment/ament_prefix_path.dsv
[4.774s] -- Installing: /home/orin/sim_ws/install/wall_follow/share/wall_follow/environment/path.sh
[4.775s] -- Installing: /home/orin/sim_ws/install/wall_follow/share/wall_follow/environment/path.dsv
[4.775s] -- Installing: /home/orin/sim_ws/install/wall_follow/share/wall_follow/local_setup.bash
[4.775s] -- Installing: /home/orin/sim_ws/install/wall_follow/share/wall_follow/local_setup.sh
[4.775s] -- Installing: /home/orin/sim_ws/install/wall_follow/share/wall_follow/local_setup.zsh
[4.776s] -- Installing: /home/orin/sim_ws/install/wall_follow/share/wall_follow/local_setup.dsv
[4.776s] -- Installing: /home/orin/sim_ws/install/wall_follow/share/wall_follow/package.dsv
[4.776s] -- Installing: /home/orin/sim_ws/install/wall_follow/share/ament_index/resource_index/packages/wall_follow
[4.777s] -- Installing: /home/orin/sim_ws/install/wall_follow/share/wall_follow/cmake/wall_followConfig.cmake
[4.777s] -- Installing: /home/orin/sim_ws/install/wall_follow/share/wall_follow/cmake/wall_followConfig-version.cmake
[4.777s] -- Installing: /home/orin/sim_ws/install/wall_follow/share/wall_follow/package.xml
[4.783s] Invoked command in '/home/orin/sim_ws/build/wall_follow' returned '0': CMAKE_PREFIX_PATH=${CMAKE_PREFIX_PATH}:/home/orin/sim_ws/install/f1tenth_gym_ros:/opt/ros/foxy /usr/bin/cmake --install /home/orin/sim_ws/build/wall_follow
