[0.583s] Invoking command in '/home/orin/sim_ws/build/safety_node': CMAKE_PREFIX_PATH=/home/orin/sim_ws/install/f1tenth_gym_ros:/opt/ros/foxy /usr/bin/cmake --build /home/orin/sim_ws/build/safety_node -- -j6 -l6
[0.756s] [100%] Built target safety_node
[0.787s] Invoked command in '/home/orin/sim_ws/build/safety_node' returned '0': CMAKE_PREFIX_PATH=/home/orin/sim_ws/install/f1tenth_gym_ros:/opt/ros/foxy /usr/bin/cmake --build /home/orin/sim_ws/build/safety_node -- -j6 -l6
[0.878s] Invoking command in '/home/orin/sim_ws/build/safety_node': CMAKE_PREFIX_PATH=/home/orin/sim_ws/install/f1tenth_gym_ros:/opt/ros/foxy /usr/bin/cmake --install /home/orin/sim_ws/build/safety_node
[0.903s] -- Install configuration: ""
[0.904s] -- Up-to-date: /home/orin/sim_ws/install/safety_node/lib/safety_node/safety_node
[0.904s] -- Up-to-date: /home/orin/sim_ws/install/safety_node/share/safety_node/environment/pythonpath.sh
[0.904s] -- Up-to-date: /home/orin/sim_ws/install/safety_node/share/safety_node/environment/pythonpath.dsv
[0.905s] -- Up-to-date: /home/orin/sim_ws/install/safety_node/lib/python3.8/site-packages/safety_node
[0.907s] -- Up-to-date: /home/orin/sim_ws/install/safety_node/lib/python3.8/site-packages/safety_node/__init__.py
[0.973s] Listing '/home/orin/sim_ws/install/safety_node/lib/python3.8/site-packages/safety_node'...
[0.985s] -- Installing: /home/orin/sim_ws/install/safety_node/lib/safety_node/safety_node.py
[0.985s] -- Up-to-date: /home/orin/sim_ws/install/safety_node/share/ament_index/resource_index/package_run_dependencies/safety_node
[0.985s] -- Up-to-date: /home/orin/sim_ws/install/safety_node/share/ament_index/resource_index/parent_prefix_path/safety_node
[0.986s] -- Up-to-date: /home/orin/sim_ws/install/safety_node/share/safety_node/environment/ament_prefix_path.sh
[0.986s] -- Up-to-date: /home/orin/sim_ws/install/safety_node/share/safety_node/environment/ament_prefix_path.dsv
[0.986s] -- Up-to-date: /home/orin/sim_ws/install/safety_node/share/safety_node/environment/path.sh
[0.986s] -- Up-to-date: /home/orin/sim_ws/install/safety_node/share/safety_node/environment/path.dsv
[0.986s] -- Up-to-date: /home/orin/sim_ws/install/safety_node/share/safety_node/local_setup.bash
[0.986s] -- Up-to-date: /home/orin/sim_ws/install/safety_node/share/safety_node/local_setup.sh
[0.987s] -- Up-to-date: /home/orin/sim_ws/install/safety_node/share/safety_node/local_setup.zsh
[0.987s] -- Up-to-date: /home/orin/sim_ws/install/safety_node/share/safety_node/local_setup.dsv
[0.987s] -- Installing: /home/orin/sim_ws/install/safety_node/share/safety_node/package.dsv
[0.987s] -- Up-to-date: /home/orin/sim_ws/install/safety_node/share/ament_index/resource_index/packages/safety_node
[0.987s] -- Up-to-date: /home/orin/sim_ws/install/safety_node/share/safety_node/cmake/safety_nodeConfig.cmake
[0.987s] -- Up-to-date: /home/orin/sim_ws/install/safety_node/share/safety_node/cmake/safety_nodeConfig-version.cmake
[0.987s] -- Up-to-date: /home/orin/sim_ws/install/safety_node/share/safety_node/package.xml
[0.994s] Invoked command in '/home/orin/sim_ws/build/safety_node' returned '0': CMAKE_PREFIX_PATH=/home/orin/sim_ws/install/f1tenth_gym_ros:/opt/ros/foxy /usr/bin/cmake --install /home/orin/sim_ws/build/safety_node
