[0.572s] Invoking command in '/home/orin/sim_ws/build/wall_follow': CMAKE_PREFIX_PATH=${CMAKE_PREFIX_PATH}:/home/orin/sim_ws/install/f1tenth_gym_ros:/opt/ros/foxy /usr/bin/cmake --build /home/orin/sim_ws/build/wall_follow -- -j6 -l6
[0.642s] -- Found ament_cmake: 0.9.12 (/opt/ros/foxy/share/ament_cmake/cmake)
[0.694s] -- Using PYTHON_EXECUTABLE: /usr/bin/python3
[1.228s] -- Found rclcpp: 2.4.3 (/opt/ros/foxy/share/rclcpp/cmake)
[1.299s] -- Using all available rosidl_typesupport_c: rosidl_typesupport_fastrtps_c;rosidl_typesupport_introspection_c
[1.305s] -- Found rosidl_adapter: 1.3.1 (/opt/ros/foxy/share/rosidl_adapter/cmake)
[1.596s] -- Using all available rosidl_typesupport_cpp: rosidl_typesupport_fastrtps_cpp;rosidl_typesupport_introspection_cpp
[1.699s] -- Found rmw_implementation_cmake: 1.0.4 (/opt/ros/foxy/share/rmw_implementation_cmake/cmake)
[1.702s] -- Using RMW implementation 'rmw_fastrtps_cpp' as default
[1.978s] -- Found rclpy: 1.0.13 (/opt/ros/foxy/share/rclpy/cmake)
[1.978s] -- Found geometry_msgs: 2.0.5 (/opt/ros/foxy/share/geometry_msgs/cmake)
[2.041s] -- Found nav_msgs: 2.0.5 (/opt/ros/foxy/share/nav_msgs/cmake)
[2.170s] -- Found ackermann_msgs: 2.0.2 (/opt/ros/foxy/share/ackermann_msgs/cmake)
[2.232s] -- Found sensor_msgs: 2.0.5 (/opt/ros/foxy/share/sensor_msgs/cmake)
[2.370s] -- Found ament_lint_auto: 0.9.8 (/opt/ros/foxy/share/ament_lint_auto/cmake)
[2.526s] -- Added test 'copyright' to check source files copyright and LICENSE
[2.528s] -- Added test 'cppcheck' to perform static code analysis on C / C++ code
[2.528s] -- Configured cppcheck include dirs: /home/orin/sim_ws/src/wall_follow/include
[2.529s] -- Configured cppcheck exclude dirs and/or files: 
[2.530s] -- Added test 'cpplint' to check C / C++ code against the Google style
[2.530s] -- Configured cpplint exclude dirs and/or files: 
[2.530s] -- Added test 'flake8' to check Python code syntax and style conventions
[2.532s] -- Added test 'lint_cmake' to check CMake code style
[2.533s] -- Added test 'pep257' to check Python code against some of the style conventions in PEP 257
[2.534s] -- Added test 'uncrustify' to check C / C++ code style
[2.535s] -- Configured uncrustify additional arguments: 
[2.535s] -- Added test 'xmllint' to check XML markup files
[2.544s] -- Configuring done
[2.571s] -- Generating done
[2.575s] -- Build files have been written to: /home/orin/sim_ws/build/wall_follow
[2.648s] [35m[1mScanning dependencies of target wall_follow[0m
[2.728s] [ 50%] [32mBuilding CXX object CMakeFiles/wall_follow.dir/src/wall_follow.cpp.o[0m
[5.946s] [01m[K/home/orin/sim_ws/src/wall_follow/src/wall_follow.cpp:[m[K In member function ‘[01m[Kdouble WallFollow::get_range(float*, double)[m[K’:
[5.947s] [01m[K/home/orin/sim_ws/src/wall_follow/src/wall_follow.cpp:30:29:[m[K [01;35m[Kwarning: [m[Kunused parameter ‘[01m[Krange_data[m[K’ [[01;35m[K-Wunused-parameter[m[K]
[5.947s]    30 |     double get_range([01;35m[Kfloat* range_data[m[K, double angle)
[5.947s]       |                      [01;35m[K~~~~~~~^~~~~~~~~~[m[K
[5.947s] [01m[K/home/orin/sim_ws/src/wall_follow/src/wall_follow.cpp:30:48:[m[K [01;35m[Kwarning: [m[Kunused parameter ‘[01m[Kangle[m[K’ [[01;35m[K-Wunused-parameter[m[K]
[5.947s]    30 |     double get_range(float* range_data, [01;35m[Kdouble angle[m[K)
[5.947s]       |                                         [01;35m[K~~~~~~~^~~~~[m[K
[5.948s] [01m[K/home/orin/sim_ws/src/wall_follow/src/wall_follow.cpp:[m[K In member function ‘[01m[Kdouble WallFollow::get_error(float*, double)[m[K’:
[5.948s] [01m[K/home/orin/sim_ws/src/wall_follow/src/wall_follow.cpp:47:29:[m[K [01;35m[Kwarning: [m[Kunused parameter ‘[01m[Krange_data[m[K’ [[01;35m[K-Wunused-parameter[m[K]
[5.948s]    47 |     double get_error([01;35m[Kfloat* range_data[m[K, double dist)
[5.948s]       |                      [01;35m[K~~~~~~~^~~~~~~~~~[m[K
[5.948s] [01m[K/home/orin/sim_ws/src/wall_follow/src/wall_follow.cpp:47:48:[m[K [01;35m[Kwarning: [m[Kunused parameter ‘[01m[Kdist[m[K’ [[01;35m[K-Wunused-parameter[m[K]
[5.948s]    47 |     double get_error(float* range_data, [01;35m[Kdouble dist[m[K)
[5.949s]       |                                         [01;35m[K~~~~~~~^~~~[m[K
[5.949s] [01m[K/home/orin/sim_ws/src/wall_follow/src/wall_follow.cpp:[m[K In member function ‘[01m[Kvoid WallFollow::pid_control(double, double)[m[K’:
[5.949s] [01m[K/home/orin/sim_ws/src/wall_follow/src/wall_follow.cpp:76:16:[m[K [01;35m[Kwarning: [m[Kunused variable ‘[01m[Kangle[m[K’ [[01;35m[K-Wunused-variable[m[K]
[5.949s]    76 |         double [01;35m[Kangle[m[K = 0.0;
[5.949s]       |                [01;35m[K^~~~~[m[K
[5.949s] [01m[K/home/orin/sim_ws/src/wall_follow/src/wall_follow.cpp:64:29:[m[K [01;35m[Kwarning: [m[Kunused parameter ‘[01m[Kerror[m[K’ [[01;35m[K-Wunused-parameter[m[K]
[5.949s]    64 |     void pid_control([01;35m[Kdouble error[m[K, double velocity)
[5.949s]       |                      [01;35m[K~~~~~~~^~~~~[m[K
[5.950s] [01m[K/home/orin/sim_ws/src/wall_follow/src/wall_follow.cpp:64:43:[m[K [01;35m[Kwarning: [m[Kunused parameter ‘[01m[Kvelocity[m[K’ [[01;35m[K-Wunused-parameter[m[K]
[5.950s]    64 |     void pid_control(double error, [01;35m[Kdouble velocity[m[K)
[5.950s]       |                                    [01;35m[K~~~~~~~^~~~~~~~[m[K
[5.954s] [01m[K/home/orin/sim_ws/src/wall_follow/src/wall_follow.cpp:[m[K In member function ‘[01m[Kvoid WallFollow::scan_callback(sensor_msgs::msg::LaserScan_<std::allocator<void> >::ConstSharedPtr)[m[K’:
[5.954s] [01m[K/home/orin/sim_ws/src/wall_follow/src/wall_follow.cpp:93:16:[m[K [01;35m[Kwarning: [m[Kunused variable ‘[01m[Kerror[m[K’ [[01;35m[K-Wunused-variable[m[K]
[5.954s]    93 |         double [01;35m[Kerror[m[K = 0.0; // TODO: replace with error calculated by get_error()
[5.954s]       |                [01;35m[K^~~~~[m[K
[5.954s] [01m[K/home/orin/sim_ws/src/wall_follow/src/wall_follow.cpp:94:16:[m[K [01;35m[Kwarning: [m[Kunused variable ‘[01m[Kvelocity[m[K’ [[01;35m[K-Wunused-variable[m[K]
[5.954s]    94 |         double [01;35m[Kvelocity[m[K = 0.0; // TODO: calculate desired car velocity based on error
[5.954s]       |                [01;35m[K^~~~~~~~[m[K
[5.955s] [01m[K/home/orin/sim_ws/src/wall_follow/src/wall_follow.cpp:82:74:[m[K [01;35m[Kwarning: [m[Kunused parameter ‘[01m[Kscan_msg[m[K’ [[01;35m[K-Wunused-parameter[m[K]
[5.955s]    82 |     void scan_callback([01;35m[Kconst sensor_msgs::msg::LaserScan::ConstSharedPtr scan_msg[m[K)
[5.955s]       |                        [01;35m[K~~~~~~~~~~~~~~~~~~~~~~~~~~~~~~~~~~~~~~~~~~~~~~~~~~^~~~~~~~[m[K
[7.244s] [100%] [32m[1mLinking CXX executable wall_follow[0m
[7.537s] [100%] Built target wall_follow
[7.562s] Invoked command in '/home/orin/sim_ws/build/wall_follow' returned '0': CMAKE_PREFIX_PATH=${CMAKE_PREFIX_PATH}:/home/orin/sim_ws/install/f1tenth_gym_ros:/opt/ros/foxy /usr/bin/cmake --build /home/orin/sim_ws/build/wall_follow -- -j6 -l6
[7.632s] Invoking command in '/home/orin/sim_ws/build/wall_follow': CMAKE_PREFIX_PATH=${CMAKE_PREFIX_PATH}:/home/orin/sim_ws/install/f1tenth_gym_ros:/opt/ros/foxy /usr/bin/cmake --install /home/orin/sim_ws/build/wall_follow
[7.662s] -- Install configuration: ""
[7.662s] -- Installing: /home/orin/sim_ws/install/wall_follow/lib/wall_follow/wall_follow
[7.662s] -- Set runtime path of "/home/orin/sim_ws/install/wall_follow/lib/wall_follow/wall_follow" to ""
[7.663s] -- Up-to-date: /home/orin/sim_ws/install/wall_follow/share/wall_follow/environment/pythonpath.sh
[7.663s] -- Installing: /home/orin/sim_ws/install/wall_follow/share/wall_follow/environment/pythonpath.dsv
[7.664s] -- Up-to-date: /home/orin/sim_ws/install/wall_follow/lib/python3.8/site-packages/wall_follow
[7.664s] -- Up-to-date: /home/orin/sim_ws/install/wall_follow/lib/python3.8/site-packages/wall_follow/__init__.py
[7.730s] Listing '/home/orin/sim_ws/install/wall_follow/lib/python3.8/site-packages/wall_follow'...
[7.745s] -- Installing: /home/orin/sim_ws/install/wall_follow/lib/wall_follow/wall_follow.py
[7.745s] -- Up-to-date: /home/orin/sim_ws/install/wall_follow/share/ament_index/resource_index/package_run_dependencies/wall_follow
[7.746s] -- Up-to-date: /home/orin/sim_ws/install/wall_follow/share/ament_index/resource_index/parent_prefix_path/wall_follow
[7.746s] -- Up-to-date: /home/orin/sim_ws/install/wall_follow/share/wall_follow/environment/ament_prefix_path.sh
[7.746s] -- Installing: /home/orin/sim_ws/install/wall_follow/share/wall_follow/environment/ament_prefix_path.dsv
[7.746s] -- Up-to-date: /home/orin/sim_ws/install/wall_follow/share/wall_follow/environment/path.sh
[7.747s] -- Installing: /home/orin/sim_ws/install/wall_follow/share/wall_follow/environment/path.dsv
[7.747s] -- Up-to-date: /home/orin/sim_ws/install/wall_follow/share/wall_follow/local_setup.bash
[7.747s] -- Up-to-date: /home/orin/sim_ws/install/wall_follow/share/wall_follow/local_setup.sh
[7.747s] -- Up-to-date: /home/orin/sim_ws/install/wall_follow/share/wall_follow/local_setup.zsh
[7.747s] -- Installing: /home/orin/sim_ws/install/wall_follow/share/wall_follow/local_setup.dsv
[7.748s] -- Installing: /home/orin/sim_ws/install/wall_follow/share/wall_follow/package.dsv
[7.748s] -- Up-to-date: /home/orin/sim_ws/install/wall_follow/share/ament_index/resource_index/packages/wall_follow
[7.748s] -- Up-to-date: /home/orin/sim_ws/install/wall_follow/share/wall_follow/cmake/wall_followConfig.cmake
[7.748s] -- Up-to-date: /home/orin/sim_ws/install/wall_follow/share/wall_follow/cmake/wall_followConfig-version.cmake
[7.748s] -- Up-to-date: /home/orin/sim_ws/install/wall_follow/share/wall_follow/package.xml
[7.754s] Invoked command in '/home/orin/sim_ws/build/wall_follow' returned '0': CMAKE_PREFIX_PATH=${CMAKE_PREFIX_PATH}:/home/orin/sim_ws/install/f1tenth_gym_ros:/opt/ros/foxy /usr/bin/cmake --install /home/orin/sim_ws/build/wall_follow
