[0.672s] Invoking command in '/home/orin/sim_ws/build/wall_follow': CMAKE_PREFIX_PATH=${CMAKE_PREFIX_PATH}:/home/orin/sim_ws/install/f1tenth_gym_ros:/opt/ros/foxy /usr/bin/cmake --build /home/orin/sim_ws/build/wall_follow -- -j6 -l6
[0.828s] Invoked command in '/home/orin/sim_ws/build/wall_follow' returned '0': CMAKE_PREFIX_PATH=${CMAKE_PREFIX_PATH}:/home/orin/sim_ws/install/f1tenth_gym_ros:/opt/ros/foxy /usr/bin/cmake --build /home/orin/sim_ws/build/wall_follow -- -j6 -l6
[0.977s] Invoking command in '/home/orin/sim_ws/build/wall_follow': CMAKE_PREFIX_PATH=${CMAKE_PREFIX_PATH}:/home/orin/sim_ws/install/f1tenth_gym_ros:/opt/ros/foxy /usr/bin/cmake --install /home/orin/sim_ws/build/wall_follow
[1.028s] -- Install configuration: ""
[1.028s] -- Up-to-date: /home/orin/sim_ws/install/wall_follow/share/wall_follow/environment/pythonpath.sh
[1.029s] -- Up-to-date: /home/orin/sim_ws/install/wall_follow/share/wall_follow/environment/pythonpath.dsv
[1.030s] -- Up-to-date: /home/orin/sim_ws/install/wall_follow/lib/python3.8/site-packages/wall_follow
[1.031s] -- Up-to-date: /home/orin/sim_ws/install/wall_follow/lib/python3.8/site-packages/wall_follow/__init__.py
[1.152s] Listing '/home/orin/sim_ws/install/wall_follow/lib/python3.8/site-packages/wall_follow'...
[1.170s] -- Up-to-date: /home/orin/sim_ws/install/wall_follow/lib/wall_follow/wall_follow.py
[1.170s] -- Up-to-date: /home/orin/sim_ws/install/wall_follow/share/ament_index/resource_index/package_run_dependencies/wall_follow
[1.171s] -- Up-to-date: /home/orin/sim_ws/install/wall_follow/share/ament_index/resource_index/parent_prefix_path/wall_follow
[1.171s] -- Up-to-date: /home/orin/sim_ws/install/wall_follow/share/wall_follow/environment/ament_prefix_path.sh
[1.171s] -- Up-to-date: /home/orin/sim_ws/install/wall_follow/share/wall_follow/environment/ament_prefix_path.dsv
[1.172s] -- Up-to-date: /home/orin/sim_ws/install/wall_follow/share/wall_follow/environment/path.sh
[1.172s] -- Up-to-date: /home/orin/sim_ws/install/wall_follow/share/wall_follow/environment/path.dsv
[1.172s] -- Up-to-date: /home/orin/sim_ws/install/wall_follow/share/wall_follow/local_setup.bash
[1.172s] -- Up-to-date: /home/orin/sim_ws/install/wall_follow/share/wall_follow/local_setup.sh
[1.172s] -- Up-to-date: /home/orin/sim_ws/install/wall_follow/share/wall_follow/local_setup.zsh
[1.172s] -- Up-to-date: /home/orin/sim_ws/install/wall_follow/share/wall_follow/local_setup.dsv
[1.173s] -- Installing: /home/orin/sim_ws/install/wall_follow/share/wall_follow/package.dsv
[1.173s] -- Up-to-date: /home/orin/sim_ws/install/wall_follow/share/ament_index/resource_index/packages/wall_follow
[1.173s] -- Up-to-date: /home/orin/sim_ws/install/wall_follow/share/wall_follow/cmake/wall_followConfig.cmake
[1.173s] -- Up-to-date: /home/orin/sim_ws/install/wall_follow/share/wall_follow/cmake/wall_followConfig-version.cmake
[1.173s] -- Up-to-date: /home/orin/sim_ws/install/wall_follow/share/wall_follow/package.xml
[1.242s] Invoked command in '/home/orin/sim_ws/build/wall_follow' returned '0': CMAKE_PREFIX_PATH=${CMAKE_PREFIX_PATH}:/home/orin/sim_ws/install/f1tenth_gym_ros:/opt/ros/foxy /usr/bin/cmake --install /home/orin/sim_ws/build/wall_follow
