[0.582s] Invoking command in '/home/orin/sim_ws/build/gap_follow': CMAKE_PREFIX_PATH=${CMAKE_PREFIX_PATH}:/home/orin/sim_ws/install/f1tenth_gym_ros:/opt/ros/foxy /usr/bin/cmake /home/orin/sim_ws/src/gap_follow -DCMAKE_INSTALL_PREFIX=/home/orin/sim_ws/install/gap_follow
[0.748s] -- The C compiler identification is GNU 9.4.0
[0.885s] -- The CXX compiler identification is GNU 9.4.0
[0.896s] -- Check for working C compiler: /usr/bin/cc
[1.147s] -- Check for working C compiler: /usr/bin/cc -- works
[1.149s] -- Detecting C compiler ABI info
[1.313s] -- Detecting C compiler ABI info - done
[1.333s] -- Detecting C compile features
[1.334s] -- Detecting C compile features - done
[1.339s] -- Check for working CXX compiler: /usr/bin/c++
[1.520s] -- Check for working CXX compiler: /usr/bin/c++ -- works
[1.525s] -- Detecting CXX compiler ABI info
[1.717s] -- Detecting CXX compiler ABI info - done
[1.739s] -- Detecting CXX compile features
[1.741s] -- Detecting CXX compile features - done
[1.748s] -- Found ament_cmake: 0.9.12 (/opt/ros/foxy/share/ament_cmake/cmake)
[1.817s] -- Found PythonInterp: /usr/bin/python3 (found suitable version "3.8.10", minimum required is "3") 
[1.817s] -- Using PYTHON_EXECUTABLE: /usr/bin/python3
[2.306s] -- Found rclcpp: 2.4.3 (/opt/ros/foxy/share/rclcpp/cmake)
[2.404s] -- Using all available rosidl_typesupport_c: rosidl_typesupport_fastrtps_c;rosidl_typesupport_introspection_c
[2.418s] -- Found rosidl_adapter: 1.3.1 (/opt/ros/foxy/share/rosidl_adapter/cmake)
[2.621s] -- Found OpenSSL: /usr/lib/aarch64-linux-gnu/libcrypto.so (found version "1.1.1f")  
[2.694s] -- Found FastRTPS: /opt/ros/foxy/include  
[2.894s] -- Using all available rosidl_typesupport_cpp: rosidl_typesupport_fastrtps_cpp;rosidl_typesupport_introspection_cpp
[3.034s] -- Found rmw_implementation_cmake: 1.0.4 (/opt/ros/foxy/share/rmw_implementation_cmake/cmake)
[3.037s] -- Using RMW implementation 'rmw_fastrtps_cpp' as default
[3.042s] -- Looking for pthread.h
[3.202s] -- Looking for pthread.h - found
[3.203s] -- Performing Test CMAKE_HAVE_LIBC_PTHREAD
[3.372s] -- Performing Test CMAKE_HAVE_LIBC_PTHREAD - Failed
[3.373s] -- Looking for pthread_create in pthreads
[3.504s] -- Looking for pthread_create in pthreads - not found
[3.504s] -- Looking for pthread_create in pthread
[3.666s] -- Looking for pthread_create in pthread - found
[3.669s] -- Found Threads: TRUE  
[3.971s] -- Found rclpy: 1.0.13 (/opt/ros/foxy/share/rclpy/cmake)
[3.973s] -- Found geometry_msgs: 2.0.5 (/opt/ros/foxy/share/geometry_msgs/cmake)
[4.041s] -- Found nav_msgs: 2.0.5 (/opt/ros/foxy/share/nav_msgs/cmake)
[4.177s] -- Found ackermann_msgs: 2.0.2 (/opt/ros/foxy/share/ackermann_msgs/cmake)
[4.243s] -- Found sensor_msgs: 2.0.5 (/opt/ros/foxy/share/sensor_msgs/cmake)
[4.443s] -- Found ament_lint_auto: 0.9.8 (/opt/ros/foxy/share/ament_lint_auto/cmake)
[4.614s] -- Added test 'copyright' to check source files copyright and LICENSE
[4.617s] -- Added test 'flake8' to check Python code syntax and style conventions
[4.619s] -- Added test 'lint_cmake' to check CMake code style
[4.621s] -- Added test 'pep257' to check Python code against some of the style conventions in PEP 257
[4.623s] -- Added test 'xmllint' to check XML markup files
[4.630s] -- Configuring done
[4.637s] -- Generating done
[4.640s] -- Build files have been written to: /home/orin/sim_ws/build/gap_follow
[4.675s] Invoked command in '/home/orin/sim_ws/build/gap_follow' returned '0': CMAKE_PREFIX_PATH=${CMAKE_PREFIX_PATH}:/home/orin/sim_ws/install/f1tenth_gym_ros:/opt/ros/foxy /usr/bin/cmake /home/orin/sim_ws/src/gap_follow -DCMAKE_INSTALL_PREFIX=/home/orin/sim_ws/install/gap_follow
[4.678s] Invoking command in '/home/orin/sim_ws/build/gap_follow': CMAKE_PREFIX_PATH=${CMAKE_PREFIX_PATH}:/home/orin/sim_ws/install/f1tenth_gym_ros:/opt/ros/foxy /usr/bin/cmake --build /home/orin/sim_ws/build/gap_follow -- -j6 -l6
[4.784s] Invoked command in '/home/orin/sim_ws/build/gap_follow' returned '0': CMAKE_PREFIX_PATH=${CMAKE_PREFIX_PATH}:/home/orin/sim_ws/install/f1tenth_gym_ros:/opt/ros/foxy /usr/bin/cmake --build /home/orin/sim_ws/build/gap_follow -- -j6 -l6
[4.840s] Invoking command in '/home/orin/sim_ws/build/gap_follow': CMAKE_PREFIX_PATH=${CMAKE_PREFIX_PATH}:/home/orin/sim_ws/install/f1tenth_gym_ros:/opt/ros/foxy /usr/bin/cmake --install /home/orin/sim_ws/build/gap_follow
[4.861s] -- Install configuration: ""
[4.861s] -- Installing: /home/orin/sim_ws/install/gap_follow/share/gap_follow/environment/pythonpath.sh
[4.862s] -- Installing: /home/orin/sim_ws/install/gap_follow/share/gap_follow/environment/pythonpath.dsv
[4.862s] -- Installing: /home/orin/sim_ws/install/gap_follow/lib/python3.8/site-packages/gap_follow
[4.862s] -- Installing: /home/orin/sim_ws/install/gap_follow/lib/python3.8/site-packages/gap_follow/__init__.py
[4.950s] Listing '/home/orin/sim_ws/install/gap_follow/lib/python3.8/site-packages/gap_follow'...
[4.951s] Compiling '/home/orin/sim_ws/install/gap_follow/lib/python3.8/site-packages/gap_follow/__init__.py'...
[4.968s] -- Installing: /home/orin/sim_ws/install/gap_follow/lib/gap_follow/gap_follow.py
[4.969s] -- Installing: /home/orin/sim_ws/install/gap_follow/share/ament_index/resource_index/package_run_dependencies/gap_follow
[4.969s] -- Installing: /home/orin/sim_ws/install/gap_follow/share/ament_index/resource_index/parent_prefix_path/gap_follow
[4.969s] -- Installing: /home/orin/sim_ws/install/gap_follow/share/gap_follow/environment/ament_prefix_path.sh
[4.969s] -- Installing: /home/orin/sim_ws/install/gap_follow/share/gap_follow/environment/ament_prefix_path.dsv
[4.970s] -- Installing: /home/orin/sim_ws/install/gap_follow/share/gap_follow/environment/path.sh
[4.970s] -- Installing: /home/orin/sim_ws/install/gap_follow/share/gap_follow/environment/path.dsv
[4.971s] -- Installing: /home/orin/sim_ws/install/gap_follow/share/gap_follow/local_setup.bash
[4.971s] -- Installing: /home/orin/sim_ws/install/gap_follow/share/gap_follow/local_setup.sh
[4.972s] -- Installing: /home/orin/sim_ws/install/gap_follow/share/gap_follow/local_setup.zsh
[4.972s] -- Installing: /home/orin/sim_ws/install/gap_follow/share/gap_follow/local_setup.dsv
[4.972s] -- Installing: /home/orin/sim_ws/install/gap_follow/share/gap_follow/package.dsv
[4.972s] -- Installing: /home/orin/sim_ws/install/gap_follow/share/ament_index/resource_index/packages/gap_follow
[4.972s] -- Installing: /home/orin/sim_ws/install/gap_follow/share/gap_follow/cmake/gap_followConfig.cmake
[4.973s] -- Installing: /home/orin/sim_ws/install/gap_follow/share/gap_follow/cmake/gap_followConfig-version.cmake
[4.973s] -- Installing: /home/orin/sim_ws/install/gap_follow/share/gap_follow/package.xml
[4.982s] Invoked command in '/home/orin/sim_ws/build/gap_follow' returned '0': CMAKE_PREFIX_PATH=${CMAKE_PREFIX_PATH}:/home/orin/sim_ws/install/f1tenth_gym_ros:/opt/ros/foxy /usr/bin/cmake --install /home/orin/sim_ws/build/gap_follow
