[0.413s] DEBUG:colcon:Command line arguments: ['/usr/bin/colcon', 'build']
[0.414s] DEBUG:colcon:Parsed command line arguments: Namespace(allow_overriding=[], ament_cmake_args=None, base_paths=['.'], build_base='build', catkin_cmake_args=None, catkin_skip_building_tests=False, cmake_args=None, cmake_clean_cache=False, cmake_clean_first=False, cmake_force_configure=False, cmake_target=None, cmake_target_skip_unavailable=False, continue_on_error=False, event_handlers=None, executor='parallel', ignore_user_meta=False, install_base='install', log_base=None, log_level=None, main=<bound method BuildVerb.main of <colcon_core.verb.build.BuildVerb object at 0xffff8b58e040>>, merge_install=False, metas=['./colcon.meta'], mixin=None, mixin_files=None, mixin_verb=('build',), packages_above=None, packages_above_and_dependencies=None, packages_above_depth=None, packages_end=None, packages_ignore=None, packages_ignore_regex=None, packages_select=None, packages_select_build_failed=False, packages_select_by_dep=None, packages_select_regex=None, packages_select_test_failures=False, packages_skip=None, packages_skip_build_finished=False, packages_skip_by_dep=None, packages_skip_regex=None, packages_skip_test_passed=False, packages_skip_up_to=None, packages_start=None, packages_up_to=None, packages_up_to_regex=None, parallel_workers=6, paths=None, symlink_install=False, test_result_base=None, verb_extension=<colcon_core.verb.build.BuildVerb object at 0xffff8b58e040>, verb_name='build', verb_parser=<colcon_mixin.mixin.mixin_argument.MixinArgumentDecorator object at 0xffff8b4d5070>)
[0.735s] Level 1:colcon.colcon_core.package_discovery:discover_packages(colcon_meta) check parameters
[0.736s] Level 1:colcon.colcon_core.package_discovery:discover_packages(recursive) check parameters
[0.736s] Level 1:colcon.colcon_core.package_discovery:discover_packages(ignore) check parameters
[0.736s] Level 1:colcon.colcon_core.package_discovery:discover_packages(path) check parameters
[0.736s] Level 1:colcon.colcon_core.package_discovery:discover_packages(colcon_meta) discover
[0.736s] Level 1:colcon.colcon_core.package_discovery:discover_packages(recursive) discover
[0.737s] INFO:colcon.colcon_core.package_discovery:Crawling recursively for packages in '/home/orin/sim_ws'
[0.737s] Level 1:colcon.colcon_core.package_identification:_identify(.) by extensions ['ignore', 'ignore_ament_install']
[0.737s] Level 1:colcon.colcon_core.package_identification:_identify(.) by extension 'ignore'
[0.737s] Level 1:colcon.colcon_core.package_identification:_identify(.) by extension 'ignore_ament_install'
[0.738s] Level 1:colcon.colcon_core.package_identification:_identify(.) by extensions ['colcon_pkg']
[0.738s] Level 1:colcon.colcon_core.package_identification:_identify(.) by extension 'colcon_pkg'
[0.738s] Level 1:colcon.colcon_core.package_identification:_identify(.) by extensions ['colcon_meta']
[0.738s] Level 1:colcon.colcon_core.package_identification:_identify(.) by extension 'colcon_meta'
[0.738s] Level 1:colcon.colcon_core.package_identification:_identify(.) by extensions ['ros']
[0.738s] Level 1:colcon.colcon_core.package_identification:_identify(.) by extension 'ros'
[0.762s] Level 1:colcon.colcon_core.package_identification:_identify(.) by extensions ['cmake', 'python']
[0.762s] Level 1:colcon.colcon_core.package_identification:_identify(.) by extension 'cmake'
[0.763s] Level 1:colcon.colcon_core.package_identification:_identify(.) by extension 'python'
[0.763s] Level 1:colcon.colcon_core.package_identification:_identify(.) by extensions ['python_setup_py']
[0.763s] Level 1:colcon.colcon_core.package_identification:_identify(.) by extension 'python_setup_py'
[0.763s] Level 1:colcon.colcon_core.package_identification:_identify(build) by extensions ['ignore', 'ignore_ament_install']
[0.763s] Level 1:colcon.colcon_core.package_identification:_identify(build) by extension 'ignore'
[0.763s] Level 1:colcon.colcon_core.package_identification:_identify(build) ignored
[0.764s] Level 1:colcon.colcon_core.package_identification:_identify(install) by extensions ['ignore', 'ignore_ament_install']
[0.764s] Level 1:colcon.colcon_core.package_identification:_identify(install) by extension 'ignore'
[0.764s] Level 1:colcon.colcon_core.package_identification:_identify(install) ignored
[0.765s] Level 1:colcon.colcon_core.package_identification:_identify(log) by extensions ['ignore', 'ignore_ament_install']
[0.765s] Level 1:colcon.colcon_core.package_identification:_identify(log) by extension 'ignore'
[0.765s] Level 1:colcon.colcon_core.package_identification:_identify(log) ignored
[0.765s] Level 1:colcon.colcon_core.package_identification:_identify(src) by extensions ['ignore', 'ignore_ament_install']
[0.765s] Level 1:colcon.colcon_core.package_identification:_identify(src) by extension 'ignore'
[0.765s] Level 1:colcon.colcon_core.package_identification:_identify(src) by extension 'ignore_ament_install'
[0.766s] Level 1:colcon.colcon_core.package_identification:_identify(src) by extensions ['colcon_pkg']
[0.766s] Level 1:colcon.colcon_core.package_identification:_identify(src) by extension 'colcon_pkg'
[0.766s] Level 1:colcon.colcon_core.package_identification:_identify(src) by extensions ['colcon_meta']
[0.766s] Level 1:colcon.colcon_core.package_identification:_identify(src) by extension 'colcon_meta'
[0.766s] Level 1:colcon.colcon_core.package_identification:_identify(src) by extensions ['ros']
[0.766s] Level 1:colcon.colcon_core.package_identification:_identify(src) by extension 'ros'
[0.766s] Level 1:colcon.colcon_core.package_identification:_identify(src) by extensions ['cmake', 'python']
[0.766s] Level 1:colcon.colcon_core.package_identification:_identify(src) by extension 'cmake'
[0.766s] Level 1:colcon.colcon_core.package_identification:_identify(src) by extension 'python'
[0.766s] Level 1:colcon.colcon_core.package_identification:_identify(src) by extensions ['python_setup_py']
[0.767s] Level 1:colcon.colcon_core.package_identification:_identify(src) by extension 'python_setup_py'
[0.767s] Level 1:colcon.colcon_core.package_identification:_identify(src/f1tenth_gym_ros) by extensions ['ignore', 'ignore_ament_install']
[0.767s] Level 1:colcon.colcon_core.package_identification:_identify(src/f1tenth_gym_ros) by extension 'ignore'
[0.767s] Level 1:colcon.colcon_core.package_identification:_identify(src/f1tenth_gym_ros) by extension 'ignore_ament_install'
[0.767s] Level 1:colcon.colcon_core.package_identification:_identify(src/f1tenth_gym_ros) by extensions ['colcon_pkg']
[0.767s] Level 1:colcon.colcon_core.package_identification:_identify(src/f1tenth_gym_ros) by extension 'colcon_pkg'
[0.767s] Level 1:colcon.colcon_core.package_identification:_identify(src/f1tenth_gym_ros) by extensions ['colcon_meta']
[0.767s] Level 1:colcon.colcon_core.package_identification:_identify(src/f1tenth_gym_ros) by extension 'colcon_meta'
[0.768s] Level 1:colcon.colcon_core.package_identification:_identify(src/f1tenth_gym_ros) by extensions ['ros']
[0.768s] Level 1:colcon.colcon_core.package_identification:_identify(src/f1tenth_gym_ros) by extension 'ros'
[0.773s] DEBUG:colcon.colcon_core.package_identification:Package 'src/f1tenth_gym_ros' with type 'ros.ament_python' and name 'f1tenth_gym_ros'
[0.773s] Level 1:colcon.colcon_core.package_identification:_identify(src/gap_follow) by extensions ['ignore', 'ignore_ament_install']
[0.774s] Level 1:colcon.colcon_core.package_identification:_identify(src/gap_follow) by extension 'ignore'
[0.774s] Level 1:colcon.colcon_core.package_identification:_identify(src/gap_follow) by extension 'ignore_ament_install'
[0.774s] Level 1:colcon.colcon_core.package_identification:_identify(src/gap_follow) by extensions ['colcon_pkg']
[0.774s] Level 1:colcon.colcon_core.package_identification:_identify(src/gap_follow) by extension 'colcon_pkg'
[0.774s] Level 1:colcon.colcon_core.package_identification:_identify(src/gap_follow) by extensions ['colcon_meta']
[0.774s] Level 1:colcon.colcon_core.package_identification:_identify(src/gap_follow) by extension 'colcon_meta'
[0.774s] Level 1:colcon.colcon_core.package_identification:_identify(src/gap_follow) by extensions ['ros']
[0.774s] Level 1:colcon.colcon_core.package_identification:_identify(src/gap_follow) by extension 'ros'
[0.776s] DEBUG:colcon.colcon_core.package_identification:Package 'src/gap_follow' with type 'ros.ament_cmake' and name 'gap_follow'
[0.777s] Level 1:colcon.colcon_core.package_identification:_identify(src/safety_node) by extensions ['ignore', 'ignore_ament_install']
[0.777s] Level 1:colcon.colcon_core.package_identification:_identify(src/safety_node) by extension 'ignore'
[0.777s] Level 1:colcon.colcon_core.package_identification:_identify(src/safety_node) by extension 'ignore_ament_install'
[0.777s] Level 1:colcon.colcon_core.package_identification:_identify(src/safety_node) by extensions ['colcon_pkg']
[0.777s] Level 1:colcon.colcon_core.package_identification:_identify(src/safety_node) by extension 'colcon_pkg'
[0.777s] Level 1:colcon.colcon_core.package_identification:_identify(src/safety_node) by extensions ['colcon_meta']
[0.777s] Level 1:colcon.colcon_core.package_identification:_identify(src/safety_node) by extension 'colcon_meta'
[0.777s] Level 1:colcon.colcon_core.package_identification:_identify(src/safety_node) by extensions ['ros']
[0.778s] Level 1:colcon.colcon_core.package_identification:_identify(src/safety_node) by extension 'ros'
[0.779s] DEBUG:colcon.colcon_core.package_identification:Package 'src/safety_node' with type 'ros.ament_cmake' and name 'safety_node'
[0.780s] Level 1:colcon.colcon_core.package_identification:_identify(src/wall_follow) by extensions ['ignore', 'ignore_ament_install']
[0.780s] Level 1:colcon.colcon_core.package_identification:_identify(src/wall_follow) by extension 'ignore'
[0.780s] Level 1:colcon.colcon_core.package_identification:_identify(src/wall_follow) by extension 'ignore_ament_install'
[0.780s] Level 1:colcon.colcon_core.package_identification:_identify(src/wall_follow) by extensions ['colcon_pkg']
[0.780s] Level 1:colcon.colcon_core.package_identification:_identify(src/wall_follow) by extension 'colcon_pkg'
[0.780s] Level 1:colcon.colcon_core.package_identification:_identify(src/wall_follow) by extensions ['colcon_meta']
[0.780s] Level 1:colcon.colcon_core.package_identification:_identify(src/wall_follow) by extension 'colcon_meta'
[0.780s] Level 1:colcon.colcon_core.package_identification:_identify(src/wall_follow) by extensions ['ros']
[0.780s] Level 1:colcon.colcon_core.package_identification:_identify(src/wall_follow) by extension 'ros'
[0.782s] DEBUG:colcon.colcon_core.package_identification:Package 'src/wall_follow' with type 'ros.ament_cmake' and name 'wall_follow'
[0.782s] Level 1:colcon.colcon_core.package_discovery:discover_packages(recursive) using defaults
[0.782s] Level 1:colcon.colcon_core.package_discovery:discover_packages(ignore) discover
[0.783s] Level 1:colcon.colcon_core.package_discovery:discover_packages(ignore) using defaults
[0.783s] Level 1:colcon.colcon_core.package_discovery:discover_packages(path) discover
[0.783s] Level 1:colcon.colcon_core.package_discovery:discover_packages(path) using defaults
[0.816s] Level 1:colcon.colcon_core.package_discovery:discover_packages(prefix_path) check parameters
[0.816s] Level 1:colcon.colcon_core.package_discovery:discover_packages(prefix_path) discover
[0.820s] DEBUG:colcon.colcon_installed_package_information.package_discovery:Found 4 installed packages in /home/orin/sim_ws/install
[0.822s] DEBUG:colcon.colcon_installed_package_information.package_discovery:Found 279 installed packages in /opt/ros/foxy
[0.853s] Level 1:colcon.colcon_core.package_discovery:discover_packages(prefix_path) using defaults
[0.979s] Level 5:colcon.colcon_core.verb:set package 'f1tenth_gym_ros' build argument 'cmake_args' from command line to 'None'
[0.979s] Level 5:colcon.colcon_core.verb:set package 'f1tenth_gym_ros' build argument 'cmake_target' from command line to 'None'
[0.979s] Level 5:colcon.colcon_core.verb:set package 'f1tenth_gym_ros' build argument 'cmake_target_skip_unavailable' from command line to 'False'
[0.980s] Level 5:colcon.colcon_core.verb:set package 'f1tenth_gym_ros' build argument 'cmake_clean_cache' from command line to 'False'
[0.980s] Level 5:colcon.colcon_core.verb:set package 'f1tenth_gym_ros' build argument 'cmake_clean_first' from command line to 'False'
[0.980s] Level 5:colcon.colcon_core.verb:set package 'f1tenth_gym_ros' build argument 'cmake_force_configure' from command line to 'False'
[0.980s] Level 5:colcon.colcon_core.verb:set package 'f1tenth_gym_ros' build argument 'ament_cmake_args' from command line to 'None'
[0.980s] Level 5:colcon.colcon_core.verb:set package 'f1tenth_gym_ros' build argument 'catkin_cmake_args' from command line to 'None'
[0.980s] Level 5:colcon.colcon_core.verb:set package 'f1tenth_gym_ros' build argument 'catkin_skip_building_tests' from command line to 'False'
[0.980s] DEBUG:colcon.colcon_core.verb:Building package 'f1tenth_gym_ros' with the following arguments: {'ament_cmake_args': None, 'build_base': '/home/orin/sim_ws/build/f1tenth_gym_ros', 'catkin_cmake_args': None, 'catkin_skip_building_tests': False, 'cmake_args': None, 'cmake_clean_cache': False, 'cmake_clean_first': False, 'cmake_force_configure': False, 'cmake_target': None, 'cmake_target_skip_unavailable': False, 'install_base': '/home/orin/sim_ws/install/f1tenth_gym_ros', 'merge_install': False, 'path': '/home/orin/sim_ws/src/f1tenth_gym_ros', 'symlink_install': False, 'test_result_base': None}
[0.981s] Level 5:colcon.colcon_core.verb:set package 'gap_follow' build argument 'cmake_args' from command line to 'None'
[0.981s] Level 5:colcon.colcon_core.verb:set package 'gap_follow' build argument 'cmake_target' from command line to 'None'
[0.981s] Level 5:colcon.colcon_core.verb:set package 'gap_follow' build argument 'cmake_target_skip_unavailable' from command line to 'False'
[0.981s] Level 5:colcon.colcon_core.verb:set package 'gap_follow' build argument 'cmake_clean_cache' from command line to 'False'
[0.981s] Level 5:colcon.colcon_core.verb:set package 'gap_follow' build argument 'cmake_clean_first' from command line to 'False'
[0.981s] Level 5:colcon.colcon_core.verb:set package 'gap_follow' build argument 'cmake_force_configure' from command line to 'False'
[0.981s] Level 5:colcon.colcon_core.verb:set package 'gap_follow' build argument 'ament_cmake_args' from command line to 'None'
[0.981s] Level 5:colcon.colcon_core.verb:set package 'gap_follow' build argument 'catkin_cmake_args' from command line to 'None'
[0.981s] Level 5:colcon.colcon_core.verb:set package 'gap_follow' build argument 'catkin_skip_building_tests' from command line to 'False'
[0.981s] DEBUG:colcon.colcon_core.verb:Building package 'gap_follow' with the following arguments: {'ament_cmake_args': None, 'build_base': '/home/orin/sim_ws/build/gap_follow', 'catkin_cmake_args': None, 'catkin_skip_building_tests': False, 'cmake_args': None, 'cmake_clean_cache': False, 'cmake_clean_first': False, 'cmake_force_configure': False, 'cmake_target': None, 'cmake_target_skip_unavailable': False, 'install_base': '/home/orin/sim_ws/install/gap_follow', 'merge_install': False, 'path': '/home/orin/sim_ws/src/gap_follow', 'symlink_install': False, 'test_result_base': None}
[0.982s] Level 5:colcon.colcon_core.verb:set package 'safety_node' build argument 'cmake_args' from command line to 'None'
[0.982s] Level 5:colcon.colcon_core.verb:set package 'safety_node' build argument 'cmake_target' from command line to 'None'
[0.982s] Level 5:colcon.colcon_core.verb:set package 'safety_node' build argument 'cmake_target_skip_unavailable' from command line to 'False'
[0.982s] Level 5:colcon.colcon_core.verb:set package 'safety_node' build argument 'cmake_clean_cache' from command line to 'False'
[0.982s] Level 5:colcon.colcon_core.verb:set package 'safety_node' build argument 'cmake_clean_first' from command line to 'False'
[0.982s] Level 5:colcon.colcon_core.verb:set package 'safety_node' build argument 'cmake_force_configure' from command line to 'False'
[0.982s] Level 5:colcon.colcon_core.verb:set package 'safety_node' build argument 'ament_cmake_args' from command line to 'None'
[0.982s] Level 5:colcon.colcon_core.verb:set package 'safety_node' build argument 'catkin_cmake_args' from command line to 'None'
[0.982s] Level 5:colcon.colcon_core.verb:set package 'safety_node' build argument 'catkin_skip_building_tests' from command line to 'False'
[0.983s] DEBUG:colcon.colcon_core.verb:Building package 'safety_node' with the following arguments: {'ament_cmake_args': None, 'build_base': '/home/orin/sim_ws/build/safety_node', 'catkin_cmake_args': None, 'catkin_skip_building_tests': False, 'cmake_args': None, 'cmake_clean_cache': False, 'cmake_clean_first': False, 'cmake_force_configure': False, 'cmake_target': None, 'cmake_target_skip_unavailable': False, 'install_base': '/home/orin/sim_ws/install/safety_node', 'merge_install': False, 'path': '/home/orin/sim_ws/src/safety_node', 'symlink_install': False, 'test_result_base': None}
[0.983s] Level 5:colcon.colcon_core.verb:set package 'wall_follow' build argument 'cmake_args' from command line to 'None'
[0.983s] Level 5:colcon.colcon_core.verb:set package 'wall_follow' build argument 'cmake_target' from command line to 'None'
[0.983s] Level 5:colcon.colcon_core.verb:set package 'wall_follow' build argument 'cmake_target_skip_unavailable' from command line to 'False'
[0.983s] Level 5:colcon.colcon_core.verb:set package 'wall_follow' build argument 'cmake_clean_cache' from command line to 'False'
[0.984s] Level 5:colcon.colcon_core.verb:set package 'wall_follow' build argument 'cmake_clean_first' from command line to 'False'
[0.984s] Level 5:colcon.colcon_core.verb:set package 'wall_follow' build argument 'cmake_force_configure' from command line to 'False'
[0.984s] Level 5:colcon.colcon_core.verb:set package 'wall_follow' build argument 'ament_cmake_args' from command line to 'None'
[0.984s] Level 5:colcon.colcon_core.verb:set package 'wall_follow' build argument 'catkin_cmake_args' from command line to 'None'
[0.984s] Level 5:colcon.colcon_core.verb:set package 'wall_follow' build argument 'catkin_skip_building_tests' from command line to 'False'
[0.984s] DEBUG:colcon.colcon_core.verb:Building package 'wall_follow' with the following arguments: {'ament_cmake_args': None, 'build_base': '/home/orin/sim_ws/build/wall_follow', 'catkin_cmake_args': None, 'catkin_skip_building_tests': False, 'cmake_args': None, 'cmake_clean_cache': False, 'cmake_clean_first': False, 'cmake_force_configure': False, 'cmake_target': None, 'cmake_target_skip_unavailable': False, 'install_base': '/home/orin/sim_ws/install/wall_follow', 'merge_install': False, 'path': '/home/orin/sim_ws/src/wall_follow', 'symlink_install': False, 'test_result_base': None}
[0.984s] INFO:colcon.colcon_core.executor:Executing jobs using 'parallel' executor
[0.986s] DEBUG:colcon.colcon_parallel_executor.executor.parallel:run_until_complete
[0.987s] INFO:colcon.colcon_ros.task.ament_python.build:Building ROS package in '/home/orin/sim_ws/src/f1tenth_gym_ros' with build type 'ament_python'
[0.987s] Level 1:colcon.colcon_core.shell:create_environment_hook('f1tenth_gym_ros', 'ament_prefix_path')
[0.992s] INFO:colcon.colcon_core.plugin_system:Skipping extension 'colcon_core.shell.bat': Not used on non-Windows systems
[0.992s] INFO:colcon.colcon_core.shell:Creating environment hook '/home/orin/sim_ws/install/f1tenth_gym_ros/share/f1tenth_gym_ros/hook/ament_prefix_path.ps1'
[0.994s] INFO:colcon.colcon_core.shell:Creating environment descriptor '/home/orin/sim_ws/install/f1tenth_gym_ros/share/f1tenth_gym_ros/hook/ament_prefix_path.dsv'
[0.995s] INFO:colcon.colcon_core.shell:Creating environment hook '/home/orin/sim_ws/install/f1tenth_gym_ros/share/f1tenth_gym_ros/hook/ament_prefix_path.sh'
[0.996s] INFO:colcon.colcon_core.shell:Skip shell extension 'powershell' for command environment: Not usable outside of PowerShell
[0.997s] DEBUG:colcon.colcon_core.shell:Skip shell extension 'dsv' for command environment
[1.008s] INFO:colcon.colcon_ros.task.ament_cmake.build:Building ROS package in '/home/orin/sim_ws/src/gap_follow' with build type 'ament_cmake'
[1.009s] INFO:colcon.colcon_cmake.task.cmake.build:Building CMake package in '/home/orin/sim_ws/src/gap_follow'
[1.010s] INFO:colcon.colcon_core.shell:Skip shell extension 'powershell' for command environment: Not usable outside of PowerShell
[1.010s] DEBUG:colcon.colcon_core.shell:Skip shell extension 'dsv' for command environment
[1.020s] INFO:colcon.colcon_ros.task.ament_cmake.build:Building ROS package in '/home/orin/sim_ws/src/safety_node' with build type 'ament_cmake'
[1.021s] INFO:colcon.colcon_cmake.task.cmake.build:Building CMake package in '/home/orin/sim_ws/src/safety_node'
[1.022s] INFO:colcon.colcon_core.shell:Skip shell extension 'powershell' for command environment: Not usable outside of PowerShell
[1.022s] DEBUG:colcon.colcon_core.shell:Skip shell extension 'dsv' for command environment
[1.032s] INFO:colcon.colcon_ros.task.ament_cmake.build:Building ROS package in '/home/orin/sim_ws/src/wall_follow' with build type 'ament_cmake'
[1.032s] INFO:colcon.colcon_cmake.task.cmake.build:Building CMake package in '/home/orin/sim_ws/src/wall_follow'
[1.033s] INFO:colcon.colcon_core.shell:Skip shell extension 'powershell' for command environment: Not usable outside of PowerShell
[1.034s] DEBUG:colcon.colcon_core.shell:Skip shell extension 'dsv' for command environment
[1.513s] INFO:colcon.colcon_core.task.python.build:Building Python package in '/home/orin/sim_ws/src/f1tenth_gym_ros'
[1.514s] INFO:colcon.colcon_core.shell:Skip shell extension 'powershell' for command environment: Not usable outside of PowerShell
[1.515s] DEBUG:colcon.colcon_core.shell:Skip shell extension 'dsv' for command environment
[1.535s] DEBUG:colcon.colcon_core.event_handler.log_command:Invoking command in '/home/orin/sim_ws/build/gap_follow': CMAKE_PREFIX_PATH=${CMAKE_PREFIX_PATH}:/home/orin/sim_ws/install/f1tenth_gym_ros:/opt/ros/foxy /usr/bin/cmake --build /home/orin/sim_ws/build/gap_follow -- -j6 -l6
[1.551s] DEBUG:colcon.colcon_core.event_handler.log_command:Invoking command in '/home/orin/sim_ws/build/safety_node': CMAKE_PREFIX_PATH=${CMAKE_PREFIX_PATH}:/home/orin/sim_ws/install/f1tenth_gym_ros:/opt/ros/foxy /usr/bin/cmake --build /home/orin/sim_ws/build/safety_node -- -j6 -l6
[1.561s] DEBUG:colcon.colcon_core.event_handler.log_command:Invoking command in '/home/orin/sim_ws/build/wall_follow': CMAKE_PREFIX_PATH=${CMAKE_PREFIX_PATH}:/home/orin/sim_ws/install/f1tenth_gym_ros:/opt/ros/foxy /usr/bin/cmake --build /home/orin/sim_ws/build/wall_follow -- -j6 -l6
[1.630s] DEBUG:colcon.colcon_core.event_handler.log_command:Invoked command in '/home/orin/sim_ws/build/gap_follow' returned '0': CMAKE_PREFIX_PATH=${CMAKE_PREFIX_PATH}:/home/orin/sim_ws/install/f1tenth_gym_ros:/opt/ros/foxy /usr/bin/cmake --build /home/orin/sim_ws/build/gap_follow -- -j6 -l6
[1.645s] DEBUG:colcon.colcon_core.event_handler.log_command:Invoked command in '/home/orin/sim_ws/build/safety_node' returned '0': CMAKE_PREFIX_PATH=${CMAKE_PREFIX_PATH}:/home/orin/sim_ws/install/f1tenth_gym_ros:/opt/ros/foxy /usr/bin/cmake --build /home/orin/sim_ws/build/safety_node -- -j6 -l6
[1.656s] DEBUG:colcon.colcon_core.event_handler.log_command:Invoked command in '/home/orin/sim_ws/build/wall_follow' returned '0': CMAKE_PREFIX_PATH=${CMAKE_PREFIX_PATH}:/home/orin/sim_ws/install/f1tenth_gym_ros:/opt/ros/foxy /usr/bin/cmake --build /home/orin/sim_ws/build/wall_follow -- -j6 -l6
[1.711s] DEBUG:colcon.colcon_core.event_handler.log_command:Invoking command in '/home/orin/sim_ws/build/gap_follow': CMAKE_PREFIX_PATH=${CMAKE_PREFIX_PATH}:/home/orin/sim_ws/install/f1tenth_gym_ros:/opt/ros/foxy /usr/bin/cmake --install /home/orin/sim_ws/build/gap_follow
[1.722s] DEBUG:colcon.colcon_core.event_handler.log_command:Invoking command in '/home/orin/sim_ws/build/safety_node': CMAKE_PREFIX_PATH=${CMAKE_PREFIX_PATH}:/home/orin/sim_ws/install/f1tenth_gym_ros:/opt/ros/foxy /usr/bin/cmake --install /home/orin/sim_ws/build/safety_node
[1.730s] DEBUG:colcon.colcon_core.event_handler.log_command:Invoking command in '/home/orin/sim_ws/build/wall_follow': CMAKE_PREFIX_PATH=${CMAKE_PREFIX_PATH}:/home/orin/sim_ws/install/f1tenth_gym_ros:/opt/ros/foxy /usr/bin/cmake --install /home/orin/sim_ws/build/wall_follow
[1.812s] Level 1:colcon.colcon_core.environment:create_environment_scripts_only(gap_follow)
[1.821s] Level 1:colcon.colcon_core.environment:checking '/home/orin/sim_ws/install/gap_follow' for CMake module files
[1.822s] Level 1:colcon.colcon_core.environment:checking '/home/orin/sim_ws/install/gap_follow' for CMake config files
[1.822s] Level 1:colcon.colcon_core.shell:create_environment_hook('gap_follow', 'cmake_prefix_path')
[1.823s] INFO:colcon.colcon_core.shell:Creating environment hook '/home/orin/sim_ws/install/gap_follow/share/gap_follow/hook/cmake_prefix_path.ps1'
[1.826s] DEBUG:colcon.colcon_core.event_handler.log_command:Invoked command in '/home/orin/sim_ws/build/gap_follow' returned '0': CMAKE_PREFIX_PATH=${CMAKE_PREFIX_PATH}:/home/orin/sim_ws/install/f1tenth_gym_ros:/opt/ros/foxy /usr/bin/cmake --install /home/orin/sim_ws/build/gap_follow
[1.828s] INFO:colcon.colcon_core.shell:Creating environment descriptor '/home/orin/sim_ws/install/gap_follow/share/gap_follow/hook/cmake_prefix_path.dsv'
[1.830s] INFO:colcon.colcon_core.shell:Creating environment hook '/home/orin/sim_ws/install/gap_follow/share/gap_follow/hook/cmake_prefix_path.sh'
[1.833s] Level 1:colcon.colcon_core.environment:checking '/home/orin/sim_ws/install/gap_follow/lib'
[1.833s] Level 1:colcon.colcon_core.environment:checking '/home/orin/sim_ws/install/gap_follow/bin'
[1.834s] Level 1:colcon.colcon_core.environment:checking '/home/orin/sim_ws/install/gap_follow/lib/pkgconfig/gap_follow.pc'
[1.834s] Level 1:colcon.colcon_core.environment:checking '/home/orin/sim_ws/install/gap_follow/lib/python3.8/site-packages'
[1.834s] Level 1:colcon.colcon_core.shell:create_environment_hook('gap_follow', 'pythonpath')
[1.835s] INFO:colcon.colcon_core.shell:Creating environment hook '/home/orin/sim_ws/install/gap_follow/share/gap_follow/hook/pythonpath.ps1'
[1.836s] INFO:colcon.colcon_core.shell:Creating environment descriptor '/home/orin/sim_ws/install/gap_follow/share/gap_follow/hook/pythonpath.dsv'
[1.838s] INFO:colcon.colcon_core.shell:Creating environment hook '/home/orin/sim_ws/install/gap_follow/share/gap_follow/hook/pythonpath.sh'
[1.839s] Level 1:colcon.colcon_core.environment:checking '/home/orin/sim_ws/install/gap_follow/bin'
[1.840s] INFO:colcon.colcon_core.shell:Creating package script '/home/orin/sim_ws/install/gap_follow/share/gap_follow/package.ps1'
[1.843s] INFO:colcon.colcon_core.shell:Creating package descriptor '/home/orin/sim_ws/install/gap_follow/share/gap_follow/package.dsv'
[1.845s] INFO:colcon.colcon_core.shell:Creating package script '/home/orin/sim_ws/install/gap_follow/share/gap_follow/package.sh'
[1.847s] INFO:colcon.colcon_core.shell:Creating package script '/home/orin/sim_ws/install/gap_follow/share/gap_follow/package.bash'
[1.849s] INFO:colcon.colcon_core.shell:Creating package script '/home/orin/sim_ws/install/gap_follow/share/gap_follow/package.zsh'
[1.850s] Level 1:colcon.colcon_core.environment:create_file_with_runtime_dependencies(/home/orin/sim_ws/install/gap_follow/share/colcon-core/packages/gap_follow)
[1.860s] Level 1:colcon.colcon_core.environment:create_environment_scripts_only(safety_node)
[1.861s] Level 1:colcon.colcon_core.environment:checking '/home/orin/sim_ws/install/safety_node' for CMake module files
[1.862s] DEBUG:colcon.colcon_core.event_handler.log_command:Invoked command in '/home/orin/sim_ws/build/safety_node' returned '0': CMAKE_PREFIX_PATH=${CMAKE_PREFIX_PATH}:/home/orin/sim_ws/install/f1tenth_gym_ros:/opt/ros/foxy /usr/bin/cmake --install /home/orin/sim_ws/build/safety_node
[1.863s] Level 1:colcon.colcon_core.environment:checking '/home/orin/sim_ws/install/safety_node' for CMake config files
[1.864s] Level 1:colcon.colcon_core.shell:create_environment_hook('safety_node', 'cmake_prefix_path')
[1.864s] INFO:colcon.colcon_core.shell:Creating environment hook '/home/orin/sim_ws/install/safety_node/share/safety_node/hook/cmake_prefix_path.ps1'
[1.866s] INFO:colcon.colcon_core.shell:Creating environment descriptor '/home/orin/sim_ws/install/safety_node/share/safety_node/hook/cmake_prefix_path.dsv'
[1.866s] INFO:colcon.colcon_core.shell:Creating environment hook '/home/orin/sim_ws/install/safety_node/share/safety_node/hook/cmake_prefix_path.sh'
[1.868s] Level 1:colcon.colcon_core.environment:checking '/home/orin/sim_ws/install/safety_node/lib'
[1.868s] Level 1:colcon.colcon_core.environment:checking '/home/orin/sim_ws/install/safety_node/bin'
[1.868s] Level 1:colcon.colcon_core.environment:checking '/home/orin/sim_ws/install/safety_node/lib/pkgconfig/safety_node.pc'
[1.868s] Level 1:colcon.colcon_core.environment:checking '/home/orin/sim_ws/install/safety_node/lib/python3.8/site-packages'
[1.869s] Level 1:colcon.colcon_core.shell:create_environment_hook('safety_node', 'pythonpath')
[1.869s] INFO:colcon.colcon_core.shell:Creating environment hook '/home/orin/sim_ws/install/safety_node/share/safety_node/hook/pythonpath.ps1'
[1.870s] INFO:colcon.colcon_core.shell:Creating environment descriptor '/home/orin/sim_ws/install/safety_node/share/safety_node/hook/pythonpath.dsv'
[1.871s] INFO:colcon.colcon_core.shell:Creating environment hook '/home/orin/sim_ws/install/safety_node/share/safety_node/hook/pythonpath.sh'
[1.872s] Level 1:colcon.colcon_core.environment:checking '/home/orin/sim_ws/install/safety_node/bin'
[1.872s] INFO:colcon.colcon_core.shell:Creating package script '/home/orin/sim_ws/install/safety_node/share/safety_node/package.ps1'
[1.873s] INFO:colcon.colcon_core.shell:Creating package descriptor '/home/orin/sim_ws/install/safety_node/share/safety_node/package.dsv'
[1.874s] INFO:colcon.colcon_core.shell:Creating package script '/home/orin/sim_ws/install/safety_node/share/safety_node/package.sh'
[1.875s] INFO:colcon.colcon_core.shell:Creating package script '/home/orin/sim_ws/install/safety_node/share/safety_node/package.bash'
[1.876s] INFO:colcon.colcon_core.shell:Creating package script '/home/orin/sim_ws/install/safety_node/share/safety_node/package.zsh'
[1.877s] Level 1:colcon.colcon_core.environment:create_file_with_runtime_dependencies(/home/orin/sim_ws/install/safety_node/share/colcon-core/packages/safety_node)
[1.885s] Level 1:colcon.colcon_core.environment:create_environment_scripts_only(wall_follow)
[1.886s] Level 1:colcon.colcon_core.environment:checking '/home/orin/sim_ws/install/wall_follow' for CMake module files
[1.886s] DEBUG:colcon.colcon_core.event_handler.log_command:Invoked command in '/home/orin/sim_ws/build/wall_follow' returned '0': CMAKE_PREFIX_PATH=${CMAKE_PREFIX_PATH}:/home/orin/sim_ws/install/f1tenth_gym_ros:/opt/ros/foxy /usr/bin/cmake --install /home/orin/sim_ws/build/wall_follow
[1.888s] Level 1:colcon.colcon_core.environment:checking '/home/orin/sim_ws/install/wall_follow' for CMake config files
[1.888s] Level 1:colcon.colcon_core.shell:create_environment_hook('wall_follow', 'cmake_prefix_path')
[1.888s] INFO:colcon.colcon_core.shell:Creating environment hook '/home/orin/sim_ws/install/wall_follow/share/wall_follow/hook/cmake_prefix_path.ps1'
[1.890s] INFO:colcon.colcon_core.shell:Creating environment descriptor '/home/orin/sim_ws/install/wall_follow/share/wall_follow/hook/cmake_prefix_path.dsv'
[1.891s] INFO:colcon.colcon_core.shell:Creating environment hook '/home/orin/sim_ws/install/wall_follow/share/wall_follow/hook/cmake_prefix_path.sh'
[1.892s] Level 1:colcon.colcon_core.environment:checking '/home/orin/sim_ws/install/wall_follow/lib'
[1.893s] Level 1:colcon.colcon_core.environment:checking '/home/orin/sim_ws/install/wall_follow/bin'
[1.893s] Level 1:colcon.colcon_core.environment:checking '/home/orin/sim_ws/install/wall_follow/lib/pkgconfig/wall_follow.pc'
[1.893s] Level 1:colcon.colcon_core.environment:checking '/home/orin/sim_ws/install/wall_follow/lib/python3.8/site-packages'
[1.893s] Level 1:colcon.colcon_core.shell:create_environment_hook('wall_follow', 'pythonpath')
[1.894s] INFO:colcon.colcon_core.shell:Creating environment hook '/home/orin/sim_ws/install/wall_follow/share/wall_follow/hook/pythonpath.ps1'
[1.895s] INFO:colcon.colcon_core.shell:Creating environment descriptor '/home/orin/sim_ws/install/wall_follow/share/wall_follow/hook/pythonpath.dsv'
[1.895s] INFO:colcon.colcon_core.shell:Creating environment hook '/home/orin/sim_ws/install/wall_follow/share/wall_follow/hook/pythonpath.sh'
[1.896s] Level 1:colcon.colcon_core.environment:checking '/home/orin/sim_ws/install/wall_follow/bin'
[1.897s] INFO:colcon.colcon_core.shell:Creating package script '/home/orin/sim_ws/install/wall_follow/share/wall_follow/package.ps1'
[1.898s] INFO:colcon.colcon_core.shell:Creating package descriptor '/home/orin/sim_ws/install/wall_follow/share/wall_follow/package.dsv'
[1.899s] INFO:colcon.colcon_core.shell:Creating package script '/home/orin/sim_ws/install/wall_follow/share/wall_follow/package.sh'
[1.900s] INFO:colcon.colcon_core.shell:Creating package script '/home/orin/sim_ws/install/wall_follow/share/wall_follow/package.bash'
[1.901s] INFO:colcon.colcon_core.shell:Creating package script '/home/orin/sim_ws/install/wall_follow/share/wall_follow/package.zsh'
[1.902s] Level 1:colcon.colcon_core.environment:create_file_with_runtime_dependencies(/home/orin/sim_ws/install/wall_follow/share/colcon-core/packages/wall_follow)
[1.912s] Level 1:colcon.colcon_core.environment:create_environment_scripts_only(gap_follow)
[1.913s] Level 1:colcon.colcon_core.environment:checking '/home/orin/sim_ws/install/gap_follow' for CMake module files
[1.914s] Level 1:colcon.colcon_core.environment:checking '/home/orin/sim_ws/install/gap_follow' for CMake config files
[1.914s] Level 1:colcon.colcon_core.shell:create_environment_hook('gap_follow', 'cmake_prefix_path')
[1.915s] INFO:colcon.colcon_core.shell:Creating environment hook '/home/orin/sim_ws/install/gap_follow/share/gap_follow/hook/cmake_prefix_path.ps1'
[1.916s] INFO:colcon.colcon_core.shell:Creating environment descriptor '/home/orin/sim_ws/install/gap_follow/share/gap_follow/hook/cmake_prefix_path.dsv'
[1.917s] INFO:colcon.colcon_core.shell:Creating environment hook '/home/orin/sim_ws/install/gap_follow/share/gap_follow/hook/cmake_prefix_path.sh'
[1.918s] Level 1:colcon.colcon_core.environment:checking '/home/orin/sim_ws/install/gap_follow/lib'
[1.919s] Level 1:colcon.colcon_core.environment:checking '/home/orin/sim_ws/install/gap_follow/bin'
[1.919s] Level 1:colcon.colcon_core.environment:checking '/home/orin/sim_ws/install/gap_follow/lib/pkgconfig/gap_follow.pc'
[1.919s] Level 1:colcon.colcon_core.environment:checking '/home/orin/sim_ws/install/gap_follow/lib/python3.8/site-packages'
[1.919s] Level 1:colcon.colcon_core.shell:create_environment_hook('gap_follow', 'pythonpath')
[1.920s] INFO:colcon.colcon_core.shell:Creating environment hook '/home/orin/sim_ws/install/gap_follow/share/gap_follow/hook/pythonpath.ps1'
[1.921s] INFO:colcon.colcon_core.shell:Creating environment descriptor '/home/orin/sim_ws/install/gap_follow/share/gap_follow/hook/pythonpath.dsv'
[1.922s] INFO:colcon.colcon_core.shell:Creating environment hook '/home/orin/sim_ws/install/gap_follow/share/gap_follow/hook/pythonpath.sh'
[1.923s] Level 1:colcon.colcon_core.environment:checking '/home/orin/sim_ws/install/gap_follow/bin'
[1.924s] INFO:colcon.colcon_core.shell:Creating package script '/home/orin/sim_ws/install/gap_follow/share/gap_follow/package.ps1'
[1.926s] INFO:colcon.colcon_core.shell:Creating package descriptor '/home/orin/sim_ws/install/gap_follow/share/gap_follow/package.dsv'
[1.927s] INFO:colcon.colcon_core.shell:Creating package script '/home/orin/sim_ws/install/gap_follow/share/gap_follow/package.sh'
[1.928s] INFO:colcon.colcon_core.shell:Creating package script '/home/orin/sim_ws/install/gap_follow/share/gap_follow/package.bash'
[1.929s] INFO:colcon.colcon_core.shell:Creating package script '/home/orin/sim_ws/install/gap_follow/share/gap_follow/package.zsh'
[1.930s] Level 1:colcon.colcon_core.environment:create_file_with_runtime_dependencies(/home/orin/sim_ws/install/gap_follow/share/colcon-core/packages/gap_follow)
[1.933s] Level 1:colcon.colcon_core.environment:create_environment_scripts_only(safety_node)
[1.933s] Level 1:colcon.colcon_core.environment:checking '/home/orin/sim_ws/install/safety_node' for CMake module files
[1.934s] Level 1:colcon.colcon_core.environment:checking '/home/orin/sim_ws/install/safety_node' for CMake config files
[1.934s] Level 1:colcon.colcon_core.shell:create_environment_hook('safety_node', 'cmake_prefix_path')
[1.935s] INFO:colcon.colcon_core.shell:Creating environment hook '/home/orin/sim_ws/install/safety_node/share/safety_node/hook/cmake_prefix_path.ps1'
[1.936s] INFO:colcon.colcon_core.shell:Creating environment descriptor '/home/orin/sim_ws/install/safety_node/share/safety_node/hook/cmake_prefix_path.dsv'
[1.937s] INFO:colcon.colcon_core.shell:Creating environment hook '/home/orin/sim_ws/install/safety_node/share/safety_node/hook/cmake_prefix_path.sh'
[1.938s] Level 1:colcon.colcon_core.environment:checking '/home/orin/sim_ws/install/safety_node/lib'
[1.938s] Level 1:colcon.colcon_core.environment:checking '/home/orin/sim_ws/install/safety_node/bin'
[1.938s] Level 1:colcon.colcon_core.environment:checking '/home/orin/sim_ws/install/safety_node/lib/pkgconfig/safety_node.pc'
[1.939s] Level 1:colcon.colcon_core.environment:checking '/home/orin/sim_ws/install/safety_node/lib/python3.8/site-packages'
[1.939s] Level 1:colcon.colcon_core.shell:create_environment_hook('safety_node', 'pythonpath')
[1.939s] INFO:colcon.colcon_core.shell:Creating environment hook '/home/orin/sim_ws/install/safety_node/share/safety_node/hook/pythonpath.ps1'
[1.940s] INFO:colcon.colcon_core.shell:Creating environment descriptor '/home/orin/sim_ws/install/safety_node/share/safety_node/hook/pythonpath.dsv'
[1.941s] INFO:colcon.colcon_core.shell:Creating environment hook '/home/orin/sim_ws/install/safety_node/share/safety_node/hook/pythonpath.sh'
[1.942s] Level 1:colcon.colcon_core.environment:checking '/home/orin/sim_ws/install/safety_node/bin'
[1.943s] INFO:colcon.colcon_core.shell:Creating package script '/home/orin/sim_ws/install/safety_node/share/safety_node/package.ps1'
[1.944s] INFO:colcon.colcon_core.shell:Creating package descriptor '/home/orin/sim_ws/install/safety_node/share/safety_node/package.dsv'
[1.945s] INFO:colcon.colcon_core.shell:Creating package script '/home/orin/sim_ws/install/safety_node/share/safety_node/package.sh'
[1.946s] INFO:colcon.colcon_core.shell:Creating package script '/home/orin/sim_ws/install/safety_node/share/safety_node/package.bash'
[1.947s] INFO:colcon.colcon_core.shell:Creating package script '/home/orin/sim_ws/install/safety_node/share/safety_node/package.zsh'
[1.948s] Level 1:colcon.colcon_core.environment:create_file_with_runtime_dependencies(/home/orin/sim_ws/install/safety_node/share/colcon-core/packages/safety_node)
[1.950s] Level 1:colcon.colcon_core.environment:create_environment_scripts_only(wall_follow)
[1.951s] Level 1:colcon.colcon_core.environment:checking '/home/orin/sim_ws/install/wall_follow' for CMake module files
[1.952s] Level 1:colcon.colcon_core.environment:checking '/home/orin/sim_ws/install/wall_follow' for CMake config files
[1.952s] Level 1:colcon.colcon_core.shell:create_environment_hook('wall_follow', 'cmake_prefix_path')
[1.952s] INFO:colcon.colcon_core.shell:Creating environment hook '/home/orin/sim_ws/install/wall_follow/share/wall_follow/hook/cmake_prefix_path.ps1'
[1.953s] INFO:colcon.colcon_core.shell:Creating environment descriptor '/home/orin/sim_ws/install/wall_follow/share/wall_follow/hook/cmake_prefix_path.dsv'
[1.954s] INFO:colcon.colcon_core.shell:Creating environment hook '/home/orin/sim_ws/install/wall_follow/share/wall_follow/hook/cmake_prefix_path.sh'
[1.955s] Level 1:colcon.colcon_core.environment:checking '/home/orin/sim_ws/install/wall_follow/lib'
[1.955s] Level 1:colcon.colcon_core.environment:checking '/home/orin/sim_ws/install/wall_follow/bin'
[1.956s] Level 1:colcon.colcon_core.environment:checking '/home/orin/sim_ws/install/wall_follow/lib/pkgconfig/wall_follow.pc'
[1.956s] Level 1:colcon.colcon_core.environment:checking '/home/orin/sim_ws/install/wall_follow/lib/python3.8/site-packages'
[1.956s] Level 1:colcon.colcon_core.shell:create_environment_hook('wall_follow', 'pythonpath')
[1.957s] INFO:colcon.colcon_core.shell:Creating environment hook '/home/orin/sim_ws/install/wall_follow/share/wall_follow/hook/pythonpath.ps1'
[1.957s] INFO:colcon.colcon_core.shell:Creating environment descriptor '/home/orin/sim_ws/install/wall_follow/share/wall_follow/hook/pythonpath.dsv'
[1.958s] INFO:colcon.colcon_core.shell:Creating environment hook '/home/orin/sim_ws/install/wall_follow/share/wall_follow/hook/pythonpath.sh'
[1.959s] Level 1:colcon.colcon_core.environment:checking '/home/orin/sim_ws/install/wall_follow/bin'
[1.960s] INFO:colcon.colcon_core.shell:Creating package script '/home/orin/sim_ws/install/wall_follow/share/wall_follow/package.ps1'
[1.961s] INFO:colcon.colcon_core.shell:Creating package descriptor '/home/orin/sim_ws/install/wall_follow/share/wall_follow/package.dsv'
[1.962s] INFO:colcon.colcon_core.shell:Creating package script '/home/orin/sim_ws/install/wall_follow/share/wall_follow/package.sh'
[1.963s] INFO:colcon.colcon_core.shell:Creating package script '/home/orin/sim_ws/install/wall_follow/share/wall_follow/package.bash'
[1.964s] INFO:colcon.colcon_core.shell:Creating package script '/home/orin/sim_ws/install/wall_follow/share/wall_follow/package.zsh'
[1.964s] Level 1:colcon.colcon_core.environment:create_file_with_runtime_dependencies(/home/orin/sim_ws/install/wall_follow/share/colcon-core/packages/wall_follow)
[2.419s] DEBUG:colcon.colcon_core.event_handler.log_command:Invoking command in '/home/orin/sim_ws/src/f1tenth_gym_ros': PYTHONPATH=/home/orin/sim_ws/build/f1tenth_gym_ros/prefix_override:/usr/lib/python3/dist-packages/colcon_core/task/python/colcon_distutils_commands:/home/orin/sim_ws/install/f1tenth_gym_ros/lib/python3.8/site-packages:${PYTHONPATH} /usr/bin/python3 -W ignore:setup.py install is deprecated -W ignore:easy_install command is deprecated setup.py egg_info --egg-base ../../build/f1tenth_gym_ros build --build-base /home/orin/sim_ws/build/f1tenth_gym_ros/build install --record /home/orin/sim_ws/build/f1tenth_gym_ros/install.log --single-version-externally-managed install_data
[3.046s] Level 1:colcon.colcon_core.environment:checking '/home/orin/sim_ws/install/f1tenth_gym_ros' for CMake module files
[3.048s] DEBUG:colcon.colcon_core.event_handler.log_command:Invoked command in '/home/orin/sim_ws/src/f1tenth_gym_ros' returned '0': PYTHONPATH=/home/orin/sim_ws/build/f1tenth_gym_ros/prefix_override:/usr/lib/python3/dist-packages/colcon_core/task/python/colcon_distutils_commands:/home/orin/sim_ws/install/f1tenth_gym_ros/lib/python3.8/site-packages:${PYTHONPATH} /usr/bin/python3 -W ignore:setup.py install is deprecated -W ignore:easy_install command is deprecated setup.py egg_info --egg-base ../../build/f1tenth_gym_ros build --build-base /home/orin/sim_ws/build/f1tenth_gym_ros/build install --record /home/orin/sim_ws/build/f1tenth_gym_ros/install.log --single-version-externally-managed install_data
[3.049s] Level 1:colcon.colcon_core.environment:checking '/home/orin/sim_ws/install/f1tenth_gym_ros' for CMake config files
[3.052s] Level 1:colcon.colcon_core.environment:checking '/home/orin/sim_ws/install/f1tenth_gym_ros/lib'
[3.052s] Level 1:colcon.colcon_core.environment:checking '/home/orin/sim_ws/install/f1tenth_gym_ros/bin'
[3.052s] Level 1:colcon.colcon_core.environment:checking '/home/orin/sim_ws/install/f1tenth_gym_ros/lib/pkgconfig/f1tenth_gym_ros.pc'
[3.053s] Level 1:colcon.colcon_core.environment:checking '/home/orin/sim_ws/install/f1tenth_gym_ros/lib/python3.8/site-packages'
[3.053s] Level 1:colcon.colcon_core.shell:create_environment_hook('f1tenth_gym_ros', 'pythonpath')
[3.054s] INFO:colcon.colcon_core.shell:Creating environment hook '/home/orin/sim_ws/install/f1tenth_gym_ros/share/f1tenth_gym_ros/hook/pythonpath.ps1'
[3.056s] INFO:colcon.colcon_core.shell:Creating environment descriptor '/home/orin/sim_ws/install/f1tenth_gym_ros/share/f1tenth_gym_ros/hook/pythonpath.dsv'
[3.058s] INFO:colcon.colcon_core.shell:Creating environment hook '/home/orin/sim_ws/install/f1tenth_gym_ros/share/f1tenth_gym_ros/hook/pythonpath.sh'
[3.060s] Level 1:colcon.colcon_core.environment:checking '/home/orin/sim_ws/install/f1tenth_gym_ros/bin'
[3.060s] Level 1:colcon.colcon_core.environment:create_environment_scripts_only(f1tenth_gym_ros)
[3.061s] INFO:colcon.colcon_core.shell:Creating package script '/home/orin/sim_ws/install/f1tenth_gym_ros/share/f1tenth_gym_ros/package.ps1'
[3.063s] INFO:colcon.colcon_core.shell:Creating package descriptor '/home/orin/sim_ws/install/f1tenth_gym_ros/share/f1tenth_gym_ros/package.dsv'
[3.065s] INFO:colcon.colcon_core.shell:Creating package script '/home/orin/sim_ws/install/f1tenth_gym_ros/share/f1tenth_gym_ros/package.sh'
[3.066s] INFO:colcon.colcon_core.shell:Creating package script '/home/orin/sim_ws/install/f1tenth_gym_ros/share/f1tenth_gym_ros/package.bash'
[3.068s] INFO:colcon.colcon_core.shell:Creating package script '/home/orin/sim_ws/install/f1tenth_gym_ros/share/f1tenth_gym_ros/package.zsh'
[3.069s] Level 1:colcon.colcon_core.environment:create_file_with_runtime_dependencies(/home/orin/sim_ws/install/f1tenth_gym_ros/share/colcon-core/packages/f1tenth_gym_ros)
[3.071s] DEBUG:colcon.colcon_parallel_executor.executor.parallel:closing loop
[3.072s] DEBUG:colcon.colcon_parallel_executor.executor.parallel:loop closed
[3.073s] DEBUG:colcon.colcon_parallel_executor.executor.parallel:run_until_complete finished with '0'
[3.073s] DEBUG:colcon.colcon_core.event_reactor:joining thread
[3.095s] INFO:colcon.colcon_core.plugin_system:Skipping extension 'colcon_notification.desktop_notification.terminal_notifier': Not used on non-Darwin systems
[3.096s] INFO:colcon.colcon_core.plugin_system:Skipping extension 'colcon_notification.desktop_notification.win32': Not used on non-Windows systems
[3.096s] INFO:colcon.colcon_notification.desktop_notification:Sending desktop notification using 'notify2'
[3.149s] DEBUG:colcon.colcon_core.event_reactor:joined thread
[3.150s] INFO:colcon.colcon_core.shell:Creating prefix script '/home/orin/sim_ws/install/local_setup.ps1'
[3.154s] INFO:colcon.colcon_core.shell:Creating prefix util module '/home/orin/sim_ws/install/_local_setup_util_ps1.py'
[3.159s] INFO:colcon.colcon_core.shell:Creating prefix chain script '/home/orin/sim_ws/install/setup.ps1'
[3.163s] INFO:colcon.colcon_core.shell:Creating prefix script '/home/orin/sim_ws/install/local_setup.sh'
[3.166s] INFO:colcon.colcon_core.shell:Creating prefix util module '/home/orin/sim_ws/install/_local_setup_util_sh.py'
[3.169s] INFO:colcon.colcon_core.shell:Creating prefix chain script '/home/orin/sim_ws/install/setup.sh'
[3.175s] INFO:colcon.colcon_core.shell:Creating prefix script '/home/orin/sim_ws/install/local_setup.bash'
[3.176s] INFO:colcon.colcon_core.shell:Creating prefix chain script '/home/orin/sim_ws/install/setup.bash'
[3.180s] INFO:colcon.colcon_core.shell:Creating prefix script '/home/orin/sim_ws/install/local_setup.zsh'
[3.182s] INFO:colcon.colcon_core.shell:Creating prefix chain script '/home/orin/sim_ws/install/setup.zsh'
