[0.464s] DEBUG:colcon:Command line arguments: ['/usr/bin/colcon', 'build']
[0.465s] DEBUG:colcon:Parsed command line arguments: Namespace(allow_overriding=[], ament_cmake_args=None, base_paths=['.'], build_base='build', catkin_cmake_args=None, catkin_skip_building_tests=False, cmake_args=None, cmake_clean_cache=False, cmake_clean_first=False, cmake_force_configure=False, cmake_target=None, cmake_target_skip_unavailable=False, continue_on_error=False, event_handlers=None, executor='parallel', ignore_user_meta=False, install_base='install', log_base=None, log_level=None, main=<bound method BuildVerb.main of <colcon_core.verb.build.BuildVerb object at 0xffff93775100>>, merge_install=False, metas=['./colcon.meta'], mixin=None, mixin_files=None, mixin_verb=('build',), packages_above=None, packages_above_and_dependencies=None, packages_above_depth=None, packages_end=None, packages_ignore=None, packages_ignore_regex=None, packages_select=None, packages_select_build_failed=False, packages_select_by_dep=None, packages_select_regex=None, packages_select_test_failures=False, packages_skip=None, packages_skip_build_finished=False, packages_skip_by_dep=None, packages_skip_regex=None, packages_skip_test_passed=False, packages_skip_up_to=None, packages_start=None, packages_up_to=None, packages_up_to_regex=None, parallel_workers=6, paths=None, symlink_install=False, test_result_base=None, verb_extension=<colcon_core.verb.build.BuildVerb object at 0xffff93775100>, verb_name='build', verb_parser=<colcon_mixin.mixin.mixin_argument.MixinArgumentDecorator object at 0xffff936bd040>)
[0.817s] Level 1:colcon.colcon_core.package_discovery:discover_packages(colcon_meta) check parameters
[0.818s] Level 1:colcon.colcon_core.package_discovery:discover_packages(recursive) check parameters
[0.818s] Level 1:colcon.colcon_core.package_discovery:discover_packages(ignore) check parameters
[0.818s] Level 1:colcon.colcon_core.package_discovery:discover_packages(path) check parameters
[0.818s] Level 1:colcon.colcon_core.package_discovery:discover_packages(colcon_meta) discover
[0.818s] Level 1:colcon.colcon_core.package_discovery:discover_packages(recursive) discover
[0.819s] INFO:colcon.colcon_core.package_discovery:Crawling recursively for packages in '/home/orin/sim_ws'
[0.819s] Level 1:colcon.colcon_core.package_identification:_identify(.) by extensions ['ignore', 'ignore_ament_install']
[0.819s] Level 1:colcon.colcon_core.package_identification:_identify(.) by extension 'ignore'
[0.819s] Level 1:colcon.colcon_core.package_identification:_identify(.) by extension 'ignore_ament_install'
[0.819s] Level 1:colcon.colcon_core.package_identification:_identify(.) by extensions ['colcon_pkg']
[0.820s] Level 1:colcon.colcon_core.package_identification:_identify(.) by extension 'colcon_pkg'
[0.820s] Level 1:colcon.colcon_core.package_identification:_identify(.) by extensions ['colcon_meta']
[0.820s] Level 1:colcon.colcon_core.package_identification:_identify(.) by extension 'colcon_meta'
[0.820s] Level 1:colcon.colcon_core.package_identification:_identify(.) by extensions ['ros']
[0.820s] Level 1:colcon.colcon_core.package_identification:_identify(.) by extension 'ros'
[0.845s] Level 1:colcon.colcon_core.package_identification:_identify(.) by extensions ['cmake', 'python']
[0.845s] Level 1:colcon.colcon_core.package_identification:_identify(.) by extension 'cmake'
[0.845s] Level 1:colcon.colcon_core.package_identification:_identify(.) by extension 'python'
[0.845s] Level 1:colcon.colcon_core.package_identification:_identify(.) by extensions ['python_setup_py']
[0.846s] Level 1:colcon.colcon_core.package_identification:_identify(.) by extension 'python_setup_py'
[0.846s] Level 1:colcon.colcon_core.package_identification:_identify(build) by extensions ['ignore', 'ignore_ament_install']
[0.846s] Level 1:colcon.colcon_core.package_identification:_identify(build) by extension 'ignore'
[0.846s] Level 1:colcon.colcon_core.package_identification:_identify(build) ignored
[0.847s] Level 1:colcon.colcon_core.package_identification:_identify(install) by extensions ['ignore', 'ignore_ament_install']
[0.847s] Level 1:colcon.colcon_core.package_identification:_identify(install) by extension 'ignore'
[0.847s] Level 1:colcon.colcon_core.package_identification:_identify(install) ignored
[0.848s] Level 1:colcon.colcon_core.package_identification:_identify(log) by extensions ['ignore', 'ignore_ament_install']
[0.848s] Level 1:colcon.colcon_core.package_identification:_identify(log) by extension 'ignore'
[0.848s] Level 1:colcon.colcon_core.package_identification:_identify(log) ignored
[0.848s] Level 1:colcon.colcon_core.package_identification:_identify(src) by extensions ['ignore', 'ignore_ament_install']
[0.848s] Level 1:colcon.colcon_core.package_identification:_identify(src) by extension 'ignore'
[0.848s] Level 1:colcon.colcon_core.package_identification:_identify(src) by extension 'ignore_ament_install'
[0.849s] Level 1:colcon.colcon_core.package_identification:_identify(src) by extensions ['colcon_pkg']
[0.849s] Level 1:colcon.colcon_core.package_identification:_identify(src) by extension 'colcon_pkg'
[0.849s] Level 1:colcon.colcon_core.package_identification:_identify(src) by extensions ['colcon_meta']
[0.849s] Level 1:colcon.colcon_core.package_identification:_identify(src) by extension 'colcon_meta'
[0.849s] Level 1:colcon.colcon_core.package_identification:_identify(src) by extensions ['ros']
[0.849s] Level 1:colcon.colcon_core.package_identification:_identify(src) by extension 'ros'
[0.849s] Level 1:colcon.colcon_core.package_identification:_identify(src) by extensions ['cmake', 'python']
[0.849s] Level 1:colcon.colcon_core.package_identification:_identify(src) by extension 'cmake'
[0.849s] Level 1:colcon.colcon_core.package_identification:_identify(src) by extension 'python'
[0.850s] Level 1:colcon.colcon_core.package_identification:_identify(src) by extensions ['python_setup_py']
[0.850s] Level 1:colcon.colcon_core.package_identification:_identify(src) by extension 'python_setup_py'
[0.850s] Level 1:colcon.colcon_core.package_identification:_identify(src/f1tenth_gym_ros) by extensions ['ignore', 'ignore_ament_install']
[0.850s] Level 1:colcon.colcon_core.package_identification:_identify(src/f1tenth_gym_ros) by extension 'ignore'
[0.850s] Level 1:colcon.colcon_core.package_identification:_identify(src/f1tenth_gym_ros) by extension 'ignore_ament_install'
[0.850s] Level 1:colcon.colcon_core.package_identification:_identify(src/f1tenth_gym_ros) by extensions ['colcon_pkg']
[0.851s] Level 1:colcon.colcon_core.package_identification:_identify(src/f1tenth_gym_ros) by extension 'colcon_pkg'
[0.851s] Level 1:colcon.colcon_core.package_identification:_identify(src/f1tenth_gym_ros) by extensions ['colcon_meta']
[0.851s] Level 1:colcon.colcon_core.package_identification:_identify(src/f1tenth_gym_ros) by extension 'colcon_meta'
[0.851s] Level 1:colcon.colcon_core.package_identification:_identify(src/f1tenth_gym_ros) by extensions ['ros']
[0.851s] Level 1:colcon.colcon_core.package_identification:_identify(src/f1tenth_gym_ros) by extension 'ros'
[0.859s] DEBUG:colcon.colcon_core.package_identification:Package 'src/f1tenth_gym_ros' with type 'ros.ament_python' and name 'f1tenth_gym_ros'
[0.860s] Level 1:colcon.colcon_core.package_identification:_identify(src/gap_follow) by extensions ['ignore', 'ignore_ament_install']
[0.861s] Level 1:colcon.colcon_core.package_identification:_identify(src/gap_follow) by extension 'ignore'
[0.861s] Level 1:colcon.colcon_core.package_identification:_identify(src/gap_follow) by extension 'ignore_ament_install'
[0.861s] Level 1:colcon.colcon_core.package_identification:_identify(src/gap_follow) by extensions ['colcon_pkg']
[0.861s] Level 1:colcon.colcon_core.package_identification:_identify(src/gap_follow) by extension 'colcon_pkg'
[0.861s] Level 1:colcon.colcon_core.package_identification:_identify(src/gap_follow) by extensions ['colcon_meta']
[0.862s] Level 1:colcon.colcon_core.package_identification:_identify(src/gap_follow) by extension 'colcon_meta'
[0.862s] Level 1:colcon.colcon_core.package_identification:_identify(src/gap_follow) by extensions ['ros']
[0.862s] Level 1:colcon.colcon_core.package_identification:_identify(src/gap_follow) by extension 'ros'
[0.864s] DEBUG:colcon.colcon_core.package_identification:Package 'src/gap_follow' with type 'ros.ament_cmake' and name 'gap_follow'
[0.865s] Level 1:colcon.colcon_core.package_identification:_identify(src/safety_node) by extensions ['ignore', 'ignore_ament_install']
[0.865s] Level 1:colcon.colcon_core.package_identification:_identify(src/safety_node) by extension 'ignore'
[0.865s] Level 1:colcon.colcon_core.package_identification:_identify(src/safety_node) by extension 'ignore_ament_install'
[0.865s] Level 1:colcon.colcon_core.package_identification:_identify(src/safety_node) by extensions ['colcon_pkg']
[0.865s] Level 1:colcon.colcon_core.package_identification:_identify(src/safety_node) by extension 'colcon_pkg'
[0.866s] Level 1:colcon.colcon_core.package_identification:_identify(src/safety_node) by extensions ['colcon_meta']
[0.866s] Level 1:colcon.colcon_core.package_identification:_identify(src/safety_node) by extension 'colcon_meta'
[0.866s] Level 1:colcon.colcon_core.package_identification:_identify(src/safety_node) by extensions ['ros']
[0.866s] Level 1:colcon.colcon_core.package_identification:_identify(src/safety_node) by extension 'ros'
[0.868s] DEBUG:colcon.colcon_core.package_identification:Package 'src/safety_node' with type 'ros.ament_cmake' and name 'safety_node'
[0.868s] Level 1:colcon.colcon_core.package_identification:_identify(src/wall_follow) by extensions ['ignore', 'ignore_ament_install']
[0.869s] Level 1:colcon.colcon_core.package_identification:_identify(src/wall_follow) by extension 'ignore'
[0.869s] Level 1:colcon.colcon_core.package_identification:_identify(src/wall_follow) by extension 'ignore_ament_install'
[0.869s] Level 1:colcon.colcon_core.package_identification:_identify(src/wall_follow) by extensions ['colcon_pkg']
[0.869s] Level 1:colcon.colcon_core.package_identification:_identify(src/wall_follow) by extension 'colcon_pkg'
[0.869s] Level 1:colcon.colcon_core.package_identification:_identify(src/wall_follow) by extensions ['colcon_meta']
[0.869s] Level 1:colcon.colcon_core.package_identification:_identify(src/wall_follow) by extension 'colcon_meta'
[0.869s] Level 1:colcon.colcon_core.package_identification:_identify(src/wall_follow) by extensions ['ros']
[0.869s] Level 1:colcon.colcon_core.package_identification:_identify(src/wall_follow) by extension 'ros'
[0.871s] DEBUG:colcon.colcon_core.package_identification:Package 'src/wall_follow' with type 'ros.ament_cmake' and name 'wall_follow'
[0.871s] Level 1:colcon.colcon_core.package_discovery:discover_packages(recursive) using defaults
[0.872s] Level 1:colcon.colcon_core.package_discovery:discover_packages(ignore) discover
[0.872s] Level 1:colcon.colcon_core.package_discovery:discover_packages(ignore) using defaults
[0.872s] Level 1:colcon.colcon_core.package_discovery:discover_packages(path) discover
[0.872s] Level 1:colcon.colcon_core.package_discovery:discover_packages(path) using defaults
[0.910s] Level 1:colcon.colcon_core.package_discovery:discover_packages(prefix_path) check parameters
[0.910s] Level 1:colcon.colcon_core.package_discovery:discover_packages(prefix_path) discover
[0.915s] DEBUG:colcon.colcon_installed_package_information.package_discovery:Found 4 installed packages in /home/orin/sim_ws/install
[0.917s] DEBUG:colcon.colcon_installed_package_information.package_discovery:Found 279 installed packages in /opt/ros/foxy
[0.958s] Level 1:colcon.colcon_core.package_discovery:discover_packages(prefix_path) using defaults
[1.094s] Level 5:colcon.colcon_core.verb:set package 'f1tenth_gym_ros' build argument 'cmake_args' from command line to 'None'
[1.094s] Level 5:colcon.colcon_core.verb:set package 'f1tenth_gym_ros' build argument 'cmake_target' from command line to 'None'
[1.094s] Level 5:colcon.colcon_core.verb:set package 'f1tenth_gym_ros' build argument 'cmake_target_skip_unavailable' from command line to 'False'
[1.094s] Level 5:colcon.colcon_core.verb:set package 'f1tenth_gym_ros' build argument 'cmake_clean_cache' from command line to 'False'
[1.094s] Level 5:colcon.colcon_core.verb:set package 'f1tenth_gym_ros' build argument 'cmake_clean_first' from command line to 'False'
[1.094s] Level 5:colcon.colcon_core.verb:set package 'f1tenth_gym_ros' build argument 'cmake_force_configure' from command line to 'False'
[1.094s] Level 5:colcon.colcon_core.verb:set package 'f1tenth_gym_ros' build argument 'ament_cmake_args' from command line to 'None'
[1.094s] Level 5:colcon.colcon_core.verb:set package 'f1tenth_gym_ros' build argument 'catkin_cmake_args' from command line to 'None'
[1.095s] Level 5:colcon.colcon_core.verb:set package 'f1tenth_gym_ros' build argument 'catkin_skip_building_tests' from command line to 'False'
[1.095s] DEBUG:colcon.colcon_core.verb:Building package 'f1tenth_gym_ros' with the following arguments: {'ament_cmake_args': None, 'build_base': '/home/orin/sim_ws/build/f1tenth_gym_ros', 'catkin_cmake_args': None, 'catkin_skip_building_tests': False, 'cmake_args': None, 'cmake_clean_cache': False, 'cmake_clean_first': False, 'cmake_force_configure': False, 'cmake_target': None, 'cmake_target_skip_unavailable': False, 'install_base': '/home/orin/sim_ws/install/f1tenth_gym_ros', 'merge_install': False, 'path': '/home/orin/sim_ws/src/f1tenth_gym_ros', 'symlink_install': False, 'test_result_base': None}
[1.096s] Level 5:colcon.colcon_core.verb:set package 'gap_follow' build argument 'cmake_args' from command line to 'None'
[1.096s] Level 5:colcon.colcon_core.verb:set package 'gap_follow' build argument 'cmake_target' from command line to 'None'
[1.096s] Level 5:colcon.colcon_core.verb:set package 'gap_follow' build argument 'cmake_target_skip_unavailable' from command line to 'False'
[1.096s] Level 5:colcon.colcon_core.verb:set package 'gap_follow' build argument 'cmake_clean_cache' from command line to 'False'
[1.096s] Level 5:colcon.colcon_core.verb:set package 'gap_follow' build argument 'cmake_clean_first' from command line to 'False'
[1.096s] Level 5:colcon.colcon_core.verb:set package 'gap_follow' build argument 'cmake_force_configure' from command line to 'False'
[1.097s] Level 5:colcon.colcon_core.verb:set package 'gap_follow' build argument 'ament_cmake_args' from command line to 'None'
[1.097s] Level 5:colcon.colcon_core.verb:set package 'gap_follow' build argument 'catkin_cmake_args' from command line to 'None'
[1.097s] Level 5:colcon.colcon_core.verb:set package 'gap_follow' build argument 'catkin_skip_building_tests' from command line to 'False'
[1.097s] DEBUG:colcon.colcon_core.verb:Building package 'gap_follow' with the following arguments: {'ament_cmake_args': None, 'build_base': '/home/orin/sim_ws/build/gap_follow', 'catkin_cmake_args': None, 'catkin_skip_building_tests': False, 'cmake_args': None, 'cmake_clean_cache': False, 'cmake_clean_first': False, 'cmake_force_configure': False, 'cmake_target': None, 'cmake_target_skip_unavailable': False, 'install_base': '/home/orin/sim_ws/install/gap_follow', 'merge_install': False, 'path': '/home/orin/sim_ws/src/gap_follow', 'symlink_install': False, 'test_result_base': None}
[1.098s] Level 5:colcon.colcon_core.verb:set package 'safety_node' build argument 'cmake_args' from command line to 'None'
[1.098s] Level 5:colcon.colcon_core.verb:set package 'safety_node' build argument 'cmake_target' from command line to 'None'
[1.098s] Level 5:colcon.colcon_core.verb:set package 'safety_node' build argument 'cmake_target_skip_unavailable' from command line to 'False'
[1.098s] Level 5:colcon.colcon_core.verb:set package 'safety_node' build argument 'cmake_clean_cache' from command line to 'False'
[1.098s] Level 5:colcon.colcon_core.verb:set package 'safety_node' build argument 'cmake_clean_first' from command line to 'False'
[1.098s] Level 5:colcon.colcon_core.verb:set package 'safety_node' build argument 'cmake_force_configure' from command line to 'False'
[1.098s] Level 5:colcon.colcon_core.verb:set package 'safety_node' build argument 'ament_cmake_args' from command line to 'None'
[1.098s] Level 5:colcon.colcon_core.verb:set package 'safety_node' build argument 'catkin_cmake_args' from command line to 'None'
[1.098s] Level 5:colcon.colcon_core.verb:set package 'safety_node' build argument 'catkin_skip_building_tests' from command line to 'False'
[1.099s] DEBUG:colcon.colcon_core.verb:Building package 'safety_node' with the following arguments: {'ament_cmake_args': None, 'build_base': '/home/orin/sim_ws/build/safety_node', 'catkin_cmake_args': None, 'catkin_skip_building_tests': False, 'cmake_args': None, 'cmake_clean_cache': False, 'cmake_clean_first': False, 'cmake_force_configure': False, 'cmake_target': None, 'cmake_target_skip_unavailable': False, 'install_base': '/home/orin/sim_ws/install/safety_node', 'merge_install': False, 'path': '/home/orin/sim_ws/src/safety_node', 'symlink_install': False, 'test_result_base': None}
[1.099s] Level 5:colcon.colcon_core.verb:set package 'wall_follow' build argument 'cmake_args' from command line to 'None'
[1.100s] Level 5:colcon.colcon_core.verb:set package 'wall_follow' build argument 'cmake_target' from command line to 'None'
[1.100s] Level 5:colcon.colcon_core.verb:set package 'wall_follow' build argument 'cmake_target_skip_unavailable' from command line to 'False'
[1.100s] Level 5:colcon.colcon_core.verb:set package 'wall_follow' build argument 'cmake_clean_cache' from command line to 'False'
[1.100s] Level 5:colcon.colcon_core.verb:set package 'wall_follow' build argument 'cmake_clean_first' from command line to 'False'
[1.100s] Level 5:colcon.colcon_core.verb:set package 'wall_follow' build argument 'cmake_force_configure' from command line to 'False'
[1.100s] Level 5:colcon.colcon_core.verb:set package 'wall_follow' build argument 'ament_cmake_args' from command line to 'None'
[1.100s] Level 5:colcon.colcon_core.verb:set package 'wall_follow' build argument 'catkin_cmake_args' from command line to 'None'
[1.100s] Level 5:colcon.colcon_core.verb:set package 'wall_follow' build argument 'catkin_skip_building_tests' from command line to 'False'
[1.100s] DEBUG:colcon.colcon_core.verb:Building package 'wall_follow' with the following arguments: {'ament_cmake_args': None, 'build_base': '/home/orin/sim_ws/build/wall_follow', 'catkin_cmake_args': None, 'catkin_skip_building_tests': False, 'cmake_args': None, 'cmake_clean_cache': False, 'cmake_clean_first': False, 'cmake_force_configure': False, 'cmake_target': None, 'cmake_target_skip_unavailable': False, 'install_base': '/home/orin/sim_ws/install/wall_follow', 'merge_install': False, 'path': '/home/orin/sim_ws/src/wall_follow', 'symlink_install': False, 'test_result_base': None}
[1.100s] INFO:colcon.colcon_core.executor:Executing jobs using 'parallel' executor
[1.103s] DEBUG:colcon.colcon_parallel_executor.executor.parallel:run_until_complete
[1.104s] INFO:colcon.colcon_ros.task.ament_python.build:Building ROS package in '/home/orin/sim_ws/src/f1tenth_gym_ros' with build type 'ament_python'
[1.104s] Level 1:colcon.colcon_core.shell:create_environment_hook('f1tenth_gym_ros', 'ament_prefix_path')
[1.108s] INFO:colcon.colcon_core.plugin_system:Skipping extension 'colcon_core.shell.bat': Not used on non-Windows systems
[1.109s] INFO:colcon.colcon_core.shell:Creating environment hook '/home/orin/sim_ws/install/f1tenth_gym_ros/share/f1tenth_gym_ros/hook/ament_prefix_path.ps1'
[1.111s] INFO:colcon.colcon_core.shell:Creating environment descriptor '/home/orin/sim_ws/install/f1tenth_gym_ros/share/f1tenth_gym_ros/hook/ament_prefix_path.dsv'
[1.112s] INFO:colcon.colcon_core.shell:Creating environment hook '/home/orin/sim_ws/install/f1tenth_gym_ros/share/f1tenth_gym_ros/hook/ament_prefix_path.sh'
[1.114s] INFO:colcon.colcon_core.shell:Skip shell extension 'powershell' for command environment: Not usable outside of PowerShell
[1.114s] DEBUG:colcon.colcon_core.shell:Skip shell extension 'dsv' for command environment
[1.126s] INFO:colcon.colcon_ros.task.ament_cmake.build:Building ROS package in '/home/orin/sim_ws/src/gap_follow' with build type 'ament_cmake'
[1.126s] INFO:colcon.colcon_cmake.task.cmake.build:Building CMake package in '/home/orin/sim_ws/src/gap_follow'
[1.127s] INFO:colcon.colcon_core.shell:Skip shell extension 'powershell' for command environment: Not usable outside of PowerShell
[1.128s] DEBUG:colcon.colcon_core.shell:Skip shell extension 'dsv' for command environment
[1.142s] INFO:colcon.colcon_ros.task.ament_cmake.build:Building ROS package in '/home/orin/sim_ws/src/safety_node' with build type 'ament_cmake'
[1.143s] INFO:colcon.colcon_cmake.task.cmake.build:Building CMake package in '/home/orin/sim_ws/src/safety_node'
[1.144s] INFO:colcon.colcon_core.shell:Skip shell extension 'powershell' for command environment: Not usable outside of PowerShell
[1.145s] DEBUG:colcon.colcon_core.shell:Skip shell extension 'dsv' for command environment
[1.156s] INFO:colcon.colcon_ros.task.ament_cmake.build:Building ROS package in '/home/orin/sim_ws/src/wall_follow' with build type 'ament_cmake'
[1.157s] INFO:colcon.colcon_cmake.task.cmake.build:Building CMake package in '/home/orin/sim_ws/src/wall_follow'
[1.158s] INFO:colcon.colcon_core.shell:Skip shell extension 'powershell' for command environment: Not usable outside of PowerShell
[1.159s] DEBUG:colcon.colcon_core.shell:Skip shell extension 'dsv' for command environment
[1.701s] INFO:colcon.colcon_core.task.python.build:Building Python package in '/home/orin/sim_ws/src/f1tenth_gym_ros'
[1.702s] INFO:colcon.colcon_core.shell:Skip shell extension 'powershell' for command environment: Not usable outside of PowerShell
[1.702s] DEBUG:colcon.colcon_core.shell:Skip shell extension 'dsv' for command environment
[1.722s] DEBUG:colcon.colcon_core.event_handler.log_command:Invoking command in '/home/orin/sim_ws/build/gap_follow': CMAKE_PREFIX_PATH=${CMAKE_PREFIX_PATH}:/home/orin/sim_ws/install/f1tenth_gym_ros:/opt/ros/foxy /usr/bin/cmake --build /home/orin/sim_ws/build/gap_follow -- -j6 -l6
[1.746s] DEBUG:colcon.colcon_core.event_handler.log_command:Invoking command in '/home/orin/sim_ws/build/safety_node': CMAKE_PREFIX_PATH=${CMAKE_PREFIX_PATH}:/home/orin/sim_ws/install/f1tenth_gym_ros:/opt/ros/foxy /usr/bin/cmake --build /home/orin/sim_ws/build/safety_node -- -j6 -l6
[1.755s] DEBUG:colcon.colcon_core.event_handler.log_command:Invoking command in '/home/orin/sim_ws/build/wall_follow': CMAKE_PREFIX_PATH=${CMAKE_PREFIX_PATH}:/home/orin/sim_ws/install/f1tenth_gym_ros:/opt/ros/foxy /usr/bin/cmake --build /home/orin/sim_ws/build/wall_follow -- -j6 -l6
[1.839s] DEBUG:colcon.colcon_core.event_handler.log_command:Invoked command in '/home/orin/sim_ws/build/gap_follow' returned '0': CMAKE_PREFIX_PATH=${CMAKE_PREFIX_PATH}:/home/orin/sim_ws/install/f1tenth_gym_ros:/opt/ros/foxy /usr/bin/cmake --build /home/orin/sim_ws/build/gap_follow -- -j6 -l6
[1.860s] DEBUG:colcon.colcon_core.event_handler.log_command:Invoked command in '/home/orin/sim_ws/build/safety_node' returned '0': CMAKE_PREFIX_PATH=${CMAKE_PREFIX_PATH}:/home/orin/sim_ws/install/f1tenth_gym_ros:/opt/ros/foxy /usr/bin/cmake --build /home/orin/sim_ws/build/safety_node -- -j6 -l6
[1.882s] DEBUG:colcon.colcon_core.event_handler.log_command:Invoked command in '/home/orin/sim_ws/build/wall_follow' returned '0': CMAKE_PREFIX_PATH=${CMAKE_PREFIX_PATH}:/home/orin/sim_ws/install/f1tenth_gym_ros:/opt/ros/foxy /usr/bin/cmake --build /home/orin/sim_ws/build/wall_follow -- -j6 -l6
[1.929s] DEBUG:colcon.colcon_core.event_handler.log_command:Invoking command in '/home/orin/sim_ws/build/gap_follow': CMAKE_PREFIX_PATH=${CMAKE_PREFIX_PATH}:/home/orin/sim_ws/install/f1tenth_gym_ros:/opt/ros/foxy /usr/bin/cmake --install /home/orin/sim_ws/build/gap_follow
[1.948s] DEBUG:colcon.colcon_core.event_handler.log_command:Invoking command in '/home/orin/sim_ws/build/safety_node': CMAKE_PREFIX_PATH=${CMAKE_PREFIX_PATH}:/home/orin/sim_ws/install/f1tenth_gym_ros:/opt/ros/foxy /usr/bin/cmake --install /home/orin/sim_ws/build/safety_node
[1.981s] DEBUG:colcon.colcon_core.event_handler.log_command:Invoking command in '/home/orin/sim_ws/build/wall_follow': CMAKE_PREFIX_PATH=${CMAKE_PREFIX_PATH}:/home/orin/sim_ws/install/f1tenth_gym_ros:/opt/ros/foxy /usr/bin/cmake --install /home/orin/sim_ws/build/wall_follow
[2.051s] Level 1:colcon.colcon_core.environment:create_environment_scripts_only(gap_follow)
[2.060s] DEBUG:colcon.colcon_core.event_handler.log_command:Invoked command in '/home/orin/sim_ws/build/gap_follow' returned '0': CMAKE_PREFIX_PATH=${CMAKE_PREFIX_PATH}:/home/orin/sim_ws/install/f1tenth_gym_ros:/opt/ros/foxy /usr/bin/cmake --install /home/orin/sim_ws/build/gap_follow
[2.062s] Level 1:colcon.colcon_core.environment:checking '/home/orin/sim_ws/install/gap_follow' for CMake module files
[2.065s] Level 1:colcon.colcon_core.environment:checking '/home/orin/sim_ws/install/gap_follow' for CMake config files
[2.066s] Level 1:colcon.colcon_core.shell:create_environment_hook('gap_follow', 'cmake_prefix_path')
[2.067s] INFO:colcon.colcon_core.shell:Creating environment hook '/home/orin/sim_ws/install/gap_follow/share/gap_follow/hook/cmake_prefix_path.ps1'
[2.068s] INFO:colcon.colcon_core.shell:Creating environment descriptor '/home/orin/sim_ws/install/gap_follow/share/gap_follow/hook/cmake_prefix_path.dsv'
[2.069s] INFO:colcon.colcon_core.shell:Creating environment hook '/home/orin/sim_ws/install/gap_follow/share/gap_follow/hook/cmake_prefix_path.sh'
[2.071s] Level 1:colcon.colcon_core.environment:checking '/home/orin/sim_ws/install/gap_follow/lib'
[2.071s] Level 1:colcon.colcon_core.environment:checking '/home/orin/sim_ws/install/gap_follow/bin'
[2.072s] Level 1:colcon.colcon_core.environment:checking '/home/orin/sim_ws/install/gap_follow/lib/pkgconfig/gap_follow.pc'
[2.076s] Level 1:colcon.colcon_core.environment:checking '/home/orin/sim_ws/install/gap_follow/lib/python3.8/site-packages'
[2.076s] Level 1:colcon.colcon_core.shell:create_environment_hook('gap_follow', 'pythonpath')
[2.077s] INFO:colcon.colcon_core.shell:Creating environment hook '/home/orin/sim_ws/install/gap_follow/share/gap_follow/hook/pythonpath.ps1'
[2.079s] INFO:colcon.colcon_core.shell:Creating environment descriptor '/home/orin/sim_ws/install/gap_follow/share/gap_follow/hook/pythonpath.dsv'
[2.080s] INFO:colcon.colcon_core.shell:Creating environment hook '/home/orin/sim_ws/install/gap_follow/share/gap_follow/hook/pythonpath.sh'
[2.081s] Level 1:colcon.colcon_core.environment:checking '/home/orin/sim_ws/install/gap_follow/bin'
[2.082s] INFO:colcon.colcon_core.shell:Creating package script '/home/orin/sim_ws/install/gap_follow/share/gap_follow/package.ps1'
[2.085s] INFO:colcon.colcon_core.shell:Creating package descriptor '/home/orin/sim_ws/install/gap_follow/share/gap_follow/package.dsv'
[2.087s] INFO:colcon.colcon_core.shell:Creating package script '/home/orin/sim_ws/install/gap_follow/share/gap_follow/package.sh'
[2.094s] INFO:colcon.colcon_core.shell:Creating package script '/home/orin/sim_ws/install/gap_follow/share/gap_follow/package.bash'
[2.097s] INFO:colcon.colcon_core.shell:Creating package script '/home/orin/sim_ws/install/gap_follow/share/gap_follow/package.zsh'
[2.103s] Level 1:colcon.colcon_core.environment:create_file_with_runtime_dependencies(/home/orin/sim_ws/install/gap_follow/share/colcon-core/packages/gap_follow)
[2.129s] Level 1:colcon.colcon_core.environment:create_environment_scripts_only(wall_follow)
[2.130s] Level 1:colcon.colcon_core.environment:checking '/home/orin/sim_ws/install/wall_follow' for CMake module files
[2.134s] DEBUG:colcon.colcon_core.event_handler.log_command:Invoked command in '/home/orin/sim_ws/build/wall_follow' returned '0': CMAKE_PREFIX_PATH=${CMAKE_PREFIX_PATH}:/home/orin/sim_ws/install/f1tenth_gym_ros:/opt/ros/foxy /usr/bin/cmake --install /home/orin/sim_ws/build/wall_follow
[2.134s] Level 1:colcon.colcon_core.environment:checking '/home/orin/sim_ws/install/wall_follow' for CMake config files
[2.135s] Level 1:colcon.colcon_core.shell:create_environment_hook('wall_follow', 'cmake_prefix_path')
[2.136s] INFO:colcon.colcon_core.shell:Creating environment hook '/home/orin/sim_ws/install/wall_follow/share/wall_follow/hook/cmake_prefix_path.ps1'
[2.139s] INFO:colcon.colcon_core.shell:Creating environment descriptor '/home/orin/sim_ws/install/wall_follow/share/wall_follow/hook/cmake_prefix_path.dsv'
[2.141s] INFO:colcon.colcon_core.shell:Creating environment hook '/home/orin/sim_ws/install/wall_follow/share/wall_follow/hook/cmake_prefix_path.sh'
[2.143s] Level 1:colcon.colcon_core.environment:checking '/home/orin/sim_ws/install/wall_follow/lib'
[2.143s] Level 1:colcon.colcon_core.environment:checking '/home/orin/sim_ws/install/wall_follow/bin'
[2.143s] Level 1:colcon.colcon_core.environment:checking '/home/orin/sim_ws/install/wall_follow/lib/pkgconfig/wall_follow.pc'
[2.144s] Level 1:colcon.colcon_core.environment:checking '/home/orin/sim_ws/install/wall_follow/lib/python3.8/site-packages'
[2.144s] Level 1:colcon.colcon_core.shell:create_environment_hook('wall_follow', 'pythonpath')
[2.145s] INFO:colcon.colcon_core.shell:Creating environment hook '/home/orin/sim_ws/install/wall_follow/share/wall_follow/hook/pythonpath.ps1'
[2.146s] INFO:colcon.colcon_core.shell:Creating environment descriptor '/home/orin/sim_ws/install/wall_follow/share/wall_follow/hook/pythonpath.dsv'
[2.147s] INFO:colcon.colcon_core.shell:Creating environment hook '/home/orin/sim_ws/install/wall_follow/share/wall_follow/hook/pythonpath.sh'
[2.149s] Level 1:colcon.colcon_core.environment:checking '/home/orin/sim_ws/install/wall_follow/bin'
[2.150s] INFO:colcon.colcon_core.shell:Creating package script '/home/orin/sim_ws/install/wall_follow/share/wall_follow/package.ps1'
[2.151s] INFO:colcon.colcon_core.shell:Creating package descriptor '/home/orin/sim_ws/install/wall_follow/share/wall_follow/package.dsv'
[2.152s] INFO:colcon.colcon_core.shell:Creating package script '/home/orin/sim_ws/install/wall_follow/share/wall_follow/package.sh'
[2.153s] INFO:colcon.colcon_core.shell:Creating package script '/home/orin/sim_ws/install/wall_follow/share/wall_follow/package.bash'
[2.154s] INFO:colcon.colcon_core.shell:Creating package script '/home/orin/sim_ws/install/wall_follow/share/wall_follow/package.zsh'
[2.155s] Level 1:colcon.colcon_core.environment:create_file_with_runtime_dependencies(/home/orin/sim_ws/install/wall_follow/share/colcon-core/packages/wall_follow)
[2.177s] Level 1:colcon.colcon_core.environment:create_environment_scripts_only(safety_node)
[2.178s] DEBUG:colcon.colcon_core.event_handler.log_command:Invoked command in '/home/orin/sim_ws/build/safety_node' returned '0': CMAKE_PREFIX_PATH=${CMAKE_PREFIX_PATH}:/home/orin/sim_ws/install/f1tenth_gym_ros:/opt/ros/foxy /usr/bin/cmake --install /home/orin/sim_ws/build/safety_node
[2.180s] Level 1:colcon.colcon_core.environment:checking '/home/orin/sim_ws/install/safety_node' for CMake module files
[2.184s] Level 1:colcon.colcon_core.environment:checking '/home/orin/sim_ws/install/safety_node' for CMake config files
[2.185s] Level 1:colcon.colcon_core.shell:create_environment_hook('safety_node', 'cmake_prefix_path')
[2.186s] INFO:colcon.colcon_core.shell:Creating environment hook '/home/orin/sim_ws/install/safety_node/share/safety_node/hook/cmake_prefix_path.ps1'
[2.187s] INFO:colcon.colcon_core.shell:Creating environment descriptor '/home/orin/sim_ws/install/safety_node/share/safety_node/hook/cmake_prefix_path.dsv'
[2.188s] INFO:colcon.colcon_core.shell:Creating environment hook '/home/orin/sim_ws/install/safety_node/share/safety_node/hook/cmake_prefix_path.sh'
[2.189s] Level 1:colcon.colcon_core.environment:checking '/home/orin/sim_ws/install/safety_node/lib'
[2.189s] Level 1:colcon.colcon_core.environment:checking '/home/orin/sim_ws/install/safety_node/bin'
[2.190s] Level 1:colcon.colcon_core.environment:checking '/home/orin/sim_ws/install/safety_node/lib/pkgconfig/safety_node.pc'
[2.190s] Level 1:colcon.colcon_core.environment:checking '/home/orin/sim_ws/install/safety_node/lib/python3.8/site-packages'
[2.190s] Level 1:colcon.colcon_core.shell:create_environment_hook('safety_node', 'pythonpath')
[2.191s] INFO:colcon.colcon_core.shell:Creating environment hook '/home/orin/sim_ws/install/safety_node/share/safety_node/hook/pythonpath.ps1'
[2.192s] INFO:colcon.colcon_core.shell:Creating environment descriptor '/home/orin/sim_ws/install/safety_node/share/safety_node/hook/pythonpath.dsv'
[2.193s] INFO:colcon.colcon_core.shell:Creating environment hook '/home/orin/sim_ws/install/safety_node/share/safety_node/hook/pythonpath.sh'
[2.194s] Level 1:colcon.colcon_core.environment:checking '/home/orin/sim_ws/install/safety_node/bin'
[2.195s] INFO:colcon.colcon_core.shell:Creating package script '/home/orin/sim_ws/install/safety_node/share/safety_node/package.ps1'
[2.196s] INFO:colcon.colcon_core.shell:Creating package descriptor '/home/orin/sim_ws/install/safety_node/share/safety_node/package.dsv'
[2.197s] INFO:colcon.colcon_core.shell:Creating package script '/home/orin/sim_ws/install/safety_node/share/safety_node/package.sh'
[2.198s] INFO:colcon.colcon_core.shell:Creating package script '/home/orin/sim_ws/install/safety_node/share/safety_node/package.bash'
[2.199s] INFO:colcon.colcon_core.shell:Creating package script '/home/orin/sim_ws/install/safety_node/share/safety_node/package.zsh'
[2.200s] Level 1:colcon.colcon_core.environment:create_file_with_runtime_dependencies(/home/orin/sim_ws/install/safety_node/share/colcon-core/packages/safety_node)
[2.213s] Level 1:colcon.colcon_core.environment:create_environment_scripts_only(gap_follow)
[2.214s] Level 1:colcon.colcon_core.environment:checking '/home/orin/sim_ws/install/gap_follow' for CMake module files
[2.216s] Level 1:colcon.colcon_core.environment:checking '/home/orin/sim_ws/install/gap_follow' for CMake config files
[2.217s] Level 1:colcon.colcon_core.shell:create_environment_hook('gap_follow', 'cmake_prefix_path')
[2.218s] INFO:colcon.colcon_core.shell:Creating environment hook '/home/orin/sim_ws/install/gap_follow/share/gap_follow/hook/cmake_prefix_path.ps1'
[2.220s] INFO:colcon.colcon_core.shell:Creating environment descriptor '/home/orin/sim_ws/install/gap_follow/share/gap_follow/hook/cmake_prefix_path.dsv'
[2.221s] INFO:colcon.colcon_core.shell:Creating environment hook '/home/orin/sim_ws/install/gap_follow/share/gap_follow/hook/cmake_prefix_path.sh'
[2.223s] Level 1:colcon.colcon_core.environment:checking '/home/orin/sim_ws/install/gap_follow/lib'
[2.223s] Level 1:colcon.colcon_core.environment:checking '/home/orin/sim_ws/install/gap_follow/bin'
[2.223s] Level 1:colcon.colcon_core.environment:checking '/home/orin/sim_ws/install/gap_follow/lib/pkgconfig/gap_follow.pc'
[2.223s] Level 1:colcon.colcon_core.environment:checking '/home/orin/sim_ws/install/gap_follow/lib/python3.8/site-packages'
[2.224s] Level 1:colcon.colcon_core.shell:create_environment_hook('gap_follow', 'pythonpath')
[2.224s] INFO:colcon.colcon_core.shell:Creating environment hook '/home/orin/sim_ws/install/gap_follow/share/gap_follow/hook/pythonpath.ps1'
[2.225s] INFO:colcon.colcon_core.shell:Creating environment descriptor '/home/orin/sim_ws/install/gap_follow/share/gap_follow/hook/pythonpath.dsv'
[2.227s] INFO:colcon.colcon_core.shell:Creating environment hook '/home/orin/sim_ws/install/gap_follow/share/gap_follow/hook/pythonpath.sh'
[2.228s] Level 1:colcon.colcon_core.environment:checking '/home/orin/sim_ws/install/gap_follow/bin'
[2.229s] INFO:colcon.colcon_core.shell:Creating package script '/home/orin/sim_ws/install/gap_follow/share/gap_follow/package.ps1'
[2.231s] INFO:colcon.colcon_core.shell:Creating package descriptor '/home/orin/sim_ws/install/gap_follow/share/gap_follow/package.dsv'
[2.232s] INFO:colcon.colcon_core.shell:Creating package script '/home/orin/sim_ws/install/gap_follow/share/gap_follow/package.sh'
[2.233s] INFO:colcon.colcon_core.shell:Creating package script '/home/orin/sim_ws/install/gap_follow/share/gap_follow/package.bash'
[2.234s] INFO:colcon.colcon_core.shell:Creating package script '/home/orin/sim_ws/install/gap_follow/share/gap_follow/package.zsh'
[2.236s] Level 1:colcon.colcon_core.environment:create_file_with_runtime_dependencies(/home/orin/sim_ws/install/gap_follow/share/colcon-core/packages/gap_follow)
[2.240s] Level 1:colcon.colcon_core.environment:create_environment_scripts_only(wall_follow)
[2.241s] Level 1:colcon.colcon_core.environment:checking '/home/orin/sim_ws/install/wall_follow' for CMake module files
[2.242s] Level 1:colcon.colcon_core.environment:checking '/home/orin/sim_ws/install/wall_follow' for CMake config files
[2.242s] Level 1:colcon.colcon_core.shell:create_environment_hook('wall_follow', 'cmake_prefix_path')
[2.243s] INFO:colcon.colcon_core.shell:Creating environment hook '/home/orin/sim_ws/install/wall_follow/share/wall_follow/hook/cmake_prefix_path.ps1'
[2.244s] INFO:colcon.colcon_core.shell:Creating environment descriptor '/home/orin/sim_ws/install/wall_follow/share/wall_follow/hook/cmake_prefix_path.dsv'
[2.245s] INFO:colcon.colcon_core.shell:Creating environment hook '/home/orin/sim_ws/install/wall_follow/share/wall_follow/hook/cmake_prefix_path.sh'
[2.246s] Level 1:colcon.colcon_core.environment:checking '/home/orin/sim_ws/install/wall_follow/lib'
[2.247s] Level 1:colcon.colcon_core.environment:checking '/home/orin/sim_ws/install/wall_follow/bin'
[2.247s] Level 1:colcon.colcon_core.environment:checking '/home/orin/sim_ws/install/wall_follow/lib/pkgconfig/wall_follow.pc'
[2.247s] Level 1:colcon.colcon_core.environment:checking '/home/orin/sim_ws/install/wall_follow/lib/python3.8/site-packages'
[2.247s] Level 1:colcon.colcon_core.shell:create_environment_hook('wall_follow', 'pythonpath')
[2.248s] INFO:colcon.colcon_core.shell:Creating environment hook '/home/orin/sim_ws/install/wall_follow/share/wall_follow/hook/pythonpath.ps1'
[2.249s] INFO:colcon.colcon_core.shell:Creating environment descriptor '/home/orin/sim_ws/install/wall_follow/share/wall_follow/hook/pythonpath.dsv'
[2.250s] INFO:colcon.colcon_core.shell:Creating environment hook '/home/orin/sim_ws/install/wall_follow/share/wall_follow/hook/pythonpath.sh'
[2.251s] Level 1:colcon.colcon_core.environment:checking '/home/orin/sim_ws/install/wall_follow/bin'
[2.253s] INFO:colcon.colcon_core.shell:Creating package script '/home/orin/sim_ws/install/wall_follow/share/wall_follow/package.ps1'
[2.255s] INFO:colcon.colcon_core.shell:Creating package descriptor '/home/orin/sim_ws/install/wall_follow/share/wall_follow/package.dsv'
[2.257s] INFO:colcon.colcon_core.shell:Creating package script '/home/orin/sim_ws/install/wall_follow/share/wall_follow/package.sh'
[2.259s] INFO:colcon.colcon_core.shell:Creating package script '/home/orin/sim_ws/install/wall_follow/share/wall_follow/package.bash'
[2.260s] INFO:colcon.colcon_core.shell:Creating package script '/home/orin/sim_ws/install/wall_follow/share/wall_follow/package.zsh'
[2.262s] Level 1:colcon.colcon_core.environment:create_file_with_runtime_dependencies(/home/orin/sim_ws/install/wall_follow/share/colcon-core/packages/wall_follow)
[2.273s] Level 1:colcon.colcon_core.environment:create_environment_scripts_only(safety_node)
[2.274s] Level 1:colcon.colcon_core.environment:checking '/home/orin/sim_ws/install/safety_node' for CMake module files
[2.275s] Level 1:colcon.colcon_core.environment:checking '/home/orin/sim_ws/install/safety_node' for CMake config files
[2.275s] Level 1:colcon.colcon_core.shell:create_environment_hook('safety_node', 'cmake_prefix_path')
[2.276s] INFO:colcon.colcon_core.shell:Creating environment hook '/home/orin/sim_ws/install/safety_node/share/safety_node/hook/cmake_prefix_path.ps1'
[2.277s] INFO:colcon.colcon_core.shell:Creating environment descriptor '/home/orin/sim_ws/install/safety_node/share/safety_node/hook/cmake_prefix_path.dsv'
[2.279s] INFO:colcon.colcon_core.shell:Creating environment hook '/home/orin/sim_ws/install/safety_node/share/safety_node/hook/cmake_prefix_path.sh'
[2.280s] Level 1:colcon.colcon_core.environment:checking '/home/orin/sim_ws/install/safety_node/lib'
[2.281s] Level 1:colcon.colcon_core.environment:checking '/home/orin/sim_ws/install/safety_node/bin'
[2.281s] Level 1:colcon.colcon_core.environment:checking '/home/orin/sim_ws/install/safety_node/lib/pkgconfig/safety_node.pc'
[2.281s] Level 1:colcon.colcon_core.environment:checking '/home/orin/sim_ws/install/safety_node/lib/python3.8/site-packages'
[2.282s] Level 1:colcon.colcon_core.shell:create_environment_hook('safety_node', 'pythonpath')
[2.282s] INFO:colcon.colcon_core.shell:Creating environment hook '/home/orin/sim_ws/install/safety_node/share/safety_node/hook/pythonpath.ps1'
[2.284s] INFO:colcon.colcon_core.shell:Creating environment descriptor '/home/orin/sim_ws/install/safety_node/share/safety_node/hook/pythonpath.dsv'
[2.284s] INFO:colcon.colcon_core.shell:Creating environment hook '/home/orin/sim_ws/install/safety_node/share/safety_node/hook/pythonpath.sh'
[2.286s] Level 1:colcon.colcon_core.environment:checking '/home/orin/sim_ws/install/safety_node/bin'
[2.287s] INFO:colcon.colcon_core.shell:Creating package script '/home/orin/sim_ws/install/safety_node/share/safety_node/package.ps1'
[2.288s] INFO:colcon.colcon_core.shell:Creating package descriptor '/home/orin/sim_ws/install/safety_node/share/safety_node/package.dsv'
[2.289s] INFO:colcon.colcon_core.shell:Creating package script '/home/orin/sim_ws/install/safety_node/share/safety_node/package.sh'
[2.290s] INFO:colcon.colcon_core.shell:Creating package script '/home/orin/sim_ws/install/safety_node/share/safety_node/package.bash'
[2.291s] INFO:colcon.colcon_core.shell:Creating package script '/home/orin/sim_ws/install/safety_node/share/safety_node/package.zsh'
[2.292s] Level 1:colcon.colcon_core.environment:create_file_with_runtime_dependencies(/home/orin/sim_ws/install/safety_node/share/colcon-core/packages/safety_node)
[2.842s] DEBUG:colcon.colcon_core.event_handler.log_command:Invoking command in '/home/orin/sim_ws/src/f1tenth_gym_ros': PYTHONPATH=/home/orin/sim_ws/build/f1tenth_gym_ros/prefix_override:/usr/lib/python3/dist-packages/colcon_core/task/python/colcon_distutils_commands:/home/orin/sim_ws/install/f1tenth_gym_ros/lib/python3.8/site-packages:${PYTHONPATH} /usr/bin/python3 -W ignore:setup.py install is deprecated -W ignore:easy_install command is deprecated setup.py egg_info --egg-base ../../build/f1tenth_gym_ros build --build-base /home/orin/sim_ws/build/f1tenth_gym_ros/build install --record /home/orin/sim_ws/build/f1tenth_gym_ros/install.log --single-version-externally-managed install_data
[3.521s] Level 1:colcon.colcon_core.environment:checking '/home/orin/sim_ws/install/f1tenth_gym_ros' for CMake module files
[3.523s] DEBUG:colcon.colcon_core.event_handler.log_command:Invoked command in '/home/orin/sim_ws/src/f1tenth_gym_ros' returned '0': PYTHONPATH=/home/orin/sim_ws/build/f1tenth_gym_ros/prefix_override:/usr/lib/python3/dist-packages/colcon_core/task/python/colcon_distutils_commands:/home/orin/sim_ws/install/f1tenth_gym_ros/lib/python3.8/site-packages:${PYTHONPATH} /usr/bin/python3 -W ignore:setup.py install is deprecated -W ignore:easy_install command is deprecated setup.py egg_info --egg-base ../../build/f1tenth_gym_ros build --build-base /home/orin/sim_ws/build/f1tenth_gym_ros/build install --record /home/orin/sim_ws/build/f1tenth_gym_ros/install.log --single-version-externally-managed install_data
[3.523s] Level 1:colcon.colcon_core.environment:checking '/home/orin/sim_ws/install/f1tenth_gym_ros' for CMake config files
[3.525s] Level 1:colcon.colcon_core.environment:checking '/home/orin/sim_ws/install/f1tenth_gym_ros/lib'
[3.525s] Level 1:colcon.colcon_core.environment:checking '/home/orin/sim_ws/install/f1tenth_gym_ros/bin'
[3.525s] Level 1:colcon.colcon_core.environment:checking '/home/orin/sim_ws/install/f1tenth_gym_ros/lib/pkgconfig/f1tenth_gym_ros.pc'
[3.526s] Level 1:colcon.colcon_core.environment:checking '/home/orin/sim_ws/install/f1tenth_gym_ros/lib/python3.8/site-packages'
[3.526s] Level 1:colcon.colcon_core.shell:create_environment_hook('f1tenth_gym_ros', 'pythonpath')
[3.526s] INFO:colcon.colcon_core.shell:Creating environment hook '/home/orin/sim_ws/install/f1tenth_gym_ros/share/f1tenth_gym_ros/hook/pythonpath.ps1'
[3.528s] INFO:colcon.colcon_core.shell:Creating environment descriptor '/home/orin/sim_ws/install/f1tenth_gym_ros/share/f1tenth_gym_ros/hook/pythonpath.dsv'
[3.529s] INFO:colcon.colcon_core.shell:Creating environment hook '/home/orin/sim_ws/install/f1tenth_gym_ros/share/f1tenth_gym_ros/hook/pythonpath.sh'
[3.530s] Level 1:colcon.colcon_core.environment:checking '/home/orin/sim_ws/install/f1tenth_gym_ros/bin'
[3.530s] Level 1:colcon.colcon_core.environment:create_environment_scripts_only(f1tenth_gym_ros)
[3.531s] INFO:colcon.colcon_core.shell:Creating package script '/home/orin/sim_ws/install/f1tenth_gym_ros/share/f1tenth_gym_ros/package.ps1'
[3.532s] INFO:colcon.colcon_core.shell:Creating package descriptor '/home/orin/sim_ws/install/f1tenth_gym_ros/share/f1tenth_gym_ros/package.dsv'
[3.533s] INFO:colcon.colcon_core.shell:Creating package script '/home/orin/sim_ws/install/f1tenth_gym_ros/share/f1tenth_gym_ros/package.sh'
[3.534s] INFO:colcon.colcon_core.shell:Creating package script '/home/orin/sim_ws/install/f1tenth_gym_ros/share/f1tenth_gym_ros/package.bash'
[3.535s] INFO:colcon.colcon_core.shell:Creating package script '/home/orin/sim_ws/install/f1tenth_gym_ros/share/f1tenth_gym_ros/package.zsh'
[3.536s] Level 1:colcon.colcon_core.environment:create_file_with_runtime_dependencies(/home/orin/sim_ws/install/f1tenth_gym_ros/share/colcon-core/packages/f1tenth_gym_ros)
[3.538s] DEBUG:colcon.colcon_parallel_executor.executor.parallel:closing loop
[3.539s] DEBUG:colcon.colcon_parallel_executor.executor.parallel:loop closed
[3.540s] DEBUG:colcon.colcon_parallel_executor.executor.parallel:run_until_complete finished with '0'
[3.540s] DEBUG:colcon.colcon_core.event_reactor:joining thread
[3.558s] INFO:colcon.colcon_core.plugin_system:Skipping extension 'colcon_notification.desktop_notification.terminal_notifier': Not used on non-Darwin systems
[3.558s] INFO:colcon.colcon_core.plugin_system:Skipping extension 'colcon_notification.desktop_notification.win32': Not used on non-Windows systems
[3.558s] INFO:colcon.colcon_notification.desktop_notification:Sending desktop notification using 'notify2'
[3.597s] DEBUG:colcon.colcon_core.event_reactor:joined thread
[3.598s] INFO:colcon.colcon_core.shell:Creating prefix script '/home/orin/sim_ws/install/local_setup.ps1'
[3.601s] INFO:colcon.colcon_core.shell:Creating prefix util module '/home/orin/sim_ws/install/_local_setup_util_ps1.py'
[3.604s] INFO:colcon.colcon_core.shell:Creating prefix chain script '/home/orin/sim_ws/install/setup.ps1'
[3.607s] INFO:colcon.colcon_core.shell:Creating prefix script '/home/orin/sim_ws/install/local_setup.sh'
[3.608s] INFO:colcon.colcon_core.shell:Creating prefix util module '/home/orin/sim_ws/install/_local_setup_util_sh.py'
[3.611s] INFO:colcon.colcon_core.shell:Creating prefix chain script '/home/orin/sim_ws/install/setup.sh'
[3.615s] INFO:colcon.colcon_core.shell:Creating prefix script '/home/orin/sim_ws/install/local_setup.bash'
[3.616s] INFO:colcon.colcon_core.shell:Creating prefix chain script '/home/orin/sim_ws/install/setup.bash'
[3.620s] INFO:colcon.colcon_core.shell:Creating prefix script '/home/orin/sim_ws/install/local_setup.zsh'
[3.622s] INFO:colcon.colcon_core.shell:Creating prefix chain script '/home/orin/sim_ws/install/setup.zsh'
