[1.692s] Invoking command in '/home/orin/sim_ws/src/f1tenth_gym_ros': PYTHONPATH=/home/orin/sim_ws/build/f1tenth_gym_ros/prefix_override:/usr/lib/python3/dist-packages/colcon_core/task/python/colcon_distutils_commands:/home/orin/sim_ws/install/f1tenth_gym_ros/lib/python3.8/site-packages:${PYTHONPATH} /usr/bin/python3 -W ignore:setup.py install is deprecated -W ignore:easy_install command is deprecated setup.py egg_info --egg-base ../../build/f1tenth_gym_ros build --build-base /home/orin/sim_ws/build/f1tenth_gym_ros/build install --record /home/orin/sim_ws/build/f1tenth_gym_ros/install.log --single-version-externally-managed install_data
[2.178s] running egg_info
[2.180s] writing ../../build/f1tenth_gym_ros/f1tenth_gym_ros.egg-info/PKG-INFO
[2.180s] writing dependency_links to ../../build/f1tenth_gym_ros/f1tenth_gym_ros.egg-info/dependency_links.txt
[2.181s] writing entry points to ../../build/f1tenth_gym_ros/f1tenth_gym_ros.egg-info/entry_points.txt
[2.181s] writing requirements to ../../build/f1tenth_gym_ros/f1tenth_gym_ros.egg-info/requires.txt
[2.181s] writing top-level names to ../../build/f1tenth_gym_ros/f1tenth_gym_ros.egg-info/top_level.txt
[2.251s] reading manifest file '../../build/f1tenth_gym_ros/f1tenth_gym_ros.egg-info/SOURCES.txt'
[2.253s] writing manifest file '../../build/f1tenth_gym_ros/f1tenth_gym_ros.egg-info/SOURCES.txt'
[2.253s] running build
[2.254s] running build_py
[2.254s] running install
[2.255s] running install_lib
[2.259s] running install_data
[2.259s] running install_egg_info
[2.263s] removing '/home/orin/sim_ws/install/f1tenth_gym_ros/lib/python3.8/site-packages/f1tenth_gym_ros-0.0.0-py3.8.egg-info' (and everything under it)
[2.264s] Copying ../../build/f1tenth_gym_ros/f1tenth_gym_ros.egg-info to /home/orin/sim_ws/install/f1tenth_gym_ros/lib/python3.8/site-packages/f1tenth_gym_ros-0.0.0-py3.8.egg-info
[2.266s] running install_scripts
[2.306s] Installing gym_bridge script to /home/orin/sim_ws/install/f1tenth_gym_ros/lib/f1tenth_gym_ros
[2.307s] writing list of installed files to '/home/orin/sim_ws/build/f1tenth_gym_ros/install.log'
[2.384s] Invoked command in '/home/orin/sim_ws/src/f1tenth_gym_ros' returned '0': PYTHONPATH=/home/orin/sim_ws/build/f1tenth_gym_ros/prefix_override:/usr/lib/python3/dist-packages/colcon_core/task/python/colcon_distutils_commands:/home/orin/sim_ws/install/f1tenth_gym_ros/lib/python3.8/site-packages:${PYTHONPATH} /usr/bin/python3 -W ignore:setup.py install is deprecated -W ignore:easy_install command is deprecated setup.py egg_info --egg-base ../../build/f1tenth_gym_ros build --build-base /home/orin/sim_ws/build/f1tenth_gym_ros/build install --record /home/orin/sim_ws/build/f1tenth_gym_ros/install.log --single-version-externally-managed install_data
