[0.422s] DEBUG:colcon:Command line arguments: ['/usr/bin/colcon', 'build']
[0.422s] DEBUG:colcon:Parsed command line arguments: Namespace(allow_overriding=[], ament_cmake_args=None, base_paths=['.'], build_base='build', catkin_cmake_args=None, catkin_skip_building_tests=False, cmake_args=None, cmake_clean_cache=False, cmake_clean_first=False, cmake_force_configure=False, cmake_target=None, cmake_target_skip_unavailable=False, continue_on_error=False, event_handlers=None, executor='parallel', ignore_user_meta=False, install_base='install', log_base=None, log_level=None, main=<bound method BuildVerb.main of <colcon_core.verb.build.BuildVerb object at 0xffffaddd7fd0>>, merge_install=False, metas=['./colcon.meta'], mixin=None, mixin_files=None, mixin_verb=('build',), packages_above=None, packages_above_and_dependencies=None, packages_above_depth=None, packages_end=None, packages_ignore=None, packages_ignore_regex=None, packages_select=None, packages_select_build_failed=False, packages_select_by_dep=None, packages_select_regex=None, packages_select_test_failures=False, packages_skip=None, packages_skip_build_finished=False, packages_skip_by_dep=None, packages_skip_regex=None, packages_skip_test_passed=False, packages_skip_up_to=None, packages_start=None, packages_up_to=None, packages_up_to_regex=None, parallel_workers=6, paths=None, symlink_install=False, test_result_base=None, verb_extension=<colcon_core.verb.build.BuildVerb object at 0xffffaddd7fd0>, verb_name='build', verb_parser=<colcon_mixin.mixin.mixin_argument.MixinArgumentDecorator object at 0xffffadc8eeb0>)
[0.750s] Level 1:colcon.colcon_core.package_discovery:discover_packages(colcon_meta) check parameters
[0.750s] Level 1:colcon.colcon_core.package_discovery:discover_packages(recursive) check parameters
[0.750s] Level 1:colcon.colcon_core.package_discovery:discover_packages(ignore) check parameters
[0.750s] Level 1:colcon.colcon_core.package_discovery:discover_packages(path) check parameters
[0.750s] Level 1:colcon.colcon_core.package_discovery:discover_packages(colcon_meta) discover
[0.751s] Level 1:colcon.colcon_core.package_discovery:discover_packages(recursive) discover
[0.751s] INFO:colcon.colcon_core.package_discovery:Crawling recursively for packages in '/home/orin/sim_ws'
[0.751s] Level 1:colcon.colcon_core.package_identification:_identify(.) by extensions ['ignore', 'ignore_ament_install']
[0.751s] Level 1:colcon.colcon_core.package_identification:_identify(.) by extension 'ignore'
[0.751s] Level 1:colcon.colcon_core.package_identification:_identify(.) by extension 'ignore_ament_install'
[0.752s] Level 1:colcon.colcon_core.package_identification:_identify(.) by extensions ['colcon_pkg']
[0.752s] Level 1:colcon.colcon_core.package_identification:_identify(.) by extension 'colcon_pkg'
[0.752s] Level 1:colcon.colcon_core.package_identification:_identify(.) by extensions ['colcon_meta']
[0.752s] Level 1:colcon.colcon_core.package_identification:_identify(.) by extension 'colcon_meta'
[0.752s] Level 1:colcon.colcon_core.package_identification:_identify(.) by extensions ['ros']
[0.752s] Level 1:colcon.colcon_core.package_identification:_identify(.) by extension 'ros'
[0.775s] Level 1:colcon.colcon_core.package_identification:_identify(.) by extensions ['cmake', 'python']
[0.776s] Level 1:colcon.colcon_core.package_identification:_identify(.) by extension 'cmake'
[0.776s] Level 1:colcon.colcon_core.package_identification:_identify(.) by extension 'python'
[0.776s] Level 1:colcon.colcon_core.package_identification:_identify(.) by extensions ['python_setup_py']
[0.776s] Level 1:colcon.colcon_core.package_identification:_identify(.) by extension 'python_setup_py'
[0.776s] Level 1:colcon.colcon_core.package_identification:_identify(build) by extensions ['ignore', 'ignore_ament_install']
[0.777s] Level 1:colcon.colcon_core.package_identification:_identify(build) by extension 'ignore'
[0.777s] Level 1:colcon.colcon_core.package_identification:_identify(build) ignored
[0.777s] Level 1:colcon.colcon_core.package_identification:_identify(install) by extensions ['ignore', 'ignore_ament_install']
[0.777s] Level 1:colcon.colcon_core.package_identification:_identify(install) by extension 'ignore'
[0.777s] Level 1:colcon.colcon_core.package_identification:_identify(install) ignored
[0.778s] Level 1:colcon.colcon_core.package_identification:_identify(log) by extensions ['ignore', 'ignore_ament_install']
[0.778s] Level 1:colcon.colcon_core.package_identification:_identify(log) by extension 'ignore'
[0.778s] Level 1:colcon.colcon_core.package_identification:_identify(log) ignored
[0.778s] Level 1:colcon.colcon_core.package_identification:_identify(src) by extensions ['ignore', 'ignore_ament_install']
[0.778s] Level 1:colcon.colcon_core.package_identification:_identify(src) by extension 'ignore'
[0.778s] Level 1:colcon.colcon_core.package_identification:_identify(src) by extension 'ignore_ament_install'
[0.779s] Level 1:colcon.colcon_core.package_identification:_identify(src) by extensions ['colcon_pkg']
[0.779s] Level 1:colcon.colcon_core.package_identification:_identify(src) by extension 'colcon_pkg'
[0.779s] Level 1:colcon.colcon_core.package_identification:_identify(src) by extensions ['colcon_meta']
[0.779s] Level 1:colcon.colcon_core.package_identification:_identify(src) by extension 'colcon_meta'
[0.779s] Level 1:colcon.colcon_core.package_identification:_identify(src) by extensions ['ros']
[0.779s] Level 1:colcon.colcon_core.package_identification:_identify(src) by extension 'ros'
[0.779s] Level 1:colcon.colcon_core.package_identification:_identify(src) by extensions ['cmake', 'python']
[0.779s] Level 1:colcon.colcon_core.package_identification:_identify(src) by extension 'cmake'
[0.779s] Level 1:colcon.colcon_core.package_identification:_identify(src) by extension 'python'
[0.780s] Level 1:colcon.colcon_core.package_identification:_identify(src) by extensions ['python_setup_py']
[0.780s] Level 1:colcon.colcon_core.package_identification:_identify(src) by extension 'python_setup_py'
[0.780s] Level 1:colcon.colcon_core.package_identification:_identify(src/f1tenth_gym_ros) by extensions ['ignore', 'ignore_ament_install']
[0.780s] Level 1:colcon.colcon_core.package_identification:_identify(src/f1tenth_gym_ros) by extension 'ignore'
[0.780s] Level 1:colcon.colcon_core.package_identification:_identify(src/f1tenth_gym_ros) by extension 'ignore_ament_install'
[0.780s] Level 1:colcon.colcon_core.package_identification:_identify(src/f1tenth_gym_ros) by extensions ['colcon_pkg']
[0.780s] Level 1:colcon.colcon_core.package_identification:_identify(src/f1tenth_gym_ros) by extension 'colcon_pkg'
[0.780s] Level 1:colcon.colcon_core.package_identification:_identify(src/f1tenth_gym_ros) by extensions ['colcon_meta']
[0.781s] Level 1:colcon.colcon_core.package_identification:_identify(src/f1tenth_gym_ros) by extension 'colcon_meta'
[0.781s] Level 1:colcon.colcon_core.package_identification:_identify(src/f1tenth_gym_ros) by extensions ['ros']
[0.781s] Level 1:colcon.colcon_core.package_identification:_identify(src/f1tenth_gym_ros) by extension 'ros'
[0.786s] DEBUG:colcon.colcon_core.package_identification:Package 'src/f1tenth_gym_ros' with type 'ros.ament_python' and name 'f1tenth_gym_ros'
[0.787s] Level 1:colcon.colcon_core.package_identification:_identify(src/safety_node) by extensions ['ignore', 'ignore_ament_install']
[0.787s] Level 1:colcon.colcon_core.package_identification:_identify(src/safety_node) by extension 'ignore'
[0.787s] Level 1:colcon.colcon_core.package_identification:_identify(src/safety_node) by extension 'ignore_ament_install'
[0.787s] Level 1:colcon.colcon_core.package_identification:_identify(src/safety_node) by extensions ['colcon_pkg']
[0.787s] Level 1:colcon.colcon_core.package_identification:_identify(src/safety_node) by extension 'colcon_pkg'
[0.787s] Level 1:colcon.colcon_core.package_identification:_identify(src/safety_node) by extensions ['colcon_meta']
[0.788s] Level 1:colcon.colcon_core.package_identification:_identify(src/safety_node) by extension 'colcon_meta'
[0.788s] Level 1:colcon.colcon_core.package_identification:_identify(src/safety_node) by extensions ['ros']
[0.788s] Level 1:colcon.colcon_core.package_identification:_identify(src/safety_node) by extension 'ros'
[0.790s] DEBUG:colcon.colcon_core.package_identification:Package 'src/safety_node' with type 'ros.ament_cmake' and name 'safety_node'
[0.790s] Level 1:colcon.colcon_core.package_identification:_identify(src/wall_follow) by extensions ['ignore', 'ignore_ament_install']
[0.790s] Level 1:colcon.colcon_core.package_identification:_identify(src/wall_follow) by extension 'ignore'
[0.790s] Level 1:colcon.colcon_core.package_identification:_identify(src/wall_follow) by extension 'ignore_ament_install'
[0.791s] Level 1:colcon.colcon_core.package_identification:_identify(src/wall_follow) by extensions ['colcon_pkg']
[0.791s] Level 1:colcon.colcon_core.package_identification:_identify(src/wall_follow) by extension 'colcon_pkg'
[0.791s] Level 1:colcon.colcon_core.package_identification:_identify(src/wall_follow) by extensions ['colcon_meta']
[0.791s] Level 1:colcon.colcon_core.package_identification:_identify(src/wall_follow) by extension 'colcon_meta'
[0.791s] Level 1:colcon.colcon_core.package_identification:_identify(src/wall_follow) by extensions ['ros']
[0.791s] Level 1:colcon.colcon_core.package_identification:_identify(src/wall_follow) by extension 'ros'
[0.793s] DEBUG:colcon.colcon_core.package_identification:Package 'src/wall_follow' with type 'ros.ament_cmake' and name 'wall_follow'
[0.793s] Level 1:colcon.colcon_core.package_discovery:discover_packages(recursive) using defaults
[0.793s] Level 1:colcon.colcon_core.package_discovery:discover_packages(ignore) discover
[0.793s] Level 1:colcon.colcon_core.package_discovery:discover_packages(ignore) using defaults
[0.793s] Level 1:colcon.colcon_core.package_discovery:discover_packages(path) discover
[0.793s] Level 1:colcon.colcon_core.package_discovery:discover_packages(path) using defaults
[0.826s] Level 1:colcon.colcon_core.package_discovery:discover_packages(prefix_path) check parameters
[0.826s] Level 1:colcon.colcon_core.package_discovery:discover_packages(prefix_path) discover
[0.830s] DEBUG:colcon.colcon_installed_package_information.package_discovery:Found 3 installed packages in /home/orin/sim_ws/install
[0.832s] DEBUG:colcon.colcon_installed_package_information.package_discovery:Found 279 installed packages in /opt/ros/foxy
[0.867s] Level 1:colcon.colcon_core.package_discovery:discover_packages(prefix_path) using defaults
[0.995s] Level 5:colcon.colcon_core.verb:set package 'f1tenth_gym_ros' build argument 'cmake_args' from command line to 'None'
[0.996s] Level 5:colcon.colcon_core.verb:set package 'f1tenth_gym_ros' build argument 'cmake_target' from command line to 'None'
[0.996s] Level 5:colcon.colcon_core.verb:set package 'f1tenth_gym_ros' build argument 'cmake_target_skip_unavailable' from command line to 'False'
[0.996s] Level 5:colcon.colcon_core.verb:set package 'f1tenth_gym_ros' build argument 'cmake_clean_cache' from command line to 'False'
[0.996s] Level 5:colcon.colcon_core.verb:set package 'f1tenth_gym_ros' build argument 'cmake_clean_first' from command line to 'False'
[0.996s] Level 5:colcon.colcon_core.verb:set package 'f1tenth_gym_ros' build argument 'cmake_force_configure' from command line to 'False'
[0.996s] Level 5:colcon.colcon_core.verb:set package 'f1tenth_gym_ros' build argument 'ament_cmake_args' from command line to 'None'
[0.996s] Level 5:colcon.colcon_core.verb:set package 'f1tenth_gym_ros' build argument 'catkin_cmake_args' from command line to 'None'
[0.996s] Level 5:colcon.colcon_core.verb:set package 'f1tenth_gym_ros' build argument 'catkin_skip_building_tests' from command line to 'False'
[0.996s] DEBUG:colcon.colcon_core.verb:Building package 'f1tenth_gym_ros' with the following arguments: {'ament_cmake_args': None, 'build_base': '/home/orin/sim_ws/build/f1tenth_gym_ros', 'catkin_cmake_args': None, 'catkin_skip_building_tests': False, 'cmake_args': None, 'cmake_clean_cache': False, 'cmake_clean_first': False, 'cmake_force_configure': False, 'cmake_target': None, 'cmake_target_skip_unavailable': False, 'install_base': '/home/orin/sim_ws/install/f1tenth_gym_ros', 'merge_install': False, 'path': '/home/orin/sim_ws/src/f1tenth_gym_ros', 'symlink_install': False, 'test_result_base': None}
[0.997s] Level 5:colcon.colcon_core.verb:set package 'safety_node' build argument 'cmake_args' from command line to 'None'
[0.997s] Level 5:colcon.colcon_core.verb:set package 'safety_node' build argument 'cmake_target' from command line to 'None'
[0.997s] Level 5:colcon.colcon_core.verb:set package 'safety_node' build argument 'cmake_target_skip_unavailable' from command line to 'False'
[0.997s] Level 5:colcon.colcon_core.verb:set package 'safety_node' build argument 'cmake_clean_cache' from command line to 'False'
[0.997s] Level 5:colcon.colcon_core.verb:set package 'safety_node' build argument 'cmake_clean_first' from command line to 'False'
[0.997s] Level 5:colcon.colcon_core.verb:set package 'safety_node' build argument 'cmake_force_configure' from command line to 'False'
[0.997s] Level 5:colcon.colcon_core.verb:set package 'safety_node' build argument 'ament_cmake_args' from command line to 'None'
[0.997s] Level 5:colcon.colcon_core.verb:set package 'safety_node' build argument 'catkin_cmake_args' from command line to 'None'
[0.997s] Level 5:colcon.colcon_core.verb:set package 'safety_node' build argument 'catkin_skip_building_tests' from command line to 'False'
[0.998s] DEBUG:colcon.colcon_core.verb:Building package 'safety_node' with the following arguments: {'ament_cmake_args': None, 'build_base': '/home/orin/sim_ws/build/safety_node', 'catkin_cmake_args': None, 'catkin_skip_building_tests': False, 'cmake_args': None, 'cmake_clean_cache': False, 'cmake_clean_first': False, 'cmake_force_configure': False, 'cmake_target': None, 'cmake_target_skip_unavailable': False, 'install_base': '/home/orin/sim_ws/install/safety_node', 'merge_install': False, 'path': '/home/orin/sim_ws/src/safety_node', 'symlink_install': False, 'test_result_base': None}
[0.998s] Level 5:colcon.colcon_core.verb:set package 'wall_follow' build argument 'cmake_args' from command line to 'None'
[0.998s] Level 5:colcon.colcon_core.verb:set package 'wall_follow' build argument 'cmake_target' from command line to 'None'
[0.998s] Level 5:colcon.colcon_core.verb:set package 'wall_follow' build argument 'cmake_target_skip_unavailable' from command line to 'False'
[0.998s] Level 5:colcon.colcon_core.verb:set package 'wall_follow' build argument 'cmake_clean_cache' from command line to 'False'
[0.999s] Level 5:colcon.colcon_core.verb:set package 'wall_follow' build argument 'cmake_clean_first' from command line to 'False'
[0.999s] Level 5:colcon.colcon_core.verb:set package 'wall_follow' build argument 'cmake_force_configure' from command line to 'False'
[0.999s] Level 5:colcon.colcon_core.verb:set package 'wall_follow' build argument 'ament_cmake_args' from command line to 'None'
[0.999s] Level 5:colcon.colcon_core.verb:set package 'wall_follow' build argument 'catkin_cmake_args' from command line to 'None'
[0.999s] Level 5:colcon.colcon_core.verb:set package 'wall_follow' build argument 'catkin_skip_building_tests' from command line to 'False'
[0.999s] DEBUG:colcon.colcon_core.verb:Building package 'wall_follow' with the following arguments: {'ament_cmake_args': None, 'build_base': '/home/orin/sim_ws/build/wall_follow', 'catkin_cmake_args': None, 'catkin_skip_building_tests': False, 'cmake_args': None, 'cmake_clean_cache': False, 'cmake_clean_first': False, 'cmake_force_configure': False, 'cmake_target': None, 'cmake_target_skip_unavailable': False, 'install_base': '/home/orin/sim_ws/install/wall_follow', 'merge_install': False, 'path': '/home/orin/sim_ws/src/wall_follow', 'symlink_install': False, 'test_result_base': None}
[0.999s] INFO:colcon.colcon_core.executor:Executing jobs using 'parallel' executor
[1.001s] DEBUG:colcon.colcon_parallel_executor.executor.parallel:run_until_complete
[1.002s] INFO:colcon.colcon_ros.task.ament_python.build:Building ROS package in '/home/orin/sim_ws/src/f1tenth_gym_ros' with build type 'ament_python'
[1.002s] Level 1:colcon.colcon_core.shell:create_environment_hook('f1tenth_gym_ros', 'ament_prefix_path')
[1.006s] INFO:colcon.colcon_core.plugin_system:Skipping extension 'colcon_core.shell.bat': Not used on non-Windows systems
[1.007s] INFO:colcon.colcon_core.shell:Creating environment hook '/home/orin/sim_ws/install/f1tenth_gym_ros/share/f1tenth_gym_ros/hook/ament_prefix_path.ps1'
[1.009s] INFO:colcon.colcon_core.shell:Creating environment descriptor '/home/orin/sim_ws/install/f1tenth_gym_ros/share/f1tenth_gym_ros/hook/ament_prefix_path.dsv'
[1.010s] INFO:colcon.colcon_core.shell:Creating environment hook '/home/orin/sim_ws/install/f1tenth_gym_ros/share/f1tenth_gym_ros/hook/ament_prefix_path.sh'
[1.012s] INFO:colcon.colcon_core.shell:Skip shell extension 'powershell' for command environment: Not usable outside of PowerShell
[1.012s] DEBUG:colcon.colcon_core.shell:Skip shell extension 'dsv' for command environment
[1.023s] INFO:colcon.colcon_ros.task.ament_cmake.build:Building ROS package in '/home/orin/sim_ws/src/safety_node' with build type 'ament_cmake'
[1.024s] INFO:colcon.colcon_cmake.task.cmake.build:Building CMake package in '/home/orin/sim_ws/src/safety_node'
[1.025s] INFO:colcon.colcon_core.shell:Skip shell extension 'powershell' for command environment: Not usable outside of PowerShell
[1.025s] DEBUG:colcon.colcon_core.shell:Skip shell extension 'dsv' for command environment
[1.035s] INFO:colcon.colcon_ros.task.ament_cmake.build:Building ROS package in '/home/orin/sim_ws/src/wall_follow' with build type 'ament_cmake'
[1.036s] INFO:colcon.colcon_cmake.task.cmake.build:Building CMake package in '/home/orin/sim_ws/src/wall_follow'
[1.037s] INFO:colcon.colcon_core.shell:Skip shell extension 'powershell' for command environment: Not usable outside of PowerShell
[1.037s] DEBUG:colcon.colcon_core.shell:Skip shell extension 'dsv' for command environment
[1.619s] INFO:colcon.colcon_core.task.python.build:Building Python package in '/home/orin/sim_ws/src/f1tenth_gym_ros'
[1.622s] INFO:colcon.colcon_core.shell:Skip shell extension 'powershell' for command environment: Not usable outside of PowerShell
[1.622s] DEBUG:colcon.colcon_core.shell:Skip shell extension 'dsv' for command environment
[1.695s] DEBUG:colcon.colcon_core.event_handler.log_command:Invoking command in '/home/orin/sim_ws/build/safety_node': CMAKE_PREFIX_PATH=/home/orin/sim_ws/install/f1tenth_gym_ros:/opt/ros/foxy /usr/bin/cmake --build /home/orin/sim_ws/build/safety_node -- -j6 -l6
[1.784s] DEBUG:colcon.colcon_core.event_handler.log_command:Invoking command in '/home/orin/sim_ws/build/wall_follow': CMAKE_PREFIX_PATH=/home/orin/sim_ws/install/f1tenth_gym_ros:/opt/ros/foxy /usr/bin/cmake --build /home/orin/sim_ws/build/wall_follow -- -j6 -l6
[1.934s] DEBUG:colcon.colcon_core.event_handler.log_command:Invoked command in '/home/orin/sim_ws/build/safety_node' returned '0': CMAKE_PREFIX_PATH=/home/orin/sim_ws/install/f1tenth_gym_ros:/opt/ros/foxy /usr/bin/cmake --build /home/orin/sim_ws/build/safety_node -- -j6 -l6
[1.958s] DEBUG:colcon.colcon_core.event_handler.log_command:Invoked command in '/home/orin/sim_ws/build/wall_follow' returned '0': CMAKE_PREFIX_PATH=/home/orin/sim_ws/install/f1tenth_gym_ros:/opt/ros/foxy /usr/bin/cmake --build /home/orin/sim_ws/build/wall_follow -- -j6 -l6
[2.035s] DEBUG:colcon.colcon_core.event_handler.log_command:Invoking command in '/home/orin/sim_ws/build/safety_node': CMAKE_PREFIX_PATH=/home/orin/sim_ws/install/f1tenth_gym_ros:/opt/ros/foxy /usr/bin/cmake --install /home/orin/sim_ws/build/safety_node
[2.046s] DEBUG:colcon.colcon_core.event_handler.log_command:Invoking command in '/home/orin/sim_ws/build/wall_follow': CMAKE_PREFIX_PATH=/home/orin/sim_ws/install/f1tenth_gym_ros:/opt/ros/foxy /usr/bin/cmake --install /home/orin/sim_ws/build/wall_follow
[2.158s] Level 1:colcon.colcon_core.environment:create_environment_scripts_only(wall_follow)
[2.166s] DEBUG:colcon.colcon_core.event_handler.log_command:Invoked command in '/home/orin/sim_ws/build/wall_follow' returned '0': CMAKE_PREFIX_PATH=/home/orin/sim_ws/install/f1tenth_gym_ros:/opt/ros/foxy /usr/bin/cmake --install /home/orin/sim_ws/build/wall_follow
[2.174s] Level 1:colcon.colcon_core.environment:checking '/home/orin/sim_ws/install/wall_follow' for CMake module files
[2.175s] Level 1:colcon.colcon_core.environment:checking '/home/orin/sim_ws/install/wall_follow' for CMake config files
[2.175s] Level 1:colcon.colcon_core.shell:create_environment_hook('wall_follow', 'cmake_prefix_path')
[2.176s] INFO:colcon.colcon_core.shell:Creating environment hook '/home/orin/sim_ws/install/wall_follow/share/wall_follow/hook/cmake_prefix_path.ps1'
[2.178s] INFO:colcon.colcon_core.shell:Creating environment descriptor '/home/orin/sim_ws/install/wall_follow/share/wall_follow/hook/cmake_prefix_path.dsv'
[2.179s] INFO:colcon.colcon_core.shell:Creating environment hook '/home/orin/sim_ws/install/wall_follow/share/wall_follow/hook/cmake_prefix_path.sh'
[2.180s] Level 1:colcon.colcon_core.environment:checking '/home/orin/sim_ws/install/wall_follow/lib'
[2.181s] Level 1:colcon.colcon_core.environment:checking '/home/orin/sim_ws/install/wall_follow/bin'
[2.181s] Level 1:colcon.colcon_core.environment:checking '/home/orin/sim_ws/install/wall_follow/lib/pkgconfig/wall_follow.pc'
[2.181s] Level 1:colcon.colcon_core.environment:checking '/home/orin/sim_ws/install/wall_follow/lib/python3.8/site-packages'
[2.182s] Level 1:colcon.colcon_core.shell:create_environment_hook('wall_follow', 'pythonpath')
[2.182s] INFO:colcon.colcon_core.shell:Creating environment hook '/home/orin/sim_ws/install/wall_follow/share/wall_follow/hook/pythonpath.ps1'
[2.183s] INFO:colcon.colcon_core.shell:Creating environment descriptor '/home/orin/sim_ws/install/wall_follow/share/wall_follow/hook/pythonpath.dsv'
[2.184s] INFO:colcon.colcon_core.shell:Creating environment hook '/home/orin/sim_ws/install/wall_follow/share/wall_follow/hook/pythonpath.sh'
[2.185s] Level 1:colcon.colcon_core.environment:checking '/home/orin/sim_ws/install/wall_follow/bin'
[2.186s] INFO:colcon.colcon_core.shell:Creating package script '/home/orin/sim_ws/install/wall_follow/share/wall_follow/package.ps1'
[2.188s] INFO:colcon.colcon_core.shell:Creating package descriptor '/home/orin/sim_ws/install/wall_follow/share/wall_follow/package.dsv'
[2.189s] INFO:colcon.colcon_core.shell:Creating package script '/home/orin/sim_ws/install/wall_follow/share/wall_follow/package.sh'
[2.191s] INFO:colcon.colcon_core.shell:Creating package script '/home/orin/sim_ws/install/wall_follow/share/wall_follow/package.bash'
[2.194s] INFO:colcon.colcon_core.shell:Creating package script '/home/orin/sim_ws/install/wall_follow/share/wall_follow/package.zsh'
[2.197s] Level 1:colcon.colcon_core.environment:create_file_with_runtime_dependencies(/home/orin/sim_ws/install/wall_follow/share/colcon-core/packages/wall_follow)
[2.207s] Level 1:colcon.colcon_core.environment:create_environment_scripts_only(safety_node)
[2.209s] DEBUG:colcon.colcon_core.event_handler.log_command:Invoked command in '/home/orin/sim_ws/build/safety_node' returned '0': CMAKE_PREFIX_PATH=/home/orin/sim_ws/install/f1tenth_gym_ros:/opt/ros/foxy /usr/bin/cmake --install /home/orin/sim_ws/build/safety_node
[2.210s] Level 1:colcon.colcon_core.environment:checking '/home/orin/sim_ws/install/safety_node' for CMake module files
[2.211s] Level 1:colcon.colcon_core.environment:checking '/home/orin/sim_ws/install/safety_node' for CMake config files
[2.211s] Level 1:colcon.colcon_core.shell:create_environment_hook('safety_node', 'cmake_prefix_path')
[2.212s] INFO:colcon.colcon_core.shell:Creating environment hook '/home/orin/sim_ws/install/safety_node/share/safety_node/hook/cmake_prefix_path.ps1'
[2.214s] INFO:colcon.colcon_core.shell:Creating environment descriptor '/home/orin/sim_ws/install/safety_node/share/safety_node/hook/cmake_prefix_path.dsv'
[2.214s] INFO:colcon.colcon_core.shell:Creating environment hook '/home/orin/sim_ws/install/safety_node/share/safety_node/hook/cmake_prefix_path.sh'
[2.216s] Level 1:colcon.colcon_core.environment:checking '/home/orin/sim_ws/install/safety_node/lib'
[2.216s] Level 1:colcon.colcon_core.environment:checking '/home/orin/sim_ws/install/safety_node/bin'
[2.216s] Level 1:colcon.colcon_core.environment:checking '/home/orin/sim_ws/install/safety_node/lib/pkgconfig/safety_node.pc'
[2.217s] Level 1:colcon.colcon_core.environment:checking '/home/orin/sim_ws/install/safety_node/lib/python3.8/site-packages'
[2.217s] Level 1:colcon.colcon_core.shell:create_environment_hook('safety_node', 'pythonpath')
[2.218s] INFO:colcon.colcon_core.shell:Creating environment hook '/home/orin/sim_ws/install/safety_node/share/safety_node/hook/pythonpath.ps1'
[2.219s] INFO:colcon.colcon_core.shell:Creating environment descriptor '/home/orin/sim_ws/install/safety_node/share/safety_node/hook/pythonpath.dsv'
[2.220s] INFO:colcon.colcon_core.shell:Creating environment hook '/home/orin/sim_ws/install/safety_node/share/safety_node/hook/pythonpath.sh'
[2.221s] Level 1:colcon.colcon_core.environment:checking '/home/orin/sim_ws/install/safety_node/bin'
[2.222s] INFO:colcon.colcon_core.shell:Creating package script '/home/orin/sim_ws/install/safety_node/share/safety_node/package.ps1'
[2.224s] INFO:colcon.colcon_core.shell:Creating package descriptor '/home/orin/sim_ws/install/safety_node/share/safety_node/package.dsv'
[2.225s] INFO:colcon.colcon_core.shell:Creating package script '/home/orin/sim_ws/install/safety_node/share/safety_node/package.sh'
[2.226s] INFO:colcon.colcon_core.shell:Creating package script '/home/orin/sim_ws/install/safety_node/share/safety_node/package.bash'
[2.226s] INFO:colcon.colcon_core.shell:Creating package script '/home/orin/sim_ws/install/safety_node/share/safety_node/package.zsh'
[2.227s] Level 1:colcon.colcon_core.environment:create_file_with_runtime_dependencies(/home/orin/sim_ws/install/safety_node/share/colcon-core/packages/safety_node)
[2.269s] Level 1:colcon.colcon_core.environment:create_environment_scripts_only(wall_follow)
[2.270s] Level 1:colcon.colcon_core.environment:checking '/home/orin/sim_ws/install/wall_follow' for CMake module files
[2.271s] Level 1:colcon.colcon_core.environment:checking '/home/orin/sim_ws/install/wall_follow' for CMake config files
[2.272s] Level 1:colcon.colcon_core.shell:create_environment_hook('wall_follow', 'cmake_prefix_path')
[2.272s] INFO:colcon.colcon_core.shell:Creating environment hook '/home/orin/sim_ws/install/wall_follow/share/wall_follow/hook/cmake_prefix_path.ps1'
[2.274s] INFO:colcon.colcon_core.shell:Creating environment descriptor '/home/orin/sim_ws/install/wall_follow/share/wall_follow/hook/cmake_prefix_path.dsv'
[2.275s] INFO:colcon.colcon_core.shell:Creating environment hook '/home/orin/sim_ws/install/wall_follow/share/wall_follow/hook/cmake_prefix_path.sh'
[2.277s] Level 1:colcon.colcon_core.environment:checking '/home/orin/sim_ws/install/wall_follow/lib'
[2.277s] Level 1:colcon.colcon_core.environment:checking '/home/orin/sim_ws/install/wall_follow/bin'
[2.278s] Level 1:colcon.colcon_core.environment:checking '/home/orin/sim_ws/install/wall_follow/lib/pkgconfig/wall_follow.pc'
[2.278s] Level 1:colcon.colcon_core.environment:checking '/home/orin/sim_ws/install/wall_follow/lib/python3.8/site-packages'
[2.278s] Level 1:colcon.colcon_core.shell:create_environment_hook('wall_follow', 'pythonpath')
[2.279s] INFO:colcon.colcon_core.shell:Creating environment hook '/home/orin/sim_ws/install/wall_follow/share/wall_follow/hook/pythonpath.ps1'
[2.280s] INFO:colcon.colcon_core.shell:Creating environment descriptor '/home/orin/sim_ws/install/wall_follow/share/wall_follow/hook/pythonpath.dsv'
[2.281s] INFO:colcon.colcon_core.shell:Creating environment hook '/home/orin/sim_ws/install/wall_follow/share/wall_follow/hook/pythonpath.sh'
[2.282s] Level 1:colcon.colcon_core.environment:checking '/home/orin/sim_ws/install/wall_follow/bin'
[2.283s] INFO:colcon.colcon_core.shell:Creating package script '/home/orin/sim_ws/install/wall_follow/share/wall_follow/package.ps1'
[2.285s] INFO:colcon.colcon_core.shell:Creating package descriptor '/home/orin/sim_ws/install/wall_follow/share/wall_follow/package.dsv'
[2.286s] INFO:colcon.colcon_core.shell:Creating package script '/home/orin/sim_ws/install/wall_follow/share/wall_follow/package.sh'
[2.288s] INFO:colcon.colcon_core.shell:Creating package script '/home/orin/sim_ws/install/wall_follow/share/wall_follow/package.bash'
[2.289s] INFO:colcon.colcon_core.shell:Creating package script '/home/orin/sim_ws/install/wall_follow/share/wall_follow/package.zsh'
[2.290s] Level 1:colcon.colcon_core.environment:create_file_with_runtime_dependencies(/home/orin/sim_ws/install/wall_follow/share/colcon-core/packages/wall_follow)
[2.293s] Level 1:colcon.colcon_core.environment:create_environment_scripts_only(safety_node)
[2.294s] Level 1:colcon.colcon_core.environment:checking '/home/orin/sim_ws/install/safety_node' for CMake module files
[2.295s] Level 1:colcon.colcon_core.environment:checking '/home/orin/sim_ws/install/safety_node' for CMake config files
[2.295s] Level 1:colcon.colcon_core.shell:create_environment_hook('safety_node', 'cmake_prefix_path')
[2.296s] INFO:colcon.colcon_core.shell:Creating environment hook '/home/orin/sim_ws/install/safety_node/share/safety_node/hook/cmake_prefix_path.ps1'
[2.297s] INFO:colcon.colcon_core.shell:Creating environment descriptor '/home/orin/sim_ws/install/safety_node/share/safety_node/hook/cmake_prefix_path.dsv'
[2.298s] INFO:colcon.colcon_core.shell:Creating environment hook '/home/orin/sim_ws/install/safety_node/share/safety_node/hook/cmake_prefix_path.sh'
[2.299s] Level 1:colcon.colcon_core.environment:checking '/home/orin/sim_ws/install/safety_node/lib'
[2.299s] Level 1:colcon.colcon_core.environment:checking '/home/orin/sim_ws/install/safety_node/bin'
[2.299s] Level 1:colcon.colcon_core.environment:checking '/home/orin/sim_ws/install/safety_node/lib/pkgconfig/safety_node.pc'
[2.300s] Level 1:colcon.colcon_core.environment:checking '/home/orin/sim_ws/install/safety_node/lib/python3.8/site-packages'
[2.300s] Level 1:colcon.colcon_core.shell:create_environment_hook('safety_node', 'pythonpath')
[2.300s] INFO:colcon.colcon_core.shell:Creating environment hook '/home/orin/sim_ws/install/safety_node/share/safety_node/hook/pythonpath.ps1'
[2.302s] INFO:colcon.colcon_core.shell:Creating environment descriptor '/home/orin/sim_ws/install/safety_node/share/safety_node/hook/pythonpath.dsv'
[2.302s] INFO:colcon.colcon_core.shell:Creating environment hook '/home/orin/sim_ws/install/safety_node/share/safety_node/hook/pythonpath.sh'
[2.304s] Level 1:colcon.colcon_core.environment:checking '/home/orin/sim_ws/install/safety_node/bin'
[2.304s] INFO:colcon.colcon_core.shell:Creating package script '/home/orin/sim_ws/install/safety_node/share/safety_node/package.ps1'
[2.306s] INFO:colcon.colcon_core.shell:Creating package descriptor '/home/orin/sim_ws/install/safety_node/share/safety_node/package.dsv'
[2.307s] INFO:colcon.colcon_core.shell:Creating package script '/home/orin/sim_ws/install/safety_node/share/safety_node/package.sh'
[2.311s] INFO:colcon.colcon_core.shell:Creating package script '/home/orin/sim_ws/install/safety_node/share/safety_node/package.bash'
[2.313s] INFO:colcon.colcon_core.shell:Creating package script '/home/orin/sim_ws/install/safety_node/share/safety_node/package.zsh'
[2.319s] Level 1:colcon.colcon_core.environment:create_file_with_runtime_dependencies(/home/orin/sim_ws/install/safety_node/share/colcon-core/packages/safety_node)
[2.747s] DEBUG:colcon.colcon_core.event_handler.log_command:Invoking command in '/home/orin/sim_ws/src/f1tenth_gym_ros': PYTHONPATH=/home/orin/sim_ws/build/f1tenth_gym_ros/prefix_override:/usr/lib/python3/dist-packages/colcon_core/task/python/colcon_distutils_commands:/home/orin/sim_ws/install/f1tenth_gym_ros/lib/python3.8/site-packages:${PYTHONPATH} /usr/bin/python3 -W ignore:setup.py install is deprecated setup.py egg_info --egg-base ../../build/f1tenth_gym_ros build --build-base /home/orin/sim_ws/build/f1tenth_gym_ros/build install --record /home/orin/sim_ws/build/f1tenth_gym_ros/install.log --single-version-externally-managed install_data
[3.412s] Level 1:colcon.colcon_core.environment:checking '/home/orin/sim_ws/install/f1tenth_gym_ros' for CMake module files
[3.414s] DEBUG:colcon.colcon_core.event_handler.log_command:Invoked command in '/home/orin/sim_ws/src/f1tenth_gym_ros' returned '0': PYTHONPATH=/home/orin/sim_ws/build/f1tenth_gym_ros/prefix_override:/usr/lib/python3/dist-packages/colcon_core/task/python/colcon_distutils_commands:/home/orin/sim_ws/install/f1tenth_gym_ros/lib/python3.8/site-packages:${PYTHONPATH} /usr/bin/python3 -W ignore:setup.py install is deprecated setup.py egg_info --egg-base ../../build/f1tenth_gym_ros build --build-base /home/orin/sim_ws/build/f1tenth_gym_ros/build install --record /home/orin/sim_ws/build/f1tenth_gym_ros/install.log --single-version-externally-managed install_data
[3.416s] Level 1:colcon.colcon_core.environment:checking '/home/orin/sim_ws/install/f1tenth_gym_ros' for CMake config files
[3.417s] Level 1:colcon.colcon_core.environment:checking '/home/orin/sim_ws/install/f1tenth_gym_ros/lib'
[3.417s] Level 1:colcon.colcon_core.environment:checking '/home/orin/sim_ws/install/f1tenth_gym_ros/bin'
[3.418s] Level 1:colcon.colcon_core.environment:checking '/home/orin/sim_ws/install/f1tenth_gym_ros/lib/pkgconfig/f1tenth_gym_ros.pc'
[3.418s] Level 1:colcon.colcon_core.environment:checking '/home/orin/sim_ws/install/f1tenth_gym_ros/lib/python3.8/site-packages'
[3.418s] Level 1:colcon.colcon_core.shell:create_environment_hook('f1tenth_gym_ros', 'pythonpath')
[3.419s] INFO:colcon.colcon_core.shell:Creating environment hook '/home/orin/sim_ws/install/f1tenth_gym_ros/share/f1tenth_gym_ros/hook/pythonpath.ps1'
[3.420s] INFO:colcon.colcon_core.shell:Creating environment descriptor '/home/orin/sim_ws/install/f1tenth_gym_ros/share/f1tenth_gym_ros/hook/pythonpath.dsv'
[3.421s] INFO:colcon.colcon_core.shell:Creating environment hook '/home/orin/sim_ws/install/f1tenth_gym_ros/share/f1tenth_gym_ros/hook/pythonpath.sh'
[3.423s] Level 1:colcon.colcon_core.environment:checking '/home/orin/sim_ws/install/f1tenth_gym_ros/bin'
[3.423s] Level 1:colcon.colcon_core.environment:create_environment_scripts_only(f1tenth_gym_ros)
[3.424s] INFO:colcon.colcon_core.shell:Creating package script '/home/orin/sim_ws/install/f1tenth_gym_ros/share/f1tenth_gym_ros/package.ps1'
[3.426s] INFO:colcon.colcon_core.shell:Creating package descriptor '/home/orin/sim_ws/install/f1tenth_gym_ros/share/f1tenth_gym_ros/package.dsv'
[3.427s] INFO:colcon.colcon_core.shell:Creating package script '/home/orin/sim_ws/install/f1tenth_gym_ros/share/f1tenth_gym_ros/package.sh'
[3.428s] INFO:colcon.colcon_core.shell:Creating package script '/home/orin/sim_ws/install/f1tenth_gym_ros/share/f1tenth_gym_ros/package.bash'
[3.429s] INFO:colcon.colcon_core.shell:Creating package script '/home/orin/sim_ws/install/f1tenth_gym_ros/share/f1tenth_gym_ros/package.zsh'
[3.430s] Level 1:colcon.colcon_core.environment:create_file_with_runtime_dependencies(/home/orin/sim_ws/install/f1tenth_gym_ros/share/colcon-core/packages/f1tenth_gym_ros)
[3.430s] DEBUG:colcon.colcon_parallel_executor.executor.parallel:closing loop
[3.431s] DEBUG:colcon.colcon_parallel_executor.executor.parallel:loop closed
[3.432s] DEBUG:colcon.colcon_parallel_executor.executor.parallel:run_until_complete finished with '0'
[3.433s] DEBUG:colcon.colcon_core.event_reactor:joining thread
[3.451s] INFO:colcon.colcon_core.plugin_system:Skipping extension 'colcon_notification.desktop_notification.terminal_notifier': Not used on non-Darwin systems
[3.452s] INFO:colcon.colcon_core.plugin_system:Skipping extension 'colcon_notification.desktop_notification.win32': Not used on non-Windows systems
[3.452s] INFO:colcon.colcon_notification.desktop_notification:Sending desktop notification using 'notify2'
[3.487s] DEBUG:colcon.colcon_core.event_reactor:joined thread
[3.488s] INFO:colcon.colcon_core.shell:Creating prefix script '/home/orin/sim_ws/install/local_setup.ps1'
[3.491s] INFO:colcon.colcon_core.shell:Creating prefix util module '/home/orin/sim_ws/install/_local_setup_util_ps1.py'
[3.494s] INFO:colcon.colcon_core.shell:Creating prefix chain script '/home/orin/sim_ws/install/setup.ps1'
[3.496s] INFO:colcon.colcon_core.shell:Creating prefix script '/home/orin/sim_ws/install/local_setup.sh'
[3.498s] INFO:colcon.colcon_core.shell:Creating prefix util module '/home/orin/sim_ws/install/_local_setup_util_sh.py'
[3.499s] INFO:colcon.colcon_core.shell:Creating prefix chain script '/home/orin/sim_ws/install/setup.sh'
[3.501s] INFO:colcon.colcon_core.shell:Creating prefix script '/home/orin/sim_ws/install/local_setup.bash'
[3.502s] INFO:colcon.colcon_core.shell:Creating prefix chain script '/home/orin/sim_ws/install/setup.bash'
[3.505s] INFO:colcon.colcon_core.shell:Creating prefix script '/home/orin/sim_ws/install/local_setup.zsh'
[3.506s] INFO:colcon.colcon_core.shell:Creating prefix chain script '/home/orin/sim_ws/install/setup.zsh'
