[0.607s] Invoking command in '/home/orin/sim_ws/build/safety_node': CMAKE_PREFIX_PATH=/home/orin/sim_ws/install/f1tenth_gym_ros:/opt/ros/foxy /usr/bin/cmake /home/orin/sim_ws/src/safety_node -DCMAKE_INSTALL_PREFIX=/home/orin/sim_ws/install/safety_node
[0.649s] -- Found ament_cmake: 0.9.12 (/opt/ros/foxy/share/ament_cmake/cmake)
[0.703s] -- Using PYTHON_EXECUTABLE: /usr/bin/python3
[1.186s] -- Found rclcpp: 2.4.3 (/opt/ros/foxy/share/rclcpp/cmake)
[1.279s] -- Using all available rosidl_typesupport_c: rosidl_typesupport_fastrtps_c;rosidl_typesupport_introspection_c
[1.286s] -- Found rosidl_adapter: 1.3.1 (/opt/ros/foxy/share/rosidl_adapter/cmake)
[1.588s] -- Using all available rosidl_typesupport_cpp: rosidl_typesupport_fastrtps_cpp;rosidl_typesupport_introspection_cpp
[1.694s] -- Found rmw_implementation_cmake: 1.0.4 (/opt/ros/foxy/share/rmw_implementation_cmake/cmake)
[1.697s] -- Using RMW implementation 'rmw_fastrtps_cpp' as default
[1.977s] -- Found rclpy: 1.0.13 (/opt/ros/foxy/share/rclpy/cmake)
[1.977s] -- Found nav_msgs: 2.0.5 (/opt/ros/foxy/share/nav_msgs/cmake)
[2.195s] -- Found ackermann_msgs: 2.0.2 (/opt/ros/foxy/share/ackermann_msgs/cmake)
[2.262s] -- Found sensor_msgs: 2.0.5 (/opt/ros/foxy/share/sensor_msgs/cmake)
[2.403s] -- Found ament_lint_auto: 0.9.8 (/opt/ros/foxy/share/ament_lint_auto/cmake)
[2.582s] -- Added test 'copyright' to check source files copyright and LICENSE
[2.589s] -- Added test 'flake8' to check Python code syntax and style conventions
[2.590s] -- Added test 'lint_cmake' to check CMake code style
[2.591s] -- Added test 'pep257' to check Python code against some of the style conventions in PEP 257
[2.594s] -- Added test 'xmllint' to check XML markup files
[2.601s] -- Configuring done
[2.610s] CMake Error: Cannot determine link language for target "safety_node".
[2.610s] CMake Error: CMake can not determine linker language for target: safety_node
[2.613s] -- Generating done
[2.615s] CMake Generate step failed.  Build files cannot be regenerated correctly.
[2.642s] Invoked command in '/home/orin/sim_ws/build/safety_node' returned '1': CMAKE_PREFIX_PATH=/home/orin/sim_ws/install/f1tenth_gym_ros:/opt/ros/foxy /usr/bin/cmake /home/orin/sim_ws/src/safety_node -DCMAKE_INSTALL_PREFIX=/home/orin/sim_ws/install/safety_node
