[0.544s] Invoking command in '/home/orin/sim_ws/build/gap_follow': CMAKE_PREFIX_PATH=${CMAKE_PREFIX_PATH}:/home/orin/sim_ws/install/f1tenth_gym_ros:/opt/ros/foxy /usr/bin/cmake --build /home/orin/sim_ws/build/gap_follow -- -j6 -l6
[0.634s] Invoked command in '/home/orin/sim_ws/build/gap_follow' returned '0': CMAKE_PREFIX_PATH=${CMAKE_PREFIX_PATH}:/home/orin/sim_ws/install/f1tenth_gym_ros:/opt/ros/foxy /usr/bin/cmake --build /home/orin/sim_ws/build/gap_follow -- -j6 -l6
[0.709s] Invoking command in '/home/orin/sim_ws/build/gap_follow': CMAKE_PREFIX_PATH=${CMAKE_PREFIX_PATH}:/home/orin/sim_ws/install/f1tenth_gym_ros:/opt/ros/foxy /usr/bin/cmake --install /home/orin/sim_ws/build/gap_follow
[0.732s] -- Install configuration: ""
[0.733s] -- Up-to-date: /home/orin/sim_ws/install/gap_follow/share/gap_follow/environment/pythonpath.sh
[0.734s] -- Up-to-date: /home/orin/sim_ws/install/gap_follow/share/gap_follow/environment/pythonpath.dsv
[0.734s] -- Up-to-date: /home/orin/sim_ws/install/gap_follow/lib/python3.8/site-packages/gap_follow
[0.734s] -- Up-to-date: /home/orin/sim_ws/install/gap_follow/lib/python3.8/site-packages/gap_follow/__init__.py
[0.796s] Listing '/home/orin/sim_ws/install/gap_follow/lib/python3.8/site-packages/gap_follow'...
[0.806s] -- Up-to-date: /home/orin/sim_ws/install/gap_follow/lib/gap_follow/gap_follow.py
[0.808s] -- Up-to-date: /home/orin/sim_ws/install/gap_follow/share/ament_index/resource_index/package_run_dependencies/gap_follow
[0.808s] -- Up-to-date: /home/orin/sim_ws/install/gap_follow/share/ament_index/resource_index/parent_prefix_path/gap_follow
[0.808s] -- Up-to-date: /home/orin/sim_ws/install/gap_follow/share/gap_follow/environment/ament_prefix_path.sh
[0.808s] -- Up-to-date: /home/orin/sim_ws/install/gap_follow/share/gap_follow/environment/ament_prefix_path.dsv
[0.809s] -- Up-to-date: /home/orin/sim_ws/install/gap_follow/share/gap_follow/environment/path.sh
[0.809s] -- Up-to-date: /home/orin/sim_ws/install/gap_follow/share/gap_follow/environment/path.dsv
[0.809s] -- Up-to-date: /home/orin/sim_ws/install/gap_follow/share/gap_follow/local_setup.bash
[0.809s] -- Up-to-date: /home/orin/sim_ws/install/gap_follow/share/gap_follow/local_setup.sh
[0.809s] -- Up-to-date: /home/orin/sim_ws/install/gap_follow/share/gap_follow/local_setup.zsh
[0.809s] -- Up-to-date: /home/orin/sim_ws/install/gap_follow/share/gap_follow/local_setup.dsv
[0.809s] -- Installing: /home/orin/sim_ws/install/gap_follow/share/gap_follow/package.dsv
[0.813s] -- Up-to-date: /home/orin/sim_ws/install/gap_follow/share/ament_index/resource_index/packages/gap_follow
[0.814s] -- Up-to-date: /home/orin/sim_ws/install/gap_follow/share/gap_follow/cmake/gap_followConfig.cmake
[0.814s] -- Up-to-date: /home/orin/sim_ws/install/gap_follow/share/gap_follow/cmake/gap_followConfig-version.cmake
[0.815s] -- Up-to-date: /home/orin/sim_ws/install/gap_follow/share/gap_follow/package.xml
[0.815s] Invoked command in '/home/orin/sim_ws/build/gap_follow' returned '0': CMAKE_PREFIX_PATH=${CMAKE_PREFIX_PATH}:/home/orin/sim_ws/install/f1tenth_gym_ros:/opt/ros/foxy /usr/bin/cmake --install /home/orin/sim_ws/build/gap_follow
