[0.521s] Invoking command in '/home/orin/sim_ws/build/safety_node': CMAKE_PREFIX_PATH=/home/orin/sim_ws/install/f1tenth_gym_ros:/opt/ros/foxy /usr/bin/cmake --build /home/orin/sim_ws/build/safety_node -- -j6 -l6
[0.588s] -- Found ament_cmake: 0.9.12 (/opt/ros/foxy/share/ament_cmake/cmake)
[0.636s] -- Using PYTHON_EXECUTABLE: /usr/bin/python3
[1.044s] -- Found rclcpp: 2.4.3 (/opt/ros/foxy/share/rclcpp/cmake)
[1.117s] -- Using all available rosidl_typesupport_c: rosidl_typesupport_fastrtps_c;rosidl_typesupport_introspection_c
[1.124s] -- Found rosidl_adapter: 1.3.1 (/opt/ros/foxy/share/rosidl_adapter/cmake)
[1.394s] -- Using all available rosidl_typesupport_cpp: rosidl_typesupport_fastrtps_cpp;rosidl_typesupport_introspection_cpp
[1.504s] -- Found rmw_implementation_cmake: 1.0.4 (/opt/ros/foxy/share/rmw_implementation_cmake/cmake)
[1.507s] -- Using RMW implementation 'rmw_fastrtps_cpp' as default
[1.795s] -- Found rclpy: 1.0.13 (/opt/ros/foxy/share/rclpy/cmake)
[1.795s] -- Found nav_msgs: 2.0.5 (/opt/ros/foxy/share/nav_msgs/cmake)
[2.010s] -- Found ackermann_msgs: 2.0.2 (/opt/ros/foxy/share/ackermann_msgs/cmake)
[2.071s] -- Found sensor_msgs: 2.0.5 (/opt/ros/foxy/share/sensor_msgs/cmake)
[2.204s] -- Found ament_lint_auto: 0.9.8 (/opt/ros/foxy/share/ament_lint_auto/cmake)
[2.347s] -- Added test 'copyright' to check source files copyright and LICENSE
[2.349s] -- Added test 'cppcheck' to perform static code analysis on C / C++ code
[2.349s] -- Configured cppcheck include dirs: /home/orin/sim_ws/src/safety_node/include
[2.349s] -- Configured cppcheck exclude dirs and/or files: 
[2.351s] -- Added test 'cpplint' to check C / C++ code against the Google style
[2.351s] -- Configured cpplint exclude dirs and/or files: 
[2.352s] -- Added test 'flake8' to check Python code syntax and style conventions
[2.353s] -- Added test 'lint_cmake' to check CMake code style
[2.353s] -- Added test 'pep257' to check Python code against some of the style conventions in PEP 257
[2.355s] -- Added test 'uncrustify' to check C / C++ code style
[2.355s] -- Configured uncrustify additional arguments: 
[2.356s] -- Added test 'xmllint' to check XML markup files
[2.362s] -- Configuring done
[2.384s] -- Generating done
[2.387s] -- Build files have been written to: /home/orin/sim_ws/build/safety_node
[2.448s] [35m[1mScanning dependencies of target safety_node[0m
[2.575s] [ 50%] [32mBuilding CXX object CMakeFiles/safety_node.dir/src/safety_node.cpp.o[0m
[5.661s] [01m[K/home/orin/sim_ws/src/safety_node/src/safety_node.cpp:[m[K In member function ‘[01m[Kvoid Safety::drive_callback(nav_msgs::msg::Odometry_<std::allocator<void> >::ConstSharedPtr)[m[K’:
[5.662s] [01m[K/home/orin/sim_ws/src/safety_node/src/safety_node.cpp:33:71:[m[K [01;35m[Kwarning: [m[Kunused parameter ‘[01m[Kmsg[m[K’ [[01;35m[K-Wunused-parameter[m[K]
[5.662s]    33 |     void drive_callback([01;35m[Kconst nav_msgs::msg::Odometry::ConstSharedPtr msg[m[K)
[5.662s]       |                         [01;35m[K~~~~~~~~~~~~~~~~~~~~~~~~~~~~~~~~~~~~~~~~~~~~~~^~~[m[K
[5.668s] [01m[K/home/orin/sim_ws/src/safety_node/src/safety_node.cpp:[m[K In member function ‘[01m[Kvoid Safety::scan_callback(sensor_msgs::msg::LaserScan_<std::allocator<void> >::ConstSharedPtr)[m[K’:
[5.668s] [01m[K/home/orin/sim_ws/src/safety_node/src/safety_node.cpp:38:74:[m[K [01;35m[Kwarning: [m[Kunused parameter ‘[01m[Kscan_msg[m[K’ [[01;35m[K-Wunused-parameter[m[K]
[5.668s]    38 |     void scan_callback([01;35m[Kconst sensor_msgs::msg::LaserScan::ConstSharedPtr scan_msg[m[K)
[5.668s]       |                        [01;35m[K~~~~~~~~~~~~~~~~~~~~~~~~~~~~~~~~~~~~~~~~~~~~~~~~~~^~~~~~~~[m[K
[6.852s] [100%] [32m[1mLinking CXX executable safety_node[0m
[7.100s] [100%] Built target safety_node
[7.130s] Invoked command in '/home/orin/sim_ws/build/safety_node' returned '0': CMAKE_PREFIX_PATH=/home/orin/sim_ws/install/f1tenth_gym_ros:/opt/ros/foxy /usr/bin/cmake --build /home/orin/sim_ws/build/safety_node -- -j6 -l6
[7.208s] Invoking command in '/home/orin/sim_ws/build/safety_node': CMAKE_PREFIX_PATH=/home/orin/sim_ws/install/f1tenth_gym_ros:/opt/ros/foxy /usr/bin/cmake --install /home/orin/sim_ws/build/safety_node
[7.227s] -- Install configuration: ""
[7.228s] -- Installing: /home/orin/sim_ws/install/safety_node/lib/safety_node/safety_node
[7.228s] -- Set runtime path of "/home/orin/sim_ws/install/safety_node/lib/safety_node/safety_node" to ""
[7.229s] -- Up-to-date: /home/orin/sim_ws/install/safety_node/share/safety_node/environment/pythonpath.sh
[7.229s] -- Installing: /home/orin/sim_ws/install/safety_node/share/safety_node/environment/pythonpath.dsv
[7.229s] -- Up-to-date: /home/orin/sim_ws/install/safety_node/lib/python3.8/site-packages/safety_node
[7.229s] -- Installing: /home/orin/sim_ws/install/safety_node/lib/python3.8/site-packages/safety_node/__init__.py
[7.293s] Listing '/home/orin/sim_ws/install/safety_node/lib/python3.8/site-packages/safety_node'...
[7.293s] Compiling '/home/orin/sim_ws/install/safety_node/lib/python3.8/site-packages/safety_node/__init__.py'...
[7.305s] -- Installing: /home/orin/sim_ws/install/safety_node/lib/safety_node/safety_node.py
[7.306s] -- Up-to-date: /home/orin/sim_ws/install/safety_node/share/ament_index/resource_index/package_run_dependencies/safety_node
[7.306s] -- Up-to-date: /home/orin/sim_ws/install/safety_node/share/ament_index/resource_index/parent_prefix_path/safety_node
[7.306s] -- Up-to-date: /home/orin/sim_ws/install/safety_node/share/safety_node/environment/ament_prefix_path.sh
[7.306s] -- Installing: /home/orin/sim_ws/install/safety_node/share/safety_node/environment/ament_prefix_path.dsv
[7.306s] -- Up-to-date: /home/orin/sim_ws/install/safety_node/share/safety_node/environment/path.sh
[7.307s] -- Installing: /home/orin/sim_ws/install/safety_node/share/safety_node/environment/path.dsv
[7.307s] -- Up-to-date: /home/orin/sim_ws/install/safety_node/share/safety_node/local_setup.bash
[7.307s] -- Up-to-date: /home/orin/sim_ws/install/safety_node/share/safety_node/local_setup.sh
[7.307s] -- Up-to-date: /home/orin/sim_ws/install/safety_node/share/safety_node/local_setup.zsh
[7.308s] -- Installing: /home/orin/sim_ws/install/safety_node/share/safety_node/local_setup.dsv
[7.308s] -- Installing: /home/orin/sim_ws/install/safety_node/share/safety_node/package.dsv
[7.308s] -- Up-to-date: /home/orin/sim_ws/install/safety_node/share/ament_index/resource_index/packages/safety_node
[7.308s] -- Up-to-date: /home/orin/sim_ws/install/safety_node/share/safety_node/cmake/safety_nodeConfig.cmake
[7.308s] -- Up-to-date: /home/orin/sim_ws/install/safety_node/share/safety_node/cmake/safety_nodeConfig-version.cmake
[7.309s] -- Installing: /home/orin/sim_ws/install/safety_node/share/safety_node/package.xml
[7.315s] Invoked command in '/home/orin/sim_ws/build/safety_node' returned '0': CMAKE_PREFIX_PATH=/home/orin/sim_ws/install/f1tenth_gym_ros:/opt/ros/foxy /usr/bin/cmake --install /home/orin/sim_ws/build/safety_node
