[0.517s] Invoking command in '/home/orin/sim_ws/build/safety_node': CMAKE_PREFIX_PATH=/home/orin/sim_ws/install/f1tenth_gym_ros:/opt/ros/foxy /usr/bin/cmake /home/orin/sim_ws/src/safety_node -DCMAKE_INSTALL_PREFIX=/home/orin/sim_ws/install/safety_node
[0.556s] -- Found ament_cmake: 0.9.12 (/opt/ros/foxy/share/ament_cmake/cmake)
[0.602s] -- Using PYTHON_EXECUTABLE: /usr/bin/python3
[1.008s] -- Found rclcpp: 2.4.3 (/opt/ros/foxy/share/rclcpp/cmake)
[1.073s] -- Using all available rosidl_typesupport_c: rosidl_typesupport_fastrtps_c;rosidl_typesupport_introspection_c
[1.080s] -- Found rosidl_adapter: 1.3.1 (/opt/ros/foxy/share/rosidl_adapter/cmake)
[1.323s] -- Using all available rosidl_typesupport_cpp: rosidl_typesupport_fastrtps_cpp;rosidl_typesupport_introspection_cpp
[1.418s] -- Found rmw_implementation_cmake: 1.0.4 (/opt/ros/foxy/share/rmw_implementation_cmake/cmake)
[1.420s] -- Using RMW implementation 'rmw_fastrtps_cpp' as default
[1.686s] -- Found rclpy: 1.0.13 (/opt/ros/foxy/share/rclpy/cmake)
[1.687s] -- Found nav_msgs: 2.0.5 (/opt/ros/foxy/share/nav_msgs/cmake)
[1.896s] -- Found ackermann_msgs: 2.0.2 (/opt/ros/foxy/share/ackermann_msgs/cmake)
[1.957s] -- Found sensor_msgs: 2.0.5 (/opt/ros/foxy/share/sensor_msgs/cmake)
[2.102s] CMake Error at /opt/ros/foxy/share/ament_cmake_target_dependencies/cmake/ament_target_dependencies.cmake:42 (message):
[2.102s]   ament_target_dependencies() the first argument must be a valid target name
[2.102s] Call Stack (most recent call first):
[2.103s]   CMakeLists.txt:33 (ament_target_dependencies)
[2.103s] 
[2.103s] 
[2.106s] -- Configuring incomplete, errors occurred!
[2.106s] See also "/home/orin/sim_ws/build/safety_node/CMakeFiles/CMakeOutput.log".
[2.106s] See also "/home/orin/sim_ws/build/safety_node/CMakeFiles/CMakeError.log".
[2.123s] Invoked command in '/home/orin/sim_ws/build/safety_node' returned '1': CMAKE_PREFIX_PATH=/home/orin/sim_ws/install/f1tenth_gym_ros:/opt/ros/foxy /usr/bin/cmake /home/orin/sim_ws/src/safety_node -DCMAKE_INSTALL_PREFIX=/home/orin/sim_ws/install/safety_node
