[0.545s] Invoking command in '/home/orin/sim_ws/build/wall_follow': CMAKE_PREFIX_PATH=${CMAKE_PREFIX_PATH}:/home/orin/sim_ws/install/f1tenth_gym_ros:/opt/ros/foxy /usr/bin/cmake /home/orin/sim_ws/src/wall_follow -DCMAKE_INSTALL_PREFIX=/home/orin/sim_ws/install/wall_follow
[0.670s] -- The C compiler identification is GNU 9.4.0
[0.782s] -- The CXX compiler identification is GNU 9.4.0
[0.791s] -- Check for working C compiler: /usr/bin/cc
[0.951s] -- Check for working C compiler: /usr/bin/cc -- works
[0.952s] -- Detecting C compiler ABI info
[1.102s] -- Detecting C compiler ABI info - done
[1.121s] -- Detecting C compile features
[1.121s] -- Detecting C compile features - done
[1.126s] -- Check for working CXX compiler: /usr/bin/c++
[1.282s] -- Check for working CXX compiler: /usr/bin/c++ -- works
[1.284s] -- Detecting CXX compiler ABI info
[1.448s] -- Detecting CXX compiler ABI info - done
[1.468s] -- Detecting CXX compile features
[1.471s] -- Detecting CXX compile features - done
[1.476s] -- Found ament_cmake: 0.9.12 (/opt/ros/foxy/share/ament_cmake/cmake)
[1.531s] -- Found PythonInterp: /usr/bin/python3 (found suitable version "3.8.10", minimum required is "3") 
[1.531s] -- Using PYTHON_EXECUTABLE: /usr/bin/python3
[1.983s] -- Found rclcpp: 2.4.3 (/opt/ros/foxy/share/rclcpp/cmake)
[2.072s] -- Using all available rosidl_typesupport_c: rosidl_typesupport_fastrtps_c;rosidl_typesupport_introspection_c
[2.085s] -- Found rosidl_adapter: 1.3.1 (/opt/ros/foxy/share/rosidl_adapter/cmake)
[2.275s] -- Found OpenSSL: /usr/lib/aarch64-linux-gnu/libcrypto.so (found version "1.1.1f")  
[2.337s] -- Found FastRTPS: /opt/ros/foxy/include  
[2.506s] -- Using all available rosidl_typesupport_cpp: rosidl_typesupport_fastrtps_cpp;rosidl_typesupport_introspection_cpp
[2.630s] -- Found rmw_implementation_cmake: 1.0.4 (/opt/ros/foxy/share/rmw_implementation_cmake/cmake)
[2.633s] -- Using RMW implementation 'rmw_fastrtps_cpp' as default
[2.635s] -- Looking for pthread.h
[2.785s] -- Looking for pthread.h - found
[2.786s] -- Performing Test CMAKE_HAVE_LIBC_PTHREAD
[2.935s] -- Performing Test CMAKE_HAVE_LIBC_PTHREAD - Failed
[2.936s] -- Looking for pthread_create in pthreads
[3.064s] -- Looking for pthread_create in pthreads - not found
[3.065s] -- Looking for pthread_create in pthread
[3.211s] -- Looking for pthread_create in pthread - found
[3.213s] -- Found Threads: TRUE  
[3.496s] -- Found rclpy: 1.0.13 (/opt/ros/foxy/share/rclpy/cmake)
[3.498s] -- Found geometry_msgs: 2.0.5 (/opt/ros/foxy/share/geometry_msgs/cmake)
[3.562s] -- Found nav_msgs: 2.0.5 (/opt/ros/foxy/share/nav_msgs/cmake)
[3.692s] -- Found ackermann_msgs: 2.0.2 (/opt/ros/foxy/share/ackermann_msgs/cmake)
[3.755s] -- Found sensor_msgs: 2.0.5 (/opt/ros/foxy/share/sensor_msgs/cmake)
[3.950s] -- Found ament_lint_auto: 0.9.8 (/opt/ros/foxy/share/ament_lint_auto/cmake)
[4.121s] -- Added test 'copyright' to check source files copyright and LICENSE
[4.124s] -- Added test 'flake8' to check Python code syntax and style conventions
[4.125s] -- Added test 'lint_cmake' to check CMake code style
[4.127s] -- Added test 'pep257' to check Python code against some of the style conventions in PEP 257
[4.128s] -- Added test 'xmllint' to check XML markup files
[4.136s] -- Configuring done
[4.141s] -- Generating done
[4.144s] -- Build files have been written to: /home/orin/sim_ws/build/wall_follow
[4.171s] Invoked command in '/home/orin/sim_ws/build/wall_follow' returned '0': CMAKE_PREFIX_PATH=${CMAKE_PREFIX_PATH}:/home/orin/sim_ws/install/f1tenth_gym_ros:/opt/ros/foxy /usr/bin/cmake /home/orin/sim_ws/src/wall_follow -DCMAKE_INSTALL_PREFIX=/home/orin/sim_ws/install/wall_follow
[4.177s] Invoking command in '/home/orin/sim_ws/build/wall_follow': CMAKE_PREFIX_PATH=${CMAKE_PREFIX_PATH}:/home/orin/sim_ws/install/f1tenth_gym_ros:/opt/ros/foxy /usr/bin/cmake --build /home/orin/sim_ws/build/wall_follow -- -j6 -l6
[4.270s] Invoked command in '/home/orin/sim_ws/build/wall_follow' returned '0': CMAKE_PREFIX_PATH=${CMAKE_PREFIX_PATH}:/home/orin/sim_ws/install/f1tenth_gym_ros:/opt/ros/foxy /usr/bin/cmake --build /home/orin/sim_ws/build/wall_follow -- -j6 -l6
[4.322s] Invoking command in '/home/orin/sim_ws/build/wall_follow': CMAKE_PREFIX_PATH=${CMAKE_PREFIX_PATH}:/home/orin/sim_ws/install/f1tenth_gym_ros:/opt/ros/foxy /usr/bin/cmake --install /home/orin/sim_ws/build/wall_follow
[4.342s] -- Install configuration: ""
[4.342s] -- Installing: /home/orin/sim_ws/install/wall_follow/share/wall_follow/environment/pythonpath.sh
[4.342s] -- Installing: /home/orin/sim_ws/install/wall_follow/share/wall_follow/environment/pythonpath.dsv
[4.343s] -- Installing: /home/orin/sim_ws/install/wall_follow/lib/python3.8/site-packages/wall_follow
[4.343s] -- Installing: /home/orin/sim_ws/install/wall_follow/lib/python3.8/site-packages/wall_follow/__init__.py
[4.414s] Listing '/home/orin/sim_ws/install/wall_follow/lib/python3.8/site-packages/wall_follow'...
[4.415s] Compiling '/home/orin/sim_ws/install/wall_follow/lib/python3.8/site-packages/wall_follow/__init__.py'...
[4.427s] -- Installing: /home/orin/sim_ws/install/wall_follow/lib/wall_follow/wall_follow_node.py
[4.427s] -- Installing: /home/orin/sim_ws/install/wall_follow/share/ament_index/resource_index/package_run_dependencies/wall_follow
[4.428s] -- Installing: /home/orin/sim_ws/install/wall_follow/share/ament_index/resource_index/parent_prefix_path/wall_follow
[4.428s] -- Installing: /home/orin/sim_ws/install/wall_follow/share/wall_follow/environment/ament_prefix_path.sh
[4.429s] -- Installing: /home/orin/sim_ws/install/wall_follow/share/wall_follow/environment/ament_prefix_path.dsv
[4.429s] -- Installing: /home/orin/sim_ws/install/wall_follow/share/wall_follow/environment/path.sh
[4.429s] -- Installing: /home/orin/sim_ws/install/wall_follow/share/wall_follow/environment/path.dsv
[4.430s] -- Installing: /home/orin/sim_ws/install/wall_follow/share/wall_follow/local_setup.bash
[4.430s] -- Installing: /home/orin/sim_ws/install/wall_follow/share/wall_follow/local_setup.sh
[4.430s] -- Installing: /home/orin/sim_ws/install/wall_follow/share/wall_follow/local_setup.zsh
[4.430s] -- Installing: /home/orin/sim_ws/install/wall_follow/share/wall_follow/local_setup.dsv
[4.431s] -- Installing: /home/orin/sim_ws/install/wall_follow/share/wall_follow/package.dsv
[4.431s] -- Installing: /home/orin/sim_ws/install/wall_follow/share/ament_index/resource_index/packages/wall_follow
[4.431s] -- Installing: /home/orin/sim_ws/install/wall_follow/share/wall_follow/cmake/wall_followConfig.cmake
[4.432s] -- Installing: /home/orin/sim_ws/install/wall_follow/share/wall_follow/cmake/wall_followConfig-version.cmake
[4.432s] -- Installing: /home/orin/sim_ws/install/wall_follow/share/wall_follow/package.xml
[4.438s] Invoked command in '/home/orin/sim_ws/build/wall_follow' returned '0': CMAKE_PREFIX_PATH=${CMAKE_PREFIX_PATH}:/home/orin/sim_ws/install/f1tenth_gym_ros:/opt/ros/foxy /usr/bin/cmake --install /home/orin/sim_ws/build/wall_follow
