[0.624s] Invoking command in '/home/orin/sim_ws/build/gap_follow': CMAKE_PREFIX_PATH=${CMAKE_PREFIX_PATH}:/home/orin/sim_ws/install/f1tenth_gym_ros:/opt/ros/foxy /usr/bin/cmake --build /home/orin/sim_ws/build/gap_follow -- -j6 -l6
[0.764s] Invoked command in '/home/orin/sim_ws/build/gap_follow' returned '0': CMAKE_PREFIX_PATH=${CMAKE_PREFIX_PATH}:/home/orin/sim_ws/install/f1tenth_gym_ros:/opt/ros/foxy /usr/bin/cmake --build /home/orin/sim_ws/build/gap_follow -- -j6 -l6
[0.894s] Invoking command in '/home/orin/sim_ws/build/gap_follow': CMAKE_PREFIX_PATH=${CMAKE_PREFIX_PATH}:/home/orin/sim_ws/install/f1tenth_gym_ros:/opt/ros/foxy /usr/bin/cmake --install /home/orin/sim_ws/build/gap_follow
[0.917s] -- Install configuration: ""
[0.919s] -- Up-to-date: /home/orin/sim_ws/install/gap_follow/share/gap_follow/environment/pythonpath.sh
[0.920s] -- Up-to-date: /home/orin/sim_ws/install/gap_follow/share/gap_follow/environment/pythonpath.dsv
[0.920s] -- Up-to-date: /home/orin/sim_ws/install/gap_follow/lib/python3.8/site-packages/gap_follow
[0.920s] -- Up-to-date: /home/orin/sim_ws/install/gap_follow/lib/python3.8/site-packages/gap_follow/__init__.py
[1.068s] Listing '/home/orin/sim_ws/install/gap_follow/lib/python3.8/site-packages/gap_follow'...
[1.089s] -- Installing: /home/orin/sim_ws/install/gap_follow/lib/gap_follow/gap_follow.py
[1.090s] -- Up-to-date: /home/orin/sim_ws/install/gap_follow/share/ament_index/resource_index/package_run_dependencies/gap_follow
[1.091s] -- Up-to-date: /home/orin/sim_ws/install/gap_follow/share/ament_index/resource_index/parent_prefix_path/gap_follow
[1.092s] -- Up-to-date: /home/orin/sim_ws/install/gap_follow/share/gap_follow/environment/ament_prefix_path.sh
[1.092s] -- Up-to-date: /home/orin/sim_ws/install/gap_follow/share/gap_follow/environment/ament_prefix_path.dsv
[1.094s] -- Up-to-date: /home/orin/sim_ws/install/gap_follow/share/gap_follow/environment/path.sh
[1.094s] -- Up-to-date: /home/orin/sim_ws/install/gap_follow/share/gap_follow/environment/path.dsv
[1.094s] -- Up-to-date: /home/orin/sim_ws/install/gap_follow/share/gap_follow/local_setup.bash
[1.096s] -- Up-to-date: /home/orin/sim_ws/install/gap_follow/share/gap_follow/local_setup.sh
[1.096s] -- Up-to-date: /home/orin/sim_ws/install/gap_follow/share/gap_follow/local_setup.zsh
[1.096s] -- Up-to-date: /home/orin/sim_ws/install/gap_follow/share/gap_follow/local_setup.dsv
[1.097s] -- Installing: /home/orin/sim_ws/install/gap_follow/share/gap_follow/package.dsv
[1.097s] -- Up-to-date: /home/orin/sim_ws/install/gap_follow/share/ament_index/resource_index/packages/gap_follow
[1.097s] -- Up-to-date: /home/orin/sim_ws/install/gap_follow/share/gap_follow/cmake/gap_followConfig.cmake
[1.098s] -- Up-to-date: /home/orin/sim_ws/install/gap_follow/share/gap_follow/cmake/gap_followConfig-version.cmake
[1.099s] -- Up-to-date: /home/orin/sim_ws/install/gap_follow/share/gap_follow/package.xml
[1.114s] Invoked command in '/home/orin/sim_ws/build/gap_follow' returned '0': CMAKE_PREFIX_PATH=${CMAKE_PREFIX_PATH}:/home/orin/sim_ws/install/f1tenth_gym_ros:/opt/ros/foxy /usr/bin/cmake --install /home/orin/sim_ws/build/gap_follow
