[0.587s] Invoking command in '/home/orin/sim_ws/build/gap_follow': CMAKE_PREFIX_PATH=${CMAKE_PREFIX_PATH}:/home/orin/f1tenth_ws/install/f1tenth_stack:/home/orin/f1tenth_ws/install/joy_teleop:/home/orin/f1tenth_ws/install/mouse_teleop:/home/orin/f1tenth_ws/install/key_teleop:/opt/ros/foxy /usr/bin/cmake --build /home/orin/sim_ws/build/gap_follow -- -j6 -l6
[0.703s] Invoked command in '/home/orin/sim_ws/build/gap_follow' returned '0': CMAKE_PREFIX_PATH=${CMAKE_PREFIX_PATH}:/home/orin/f1tenth_ws/install/f1tenth_stack:/home/orin/f1tenth_ws/install/joy_teleop:/home/orin/f1tenth_ws/install/mouse_teleop:/home/orin/f1tenth_ws/install/key_teleop:/opt/ros/foxy /usr/bin/cmake --build /home/orin/sim_ws/build/gap_follow -- -j6 -l6
[0.812s] Invoking command in '/home/orin/sim_ws/build/gap_follow': CMAKE_PREFIX_PATH=${CMAKE_PREFIX_PATH}:/home/orin/f1tenth_ws/install/f1tenth_stack:/home/orin/f1tenth_ws/install/joy_teleop:/home/orin/f1tenth_ws/install/mouse_teleop:/home/orin/f1tenth_ws/install/key_teleop:/opt/ros/foxy /usr/bin/cmake --install /home/orin/sim_ws/build/gap_follow
[0.836s] -- Install configuration: ""
[0.836s] -- Up-to-date: /home/orin/sim_ws/install/gap_follow/share/gap_follow/environment/pythonpath.sh
[0.836s] -- Up-to-date: /home/orin/sim_ws/install/gap_follow/share/gap_follow/environment/pythonpath.dsv
[0.836s] -- Up-to-date: /home/orin/sim_ws/install/gap_follow/lib/python3.8/site-packages/gap_follow
[0.836s] -- Up-to-date: /home/orin/sim_ws/install/gap_follow/lib/python3.8/site-packages/gap_follow/__init__.py
[0.908s] Listing '/home/orin/sim_ws/install/gap_follow/lib/python3.8/site-packages/gap_follow'...
[0.921s] -- Installing: /home/orin/sim_ws/install/gap_follow/lib/gap_follow/gap_follow.py
[0.921s] -- Up-to-date: /home/orin/sim_ws/install/gap_follow/share/ament_index/resource_index/package_run_dependencies/gap_follow
[0.923s] -- Up-to-date: /home/orin/sim_ws/install/gap_follow/share/ament_index/resource_index/parent_prefix_path/gap_follow
[0.924s] -- Up-to-date: /home/orin/sim_ws/install/gap_follow/share/gap_follow/environment/ament_prefix_path.sh
[0.924s] -- Up-to-date: /home/orin/sim_ws/install/gap_follow/share/gap_follow/environment/ament_prefix_path.dsv
[0.925s] -- Up-to-date: /home/orin/sim_ws/install/gap_follow/share/gap_follow/environment/path.sh
[0.925s] -- Up-to-date: /home/orin/sim_ws/install/gap_follow/share/gap_follow/environment/path.dsv
[0.925s] -- Up-to-date: /home/orin/sim_ws/install/gap_follow/share/gap_follow/local_setup.bash
[0.925s] -- Up-to-date: /home/orin/sim_ws/install/gap_follow/share/gap_follow/local_setup.sh
[0.925s] -- Up-to-date: /home/orin/sim_ws/install/gap_follow/share/gap_follow/local_setup.zsh
[0.925s] -- Up-to-date: /home/orin/sim_ws/install/gap_follow/share/gap_follow/local_setup.dsv
[0.925s] -- Installing: /home/orin/sim_ws/install/gap_follow/share/gap_follow/package.dsv
[0.925s] -- Up-to-date: /home/orin/sim_ws/install/gap_follow/share/ament_index/resource_index/packages/gap_follow
[0.926s] -- Up-to-date: /home/orin/sim_ws/install/gap_follow/share/gap_follow/cmake/gap_followConfig.cmake
[0.926s] -- Up-to-date: /home/orin/sim_ws/install/gap_follow/share/gap_follow/cmake/gap_followConfig-version.cmake
[0.926s] -- Up-to-date: /home/orin/sim_ws/install/gap_follow/share/gap_follow/package.xml
[0.931s] Invoked command in '/home/orin/sim_ws/build/gap_follow' returned '0': CMAKE_PREFIX_PATH=${CMAKE_PREFIX_PATH}:/home/orin/f1tenth_ws/install/f1tenth_stack:/home/orin/f1tenth_ws/install/joy_teleop:/home/orin/f1tenth_ws/install/mouse_teleop:/home/orin/f1tenth_ws/install/key_teleop:/opt/ros/foxy /usr/bin/cmake --install /home/orin/sim_ws/build/gap_follow
