[0.549s] Invoking command in '/home/orin/sim_ws/build/safety_node': CMAKE_PREFIX_PATH=${CMAKE_PREFIX_PATH}:/home/orin/f1tenth_ws/install/f1tenth_stack:/home/orin/f1tenth_ws/install/joy_teleop:/home/orin/f1tenth_ws/install/mouse_teleop:/home/orin/f1tenth_ws/install/key_teleop:/opt/ros/foxy /usr/bin/cmake --build /home/orin/sim_ws/build/safety_node -- -j6 -l6
[0.680s] Invoked command in '/home/orin/sim_ws/build/safety_node' returned '0': CMAKE_PREFIX_PATH=${CMAKE_PREFIX_PATH}:/home/orin/f1tenth_ws/install/f1tenth_stack:/home/orin/f1tenth_ws/install/joy_teleop:/home/orin/f1tenth_ws/install/mouse_teleop:/home/orin/f1tenth_ws/install/key_teleop:/opt/ros/foxy /usr/bin/cmake --build /home/orin/sim_ws/build/safety_node -- -j6 -l6
[0.760s] Invoking command in '/home/orin/sim_ws/build/safety_node': CMAKE_PREFIX_PATH=${CMAKE_PREFIX_PATH}:/home/orin/f1tenth_ws/install/f1tenth_stack:/home/orin/f1tenth_ws/install/joy_teleop:/home/orin/f1tenth_ws/install/mouse_teleop:/home/orin/f1tenth_ws/install/key_teleop:/opt/ros/foxy /usr/bin/cmake --install /home/orin/sim_ws/build/safety_node
[0.792s] -- Install configuration: ""
[0.792s] -- Up-to-date: /home/orin/sim_ws/install/safety_node/share/safety_node/environment/pythonpath.sh
[0.792s] -- Up-to-date: /home/orin/sim_ws/install/safety_node/share/safety_node/environment/pythonpath.dsv
[0.792s] -- Up-to-date: /home/orin/sim_ws/install/safety_node/lib/python3.8/site-packages/safety_node
[0.793s] -- Up-to-date: /home/orin/sim_ws/install/safety_node/lib/python3.8/site-packages/safety_node/__init__.py
[0.865s] Listing '/home/orin/sim_ws/install/safety_node/lib/python3.8/site-packages/safety_node'...
[0.871s] -- Up-to-date: /home/orin/sim_ws/install/safety_node/lib/safety_node/safety_node.py
[0.873s] -- Up-to-date: /home/orin/sim_ws/install/safety_node/share/ament_index/resource_index/package_run_dependencies/safety_node
[0.873s] -- Up-to-date: /home/orin/sim_ws/install/safety_node/share/ament_index/resource_index/parent_prefix_path/safety_node
[0.874s] -- Up-to-date: /home/orin/sim_ws/install/safety_node/share/safety_node/environment/ament_prefix_path.sh
[0.874s] -- Up-to-date: /home/orin/sim_ws/install/safety_node/share/safety_node/environment/ament_prefix_path.dsv
[0.874s] -- Up-to-date: /home/orin/sim_ws/install/safety_node/share/safety_node/environment/path.sh
[0.875s] -- Up-to-date: /home/orin/sim_ws/install/safety_node/share/safety_node/environment/path.dsv
[0.875s] -- Up-to-date: /home/orin/sim_ws/install/safety_node/share/safety_node/local_setup.bash
[0.875s] -- Up-to-date: /home/orin/sim_ws/install/safety_node/share/safety_node/local_setup.sh
[0.875s] -- Up-to-date: /home/orin/sim_ws/install/safety_node/share/safety_node/local_setup.zsh
[0.875s] -- Up-to-date: /home/orin/sim_ws/install/safety_node/share/safety_node/local_setup.dsv
[0.876s] -- Installing: /home/orin/sim_ws/install/safety_node/share/safety_node/package.dsv
[0.876s] -- Up-to-date: /home/orin/sim_ws/install/safety_node/share/ament_index/resource_index/packages/safety_node
[0.878s] -- Up-to-date: /home/orin/sim_ws/install/safety_node/share/safety_node/cmake/safety_nodeConfig.cmake
[0.879s] -- Up-to-date: /home/orin/sim_ws/install/safety_node/share/safety_node/cmake/safety_nodeConfig-version.cmake
[0.879s] -- Up-to-date: /home/orin/sim_ws/install/safety_node/share/safety_node/package.xml
[0.908s] Invoked command in '/home/orin/sim_ws/build/safety_node' returned '0': CMAKE_PREFIX_PATH=${CMAKE_PREFIX_PATH}:/home/orin/f1tenth_ws/install/f1tenth_stack:/home/orin/f1tenth_ws/install/joy_teleop:/home/orin/f1tenth_ws/install/mouse_teleop:/home/orin/f1tenth_ws/install/key_teleop:/opt/ros/foxy /usr/bin/cmake --install /home/orin/sim_ws/build/safety_node
