[0.598s] Invoking command in '/home/orin/sim_ws/build/wall_follow': CMAKE_PREFIX_PATH=${CMAKE_PREFIX_PATH}:/home/orin/sim_ws/install/f1tenth_gym_ros:/opt/ros/foxy /usr/bin/cmake --build /home/orin/sim_ws/build/wall_follow -- -j6 -l6
[0.719s] Invoked command in '/home/orin/sim_ws/build/wall_follow' returned '0': CMAKE_PREFIX_PATH=${CMAKE_PREFIX_PATH}:/home/orin/sim_ws/install/f1tenth_gym_ros:/opt/ros/foxy /usr/bin/cmake --build /home/orin/sim_ws/build/wall_follow -- -j6 -l6
[0.810s] Invoking command in '/home/orin/sim_ws/build/wall_follow': CMAKE_PREFIX_PATH=${CMAKE_PREFIX_PATH}:/home/orin/sim_ws/install/f1tenth_gym_ros:/opt/ros/foxy /usr/bin/cmake --install /home/orin/sim_ws/build/wall_follow
[0.844s] -- Install configuration: ""
[0.845s] -- Up-to-date: /home/orin/sim_ws/install/wall_follow/share/wall_follow/environment/pythonpath.sh
[0.845s] -- Up-to-date: /home/orin/sim_ws/install/wall_follow/share/wall_follow/environment/pythonpath.dsv
[0.845s] -- Up-to-date: /home/orin/sim_ws/install/wall_follow/lib/python3.8/site-packages/wall_follow
[0.845s] -- Up-to-date: /home/orin/sim_ws/install/wall_follow/lib/python3.8/site-packages/wall_follow/__init__.py
[0.913s] Listing '/home/orin/sim_ws/install/wall_follow/lib/python3.8/site-packages/wall_follow'...
[0.929s] -- Up-to-date: /home/orin/sim_ws/install/wall_follow/lib/wall_follow/wall_follow.py
[0.930s] -- Up-to-date: /home/orin/sim_ws/install/wall_follow/share/ament_index/resource_index/package_run_dependencies/wall_follow
[0.930s] -- Up-to-date: /home/orin/sim_ws/install/wall_follow/share/ament_index/resource_index/parent_prefix_path/wall_follow
[0.930s] -- Up-to-date: /home/orin/sim_ws/install/wall_follow/share/wall_follow/environment/ament_prefix_path.sh
[0.930s] -- Up-to-date: /home/orin/sim_ws/install/wall_follow/share/wall_follow/environment/ament_prefix_path.dsv
[0.930s] -- Up-to-date: /home/orin/sim_ws/install/wall_follow/share/wall_follow/environment/path.sh
[0.931s] -- Up-to-date: /home/orin/sim_ws/install/wall_follow/share/wall_follow/environment/path.dsv
[0.931s] -- Up-to-date: /home/orin/sim_ws/install/wall_follow/share/wall_follow/local_setup.bash
[0.931s] -- Up-to-date: /home/orin/sim_ws/install/wall_follow/share/wall_follow/local_setup.sh
[0.931s] -- Up-to-date: /home/orin/sim_ws/install/wall_follow/share/wall_follow/local_setup.zsh
[0.931s] -- Up-to-date: /home/orin/sim_ws/install/wall_follow/share/wall_follow/local_setup.dsv
[0.931s] -- Installing: /home/orin/sim_ws/install/wall_follow/share/wall_follow/package.dsv
[0.931s] -- Up-to-date: /home/orin/sim_ws/install/wall_follow/share/ament_index/resource_index/packages/wall_follow
[0.940s] -- Up-to-date: /home/orin/sim_ws/install/wall_follow/share/wall_follow/cmake/wall_followConfig.cmake
[0.940s] -- Up-to-date: /home/orin/sim_ws/install/wall_follow/share/wall_follow/cmake/wall_followConfig-version.cmake
[0.941s] -- Up-to-date: /home/orin/sim_ws/install/wall_follow/share/wall_follow/package.xml
[0.941s] Invoked command in '/home/orin/sim_ws/build/wall_follow' returned '0': CMAKE_PREFIX_PATH=${CMAKE_PREFIX_PATH}:/home/orin/sim_ws/install/f1tenth_gym_ros:/opt/ros/foxy /usr/bin/cmake --install /home/orin/sim_ws/build/wall_follow
