[0.440s] DEBUG:colcon:Command line arguments: ['/usr/bin/colcon', 'build']
[0.440s] DEBUG:colcon:Parsed command line arguments: Namespace(allow_overriding=[], ament_cmake_args=None, base_paths=['.'], build_base='build', catkin_cmake_args=None, catkin_skip_building_tests=False, cmake_args=None, cmake_clean_cache=False, cmake_clean_first=False, cmake_force_configure=False, cmake_target=None, cmake_target_skip_unavailable=False, continue_on_error=False, event_handlers=None, executor='parallel', ignore_user_meta=False, install_base='install', log_base=None, log_level=None, main=<bound method BuildVerb.main of <colcon_core.verb.build.BuildVerb object at 0xffffb6b1bd30>>, merge_install=False, metas=['./colcon.meta'], mixin=None, mixin_files=None, mixin_verb=('build',), packages_above=None, packages_above_and_dependencies=None, packages_above_depth=None, packages_end=None, packages_ignore=None, packages_ignore_regex=None, packages_select=None, packages_select_build_failed=False, packages_select_by_dep=None, packages_select_regex=None, packages_select_test_failures=False, packages_skip=None, packages_skip_build_finished=False, packages_skip_by_dep=None, packages_skip_regex=None, packages_skip_test_passed=False, packages_skip_up_to=None, packages_start=None, packages_up_to=None, packages_up_to_regex=None, parallel_workers=6, paths=None, symlink_install=False, test_result_base=None, verb_extension=<colcon_core.verb.build.BuildVerb object at 0xffffb6b1bd30>, verb_name='build', verb_parser=<colcon_mixin.mixin.mixin_argument.MixinArgumentDecorator object at 0xffffb69d4f70>)
[0.776s] Level 1:colcon.colcon_core.package_discovery:discover_packages(colcon_meta) check parameters
[0.776s] Level 1:colcon.colcon_core.package_discovery:discover_packages(recursive) check parameters
[0.776s] Level 1:colcon.colcon_core.package_discovery:discover_packages(ignore) check parameters
[0.776s] Level 1:colcon.colcon_core.package_discovery:discover_packages(path) check parameters
[0.776s] Level 1:colcon.colcon_core.package_discovery:discover_packages(colcon_meta) discover
[0.776s] Level 1:colcon.colcon_core.package_discovery:discover_packages(recursive) discover
[0.777s] INFO:colcon.colcon_core.package_discovery:Crawling recursively for packages in '/home/orin/sim_ws'
[0.777s] Level 1:colcon.colcon_core.package_identification:_identify(.) by extensions ['ignore', 'ignore_ament_install']
[0.777s] Level 1:colcon.colcon_core.package_identification:_identify(.) by extension 'ignore'
[0.777s] Level 1:colcon.colcon_core.package_identification:_identify(.) by extension 'ignore_ament_install'
[0.777s] Level 1:colcon.colcon_core.package_identification:_identify(.) by extensions ['colcon_pkg']
[0.777s] Level 1:colcon.colcon_core.package_identification:_identify(.) by extension 'colcon_pkg'
[0.778s] Level 1:colcon.colcon_core.package_identification:_identify(.) by extensions ['colcon_meta']
[0.778s] Level 1:colcon.colcon_core.package_identification:_identify(.) by extension 'colcon_meta'
[0.778s] Level 1:colcon.colcon_core.package_identification:_identify(.) by extensions ['ros']
[0.778s] Level 1:colcon.colcon_core.package_identification:_identify(.) by extension 'ros'
[0.802s] Level 1:colcon.colcon_core.package_identification:_identify(.) by extensions ['cmake', 'python']
[0.803s] Level 1:colcon.colcon_core.package_identification:_identify(.) by extension 'cmake'
[0.803s] Level 1:colcon.colcon_core.package_identification:_identify(.) by extension 'python'
[0.803s] Level 1:colcon.colcon_core.package_identification:_identify(.) by extensions ['python_setup_py']
[0.803s] Level 1:colcon.colcon_core.package_identification:_identify(.) by extension 'python_setup_py'
[0.803s] Level 1:colcon.colcon_core.package_identification:_identify(build) by extensions ['ignore', 'ignore_ament_install']
[0.804s] Level 1:colcon.colcon_core.package_identification:_identify(build) by extension 'ignore'
[0.804s] Level 1:colcon.colcon_core.package_identification:_identify(build) ignored
[0.804s] Level 1:colcon.colcon_core.package_identification:_identify(install) by extensions ['ignore', 'ignore_ament_install']
[0.804s] Level 1:colcon.colcon_core.package_identification:_identify(install) by extension 'ignore'
[0.804s] Level 1:colcon.colcon_core.package_identification:_identify(install) ignored
[0.805s] Level 1:colcon.colcon_core.package_identification:_identify(log) by extensions ['ignore', 'ignore_ament_install']
[0.805s] Level 1:colcon.colcon_core.package_identification:_identify(log) by extension 'ignore'
[0.805s] Level 1:colcon.colcon_core.package_identification:_identify(log) ignored
[0.805s] Level 1:colcon.colcon_core.package_identification:_identify(src) by extensions ['ignore', 'ignore_ament_install']
[0.805s] Level 1:colcon.colcon_core.package_identification:_identify(src) by extension 'ignore'
[0.805s] Level 1:colcon.colcon_core.package_identification:_identify(src) by extension 'ignore_ament_install'
[0.806s] Level 1:colcon.colcon_core.package_identification:_identify(src) by extensions ['colcon_pkg']
[0.806s] Level 1:colcon.colcon_core.package_identification:_identify(src) by extension 'colcon_pkg'
[0.806s] Level 1:colcon.colcon_core.package_identification:_identify(src) by extensions ['colcon_meta']
[0.806s] Level 1:colcon.colcon_core.package_identification:_identify(src) by extension 'colcon_meta'
[0.806s] Level 1:colcon.colcon_core.package_identification:_identify(src) by extensions ['ros']
[0.806s] Level 1:colcon.colcon_core.package_identification:_identify(src) by extension 'ros'
[0.806s] Level 1:colcon.colcon_core.package_identification:_identify(src) by extensions ['cmake', 'python']
[0.806s] Level 1:colcon.colcon_core.package_identification:_identify(src) by extension 'cmake'
[0.806s] Level 1:colcon.colcon_core.package_identification:_identify(src) by extension 'python'
[0.807s] Level 1:colcon.colcon_core.package_identification:_identify(src) by extensions ['python_setup_py']
[0.807s] Level 1:colcon.colcon_core.package_identification:_identify(src) by extension 'python_setup_py'
[0.807s] Level 1:colcon.colcon_core.package_identification:_identify(src/f1tenth_gym_ros) by extensions ['ignore', 'ignore_ament_install']
[0.807s] Level 1:colcon.colcon_core.package_identification:_identify(src/f1tenth_gym_ros) by extension 'ignore'
[0.807s] Level 1:colcon.colcon_core.package_identification:_identify(src/f1tenth_gym_ros) by extension 'ignore_ament_install'
[0.807s] Level 1:colcon.colcon_core.package_identification:_identify(src/f1tenth_gym_ros) by extensions ['colcon_pkg']
[0.807s] Level 1:colcon.colcon_core.package_identification:_identify(src/f1tenth_gym_ros) by extension 'colcon_pkg'
[0.807s] Level 1:colcon.colcon_core.package_identification:_identify(src/f1tenth_gym_ros) by extensions ['colcon_meta']
[0.808s] Level 1:colcon.colcon_core.package_identification:_identify(src/f1tenth_gym_ros) by extension 'colcon_meta'
[0.808s] Level 1:colcon.colcon_core.package_identification:_identify(src/f1tenth_gym_ros) by extensions ['ros']
[0.808s] Level 1:colcon.colcon_core.package_identification:_identify(src/f1tenth_gym_ros) by extension 'ros'
[0.814s] DEBUG:colcon.colcon_core.package_identification:Package 'src/f1tenth_gym_ros' with type 'ros.ament_python' and name 'f1tenth_gym_ros'
[0.814s] Level 1:colcon.colcon_core.package_identification:_identify(src/safety_node) by extensions ['ignore', 'ignore_ament_install']
[0.814s] Level 1:colcon.colcon_core.package_identification:_identify(src/safety_node) by extension 'ignore'
[0.815s] Level 1:colcon.colcon_core.package_identification:_identify(src/safety_node) by extension 'ignore_ament_install'
[0.815s] Level 1:colcon.colcon_core.package_identification:_identify(src/safety_node) by extensions ['colcon_pkg']
[0.815s] Level 1:colcon.colcon_core.package_identification:_identify(src/safety_node) by extension 'colcon_pkg'
[0.815s] Level 1:colcon.colcon_core.package_identification:_identify(src/safety_node) by extensions ['colcon_meta']
[0.815s] Level 1:colcon.colcon_core.package_identification:_identify(src/safety_node) by extension 'colcon_meta'
[0.815s] Level 1:colcon.colcon_core.package_identification:_identify(src/safety_node) by extensions ['ros']
[0.815s] Level 1:colcon.colcon_core.package_identification:_identify(src/safety_node) by extension 'ros'
[0.818s] DEBUG:colcon.colcon_core.package_identification:Package 'src/safety_node' with type 'ros.ament_cmake' and name 'safety_node'
[0.818s] Level 1:colcon.colcon_core.package_identification:_identify(src/wall_follow) by extensions ['ignore', 'ignore_ament_install']
[0.818s] Level 1:colcon.colcon_core.package_identification:_identify(src/wall_follow) by extension 'ignore'
[0.818s] Level 1:colcon.colcon_core.package_identification:_identify(src/wall_follow) by extension 'ignore_ament_install'
[0.818s] Level 1:colcon.colcon_core.package_identification:_identify(src/wall_follow) by extensions ['colcon_pkg']
[0.818s] Level 1:colcon.colcon_core.package_identification:_identify(src/wall_follow) by extension 'colcon_pkg'
[0.819s] Level 1:colcon.colcon_core.package_identification:_identify(src/wall_follow) by extensions ['colcon_meta']
[0.819s] Level 1:colcon.colcon_core.package_identification:_identify(src/wall_follow) by extension 'colcon_meta'
[0.819s] Level 1:colcon.colcon_core.package_identification:_identify(src/wall_follow) by extensions ['ros']
[0.819s] Level 1:colcon.colcon_core.package_identification:_identify(src/wall_follow) by extension 'ros'
[0.821s] DEBUG:colcon.colcon_core.package_identification:Package 'src/wall_follow' with type 'ros.ament_cmake' and name 'wall_follow'
[0.821s] Level 1:colcon.colcon_core.package_discovery:discover_packages(recursive) using defaults
[0.821s] Level 1:colcon.colcon_core.package_discovery:discover_packages(ignore) discover
[0.821s] Level 1:colcon.colcon_core.package_discovery:discover_packages(ignore) using defaults
[0.821s] Level 1:colcon.colcon_core.package_discovery:discover_packages(path) discover
[0.821s] Level 1:colcon.colcon_core.package_discovery:discover_packages(path) using defaults
[0.856s] Level 1:colcon.colcon_core.package_discovery:discover_packages(prefix_path) check parameters
[0.856s] Level 1:colcon.colcon_core.package_discovery:discover_packages(prefix_path) discover
[0.860s] DEBUG:colcon.colcon_installed_package_information.package_discovery:Found 3 installed packages in /home/orin/sim_ws/install
[0.863s] DEBUG:colcon.colcon_installed_package_information.package_discovery:Found 279 installed packages in /opt/ros/foxy
[0.897s] Level 1:colcon.colcon_core.package_discovery:discover_packages(prefix_path) using defaults
[1.032s] Level 5:colcon.colcon_core.verb:set package 'f1tenth_gym_ros' build argument 'cmake_args' from command line to 'None'
[1.033s] Level 5:colcon.colcon_core.verb:set package 'f1tenth_gym_ros' build argument 'cmake_target' from command line to 'None'
[1.033s] Level 5:colcon.colcon_core.verb:set package 'f1tenth_gym_ros' build argument 'cmake_target_skip_unavailable' from command line to 'False'
[1.033s] Level 5:colcon.colcon_core.verb:set package 'f1tenth_gym_ros' build argument 'cmake_clean_cache' from command line to 'False'
[1.033s] Level 5:colcon.colcon_core.verb:set package 'f1tenth_gym_ros' build argument 'cmake_clean_first' from command line to 'False'
[1.033s] Level 5:colcon.colcon_core.verb:set package 'f1tenth_gym_ros' build argument 'cmake_force_configure' from command line to 'False'
[1.033s] Level 5:colcon.colcon_core.verb:set package 'f1tenth_gym_ros' build argument 'ament_cmake_args' from command line to 'None'
[1.033s] Level 5:colcon.colcon_core.verb:set package 'f1tenth_gym_ros' build argument 'catkin_cmake_args' from command line to 'None'
[1.033s] Level 5:colcon.colcon_core.verb:set package 'f1tenth_gym_ros' build argument 'catkin_skip_building_tests' from command line to 'False'
[1.033s] DEBUG:colcon.colcon_core.verb:Building package 'f1tenth_gym_ros' with the following arguments: {'ament_cmake_args': None, 'build_base': '/home/orin/sim_ws/build/f1tenth_gym_ros', 'catkin_cmake_args': None, 'catkin_skip_building_tests': False, 'cmake_args': None, 'cmake_clean_cache': False, 'cmake_clean_first': False, 'cmake_force_configure': False, 'cmake_target': None, 'cmake_target_skip_unavailable': False, 'install_base': '/home/orin/sim_ws/install/f1tenth_gym_ros', 'merge_install': False, 'path': '/home/orin/sim_ws/src/f1tenth_gym_ros', 'symlink_install': False, 'test_result_base': None}
[1.034s] Level 5:colcon.colcon_core.verb:set package 'safety_node' build argument 'cmake_args' from command line to 'None'
[1.034s] Level 5:colcon.colcon_core.verb:set package 'safety_node' build argument 'cmake_target' from command line to 'None'
[1.034s] Level 5:colcon.colcon_core.verb:set package 'safety_node' build argument 'cmake_target_skip_unavailable' from command line to 'False'
[1.035s] Level 5:colcon.colcon_core.verb:set package 'safety_node' build argument 'cmake_clean_cache' from command line to 'False'
[1.035s] Level 5:colcon.colcon_core.verb:set package 'safety_node' build argument 'cmake_clean_first' from command line to 'False'
[1.035s] Level 5:colcon.colcon_core.verb:set package 'safety_node' build argument 'cmake_force_configure' from command line to 'False'
[1.035s] Level 5:colcon.colcon_core.verb:set package 'safety_node' build argument 'ament_cmake_args' from command line to 'None'
[1.035s] Level 5:colcon.colcon_core.verb:set package 'safety_node' build argument 'catkin_cmake_args' from command line to 'None'
[1.035s] Level 5:colcon.colcon_core.verb:set package 'safety_node' build argument 'catkin_skip_building_tests' from command line to 'False'
[1.035s] DEBUG:colcon.colcon_core.verb:Building package 'safety_node' with the following arguments: {'ament_cmake_args': None, 'build_base': '/home/orin/sim_ws/build/safety_node', 'catkin_cmake_args': None, 'catkin_skip_building_tests': False, 'cmake_args': None, 'cmake_clean_cache': False, 'cmake_clean_first': False, 'cmake_force_configure': False, 'cmake_target': None, 'cmake_target_skip_unavailable': False, 'install_base': '/home/orin/sim_ws/install/safety_node', 'merge_install': False, 'path': '/home/orin/sim_ws/src/safety_node', 'symlink_install': False, 'test_result_base': None}
[1.036s] Level 5:colcon.colcon_core.verb:set package 'wall_follow' build argument 'cmake_args' from command line to 'None'
[1.036s] Level 5:colcon.colcon_core.verb:set package 'wall_follow' build argument 'cmake_target' from command line to 'None'
[1.036s] Level 5:colcon.colcon_core.verb:set package 'wall_follow' build argument 'cmake_target_skip_unavailable' from command line to 'False'
[1.036s] Level 5:colcon.colcon_core.verb:set package 'wall_follow' build argument 'cmake_clean_cache' from command line to 'False'
[1.036s] Level 5:colcon.colcon_core.verb:set package 'wall_follow' build argument 'cmake_clean_first' from command line to 'False'
[1.036s] Level 5:colcon.colcon_core.verb:set package 'wall_follow' build argument 'cmake_force_configure' from command line to 'False'
[1.036s] Level 5:colcon.colcon_core.verb:set package 'wall_follow' build argument 'ament_cmake_args' from command line to 'None'
[1.036s] Level 5:colcon.colcon_core.verb:set package 'wall_follow' build argument 'catkin_cmake_args' from command line to 'None'
[1.036s] Level 5:colcon.colcon_core.verb:set package 'wall_follow' build argument 'catkin_skip_building_tests' from command line to 'False'
[1.036s] DEBUG:colcon.colcon_core.verb:Building package 'wall_follow' with the following arguments: {'ament_cmake_args': None, 'build_base': '/home/orin/sim_ws/build/wall_follow', 'catkin_cmake_args': None, 'catkin_skip_building_tests': False, 'cmake_args': None, 'cmake_clean_cache': False, 'cmake_clean_first': False, 'cmake_force_configure': False, 'cmake_target': None, 'cmake_target_skip_unavailable': False, 'install_base': '/home/orin/sim_ws/install/wall_follow', 'merge_install': False, 'path': '/home/orin/sim_ws/src/wall_follow', 'symlink_install': False, 'test_result_base': None}
[1.037s] INFO:colcon.colcon_core.executor:Executing jobs using 'parallel' executor
[1.039s] DEBUG:colcon.colcon_parallel_executor.executor.parallel:run_until_complete
[1.040s] INFO:colcon.colcon_ros.task.ament_python.build:Building ROS package in '/home/orin/sim_ws/src/f1tenth_gym_ros' with build type 'ament_python'
[1.040s] Level 1:colcon.colcon_core.shell:create_environment_hook('f1tenth_gym_ros', 'ament_prefix_path')
[1.045s] INFO:colcon.colcon_core.plugin_system:Skipping extension 'colcon_core.shell.bat': Not used on non-Windows systems
[1.045s] INFO:colcon.colcon_core.shell:Creating environment hook '/home/orin/sim_ws/install/f1tenth_gym_ros/share/f1tenth_gym_ros/hook/ament_prefix_path.ps1'
[1.047s] INFO:colcon.colcon_core.shell:Creating environment descriptor '/home/orin/sim_ws/install/f1tenth_gym_ros/share/f1tenth_gym_ros/hook/ament_prefix_path.dsv'
[1.048s] INFO:colcon.colcon_core.shell:Creating environment hook '/home/orin/sim_ws/install/f1tenth_gym_ros/share/f1tenth_gym_ros/hook/ament_prefix_path.sh'
[1.050s] INFO:colcon.colcon_core.shell:Skip shell extension 'powershell' for command environment: Not usable outside of PowerShell
[1.050s] DEBUG:colcon.colcon_core.shell:Skip shell extension 'dsv' for command environment
[1.060s] INFO:colcon.colcon_ros.task.ament_cmake.build:Building ROS package in '/home/orin/sim_ws/src/safety_node' with build type 'ament_cmake'
[1.060s] INFO:colcon.colcon_cmake.task.cmake.build:Building CMake package in '/home/orin/sim_ws/src/safety_node'
[1.061s] INFO:colcon.colcon_core.shell:Skip shell extension 'powershell' for command environment: Not usable outside of PowerShell
[1.062s] DEBUG:colcon.colcon_core.shell:Skip shell extension 'dsv' for command environment
[1.074s] INFO:colcon.colcon_ros.task.ament_cmake.build:Building ROS package in '/home/orin/sim_ws/src/wall_follow' with build type 'ament_cmake'
[1.074s] INFO:colcon.colcon_cmake.task.cmake.build:Building CMake package in '/home/orin/sim_ws/src/wall_follow'
[1.075s] INFO:colcon.colcon_core.shell:Skip shell extension 'powershell' for command environment: Not usable outside of PowerShell
[1.075s] DEBUG:colcon.colcon_core.shell:Skip shell extension 'dsv' for command environment
[1.583s] INFO:colcon.colcon_core.task.python.build:Building Python package in '/home/orin/sim_ws/src/f1tenth_gym_ros'
[1.584s] INFO:colcon.colcon_core.shell:Skip shell extension 'powershell' for command environment: Not usable outside of PowerShell
[1.585s] DEBUG:colcon.colcon_core.shell:Skip shell extension 'dsv' for command environment
[1.603s] DEBUG:colcon.colcon_core.event_handler.log_command:Invoking command in '/home/orin/sim_ws/build/safety_node': CMAKE_PREFIX_PATH=${CMAKE_PREFIX_PATH}:/home/orin/sim_ws/install/f1tenth_gym_ros:/opt/ros/foxy /usr/bin/cmake --build /home/orin/sim_ws/build/safety_node -- -j6 -l6
[1.621s] DEBUG:colcon.colcon_core.event_handler.log_command:Invoking command in '/home/orin/sim_ws/build/wall_follow': CMAKE_PREFIX_PATH=${CMAKE_PREFIX_PATH}:/home/orin/sim_ws/install/f1tenth_gym_ros:/opt/ros/foxy /usr/bin/cmake --build /home/orin/sim_ws/build/wall_follow -- -j6 -l6
[1.697s] DEBUG:colcon.colcon_core.event_handler.log_command:Invoked command in '/home/orin/sim_ws/build/safety_node' returned '0': CMAKE_PREFIX_PATH=${CMAKE_PREFIX_PATH}:/home/orin/sim_ws/install/f1tenth_gym_ros:/opt/ros/foxy /usr/bin/cmake --build /home/orin/sim_ws/build/safety_node -- -j6 -l6
[1.717s] DEBUG:colcon.colcon_core.event_handler.log_command:Invoked command in '/home/orin/sim_ws/build/wall_follow' returned '0': CMAKE_PREFIX_PATH=${CMAKE_PREFIX_PATH}:/home/orin/sim_ws/install/f1tenth_gym_ros:/opt/ros/foxy /usr/bin/cmake --build /home/orin/sim_ws/build/wall_follow -- -j6 -l6
[1.774s] DEBUG:colcon.colcon_core.event_handler.log_command:Invoking command in '/home/orin/sim_ws/build/safety_node': CMAKE_PREFIX_PATH=${CMAKE_PREFIX_PATH}:/home/orin/sim_ws/install/f1tenth_gym_ros:/opt/ros/foxy /usr/bin/cmake --install /home/orin/sim_ws/build/safety_node
[1.784s] DEBUG:colcon.colcon_core.event_handler.log_command:Invoking command in '/home/orin/sim_ws/build/wall_follow': CMAKE_PREFIX_PATH=${CMAKE_PREFIX_PATH}:/home/orin/sim_ws/install/f1tenth_gym_ros:/opt/ros/foxy /usr/bin/cmake --install /home/orin/sim_ws/build/wall_follow
[1.886s] Level 1:colcon.colcon_core.environment:create_environment_scripts_only(safety_node)
[1.892s] Level 1:colcon.colcon_core.environment:checking '/home/orin/sim_ws/install/safety_node' for CMake module files
[1.893s] Level 1:colcon.colcon_core.environment:checking '/home/orin/sim_ws/install/safety_node' for CMake config files
[1.894s] Level 1:colcon.colcon_core.shell:create_environment_hook('safety_node', 'cmake_prefix_path')
[1.894s] INFO:colcon.colcon_core.shell:Creating environment hook '/home/orin/sim_ws/install/safety_node/share/safety_node/hook/cmake_prefix_path.ps1'
[1.896s] INFO:colcon.colcon_core.shell:Creating environment descriptor '/home/orin/sim_ws/install/safety_node/share/safety_node/hook/cmake_prefix_path.dsv'
[1.897s] INFO:colcon.colcon_core.shell:Creating environment hook '/home/orin/sim_ws/install/safety_node/share/safety_node/hook/cmake_prefix_path.sh'
[1.898s] Level 1:colcon.colcon_core.environment:checking '/home/orin/sim_ws/install/safety_node/lib'
[1.899s] Level 1:colcon.colcon_core.environment:checking '/home/orin/sim_ws/install/safety_node/bin'
[1.899s] Level 1:colcon.colcon_core.environment:checking '/home/orin/sim_ws/install/safety_node/lib/pkgconfig/safety_node.pc'
[1.899s] Level 1:colcon.colcon_core.environment:checking '/home/orin/sim_ws/install/safety_node/lib/python3.8/site-packages'
[1.900s] Level 1:colcon.colcon_core.shell:create_environment_hook('safety_node', 'pythonpath')
[1.900s] INFO:colcon.colcon_core.shell:Creating environment hook '/home/orin/sim_ws/install/safety_node/share/safety_node/hook/pythonpath.ps1'
[1.903s] DEBUG:colcon.colcon_core.event_handler.log_command:Invoked command in '/home/orin/sim_ws/build/safety_node' returned '0': CMAKE_PREFIX_PATH=${CMAKE_PREFIX_PATH}:/home/orin/sim_ws/install/f1tenth_gym_ros:/opt/ros/foxy /usr/bin/cmake --install /home/orin/sim_ws/build/safety_node
[1.904s] INFO:colcon.colcon_core.shell:Creating environment descriptor '/home/orin/sim_ws/install/safety_node/share/safety_node/hook/pythonpath.dsv'
[1.905s] INFO:colcon.colcon_core.shell:Creating environment hook '/home/orin/sim_ws/install/safety_node/share/safety_node/hook/pythonpath.sh'
[1.906s] Level 1:colcon.colcon_core.environment:checking '/home/orin/sim_ws/install/safety_node/bin'
[1.907s] INFO:colcon.colcon_core.shell:Creating package script '/home/orin/sim_ws/install/safety_node/share/safety_node/package.ps1'
[1.908s] INFO:colcon.colcon_core.shell:Creating package descriptor '/home/orin/sim_ws/install/safety_node/share/safety_node/package.dsv'
[1.910s] INFO:colcon.colcon_core.shell:Creating package script '/home/orin/sim_ws/install/safety_node/share/safety_node/package.sh'
[1.911s] INFO:colcon.colcon_core.shell:Creating package script '/home/orin/sim_ws/install/safety_node/share/safety_node/package.bash'
[1.913s] INFO:colcon.colcon_core.shell:Creating package script '/home/orin/sim_ws/install/safety_node/share/safety_node/package.zsh'
[1.915s] Level 1:colcon.colcon_core.environment:create_file_with_runtime_dependencies(/home/orin/sim_ws/install/safety_node/share/colcon-core/packages/safety_node)
[1.924s] Level 1:colcon.colcon_core.environment:create_environment_scripts_only(wall_follow)
[1.925s] DEBUG:colcon.colcon_core.event_handler.log_command:Invoked command in '/home/orin/sim_ws/build/wall_follow' returned '0': CMAKE_PREFIX_PATH=${CMAKE_PREFIX_PATH}:/home/orin/sim_ws/install/f1tenth_gym_ros:/opt/ros/foxy /usr/bin/cmake --install /home/orin/sim_ws/build/wall_follow
[1.926s] Level 1:colcon.colcon_core.environment:checking '/home/orin/sim_ws/install/wall_follow' for CMake module files
[1.928s] Level 1:colcon.colcon_core.environment:checking '/home/orin/sim_ws/install/wall_follow' for CMake config files
[1.929s] Level 1:colcon.colcon_core.shell:create_environment_hook('wall_follow', 'cmake_prefix_path')
[1.929s] INFO:colcon.colcon_core.shell:Creating environment hook '/home/orin/sim_ws/install/wall_follow/share/wall_follow/hook/cmake_prefix_path.ps1'
[1.932s] INFO:colcon.colcon_core.shell:Creating environment descriptor '/home/orin/sim_ws/install/wall_follow/share/wall_follow/hook/cmake_prefix_path.dsv'
[1.933s] INFO:colcon.colcon_core.shell:Creating environment hook '/home/orin/sim_ws/install/wall_follow/share/wall_follow/hook/cmake_prefix_path.sh'
[1.936s] Level 1:colcon.colcon_core.environment:checking '/home/orin/sim_ws/install/wall_follow/lib'
[1.936s] Level 1:colcon.colcon_core.environment:checking '/home/orin/sim_ws/install/wall_follow/bin'
[1.936s] Level 1:colcon.colcon_core.environment:checking '/home/orin/sim_ws/install/wall_follow/lib/pkgconfig/wall_follow.pc'
[1.937s] Level 1:colcon.colcon_core.environment:checking '/home/orin/sim_ws/install/wall_follow/lib/python3.8/site-packages'
[1.937s] Level 1:colcon.colcon_core.shell:create_environment_hook('wall_follow', 'pythonpath')
[1.937s] INFO:colcon.colcon_core.shell:Creating environment hook '/home/orin/sim_ws/install/wall_follow/share/wall_follow/hook/pythonpath.ps1'
[1.939s] INFO:colcon.colcon_core.shell:Creating environment descriptor '/home/orin/sim_ws/install/wall_follow/share/wall_follow/hook/pythonpath.dsv'
[1.939s] INFO:colcon.colcon_core.shell:Creating environment hook '/home/orin/sim_ws/install/wall_follow/share/wall_follow/hook/pythonpath.sh'
[1.941s] Level 1:colcon.colcon_core.environment:checking '/home/orin/sim_ws/install/wall_follow/bin'
[1.941s] INFO:colcon.colcon_core.shell:Creating package script '/home/orin/sim_ws/install/wall_follow/share/wall_follow/package.ps1'
[1.944s] INFO:colcon.colcon_core.shell:Creating package descriptor '/home/orin/sim_ws/install/wall_follow/share/wall_follow/package.dsv'
[1.945s] INFO:colcon.colcon_core.shell:Creating package script '/home/orin/sim_ws/install/wall_follow/share/wall_follow/package.sh'
[1.946s] INFO:colcon.colcon_core.shell:Creating package script '/home/orin/sim_ws/install/wall_follow/share/wall_follow/package.bash'
[1.947s] INFO:colcon.colcon_core.shell:Creating package script '/home/orin/sim_ws/install/wall_follow/share/wall_follow/package.zsh'
[1.948s] Level 1:colcon.colcon_core.environment:create_file_with_runtime_dependencies(/home/orin/sim_ws/install/wall_follow/share/colcon-core/packages/wall_follow)
[1.962s] Level 1:colcon.colcon_core.environment:create_environment_scripts_only(safety_node)
[1.963s] Level 1:colcon.colcon_core.environment:checking '/home/orin/sim_ws/install/safety_node' for CMake module files
[1.964s] Level 1:colcon.colcon_core.environment:checking '/home/orin/sim_ws/install/safety_node' for CMake config files
[1.965s] Level 1:colcon.colcon_core.shell:create_environment_hook('safety_node', 'cmake_prefix_path')
[1.966s] INFO:colcon.colcon_core.shell:Creating environment hook '/home/orin/sim_ws/install/safety_node/share/safety_node/hook/cmake_prefix_path.ps1'
[1.968s] INFO:colcon.colcon_core.shell:Creating environment descriptor '/home/orin/sim_ws/install/safety_node/share/safety_node/hook/cmake_prefix_path.dsv'
[1.969s] INFO:colcon.colcon_core.shell:Creating environment hook '/home/orin/sim_ws/install/safety_node/share/safety_node/hook/cmake_prefix_path.sh'
[1.971s] Level 1:colcon.colcon_core.environment:checking '/home/orin/sim_ws/install/safety_node/lib'
[1.971s] Level 1:colcon.colcon_core.environment:checking '/home/orin/sim_ws/install/safety_node/bin'
[1.971s] Level 1:colcon.colcon_core.environment:checking '/home/orin/sim_ws/install/safety_node/lib/pkgconfig/safety_node.pc'
[1.972s] Level 1:colcon.colcon_core.environment:checking '/home/orin/sim_ws/install/safety_node/lib/python3.8/site-packages'
[1.972s] Level 1:colcon.colcon_core.shell:create_environment_hook('safety_node', 'pythonpath')
[1.973s] INFO:colcon.colcon_core.shell:Creating environment hook '/home/orin/sim_ws/install/safety_node/share/safety_node/hook/pythonpath.ps1'
[1.974s] INFO:colcon.colcon_core.shell:Creating environment descriptor '/home/orin/sim_ws/install/safety_node/share/safety_node/hook/pythonpath.dsv'
[1.975s] INFO:colcon.colcon_core.shell:Creating environment hook '/home/orin/sim_ws/install/safety_node/share/safety_node/hook/pythonpath.sh'
[1.976s] Level 1:colcon.colcon_core.environment:checking '/home/orin/sim_ws/install/safety_node/bin'
[1.977s] INFO:colcon.colcon_core.shell:Creating package script '/home/orin/sim_ws/install/safety_node/share/safety_node/package.ps1'
[1.979s] INFO:colcon.colcon_core.shell:Creating package descriptor '/home/orin/sim_ws/install/safety_node/share/safety_node/package.dsv'
[1.980s] INFO:colcon.colcon_core.shell:Creating package script '/home/orin/sim_ws/install/safety_node/share/safety_node/package.sh'
[1.982s] INFO:colcon.colcon_core.shell:Creating package script '/home/orin/sim_ws/install/safety_node/share/safety_node/package.bash'
[1.983s] INFO:colcon.colcon_core.shell:Creating package script '/home/orin/sim_ws/install/safety_node/share/safety_node/package.zsh'
[1.984s] Level 1:colcon.colcon_core.environment:create_file_with_runtime_dependencies(/home/orin/sim_ws/install/safety_node/share/colcon-core/packages/safety_node)
[1.997s] Level 1:colcon.colcon_core.environment:create_environment_scripts_only(wall_follow)
[1.998s] Level 1:colcon.colcon_core.environment:checking '/home/orin/sim_ws/install/wall_follow' for CMake module files
[2.000s] Level 1:colcon.colcon_core.environment:checking '/home/orin/sim_ws/install/wall_follow' for CMake config files
[2.000s] Level 1:colcon.colcon_core.shell:create_environment_hook('wall_follow', 'cmake_prefix_path')
[2.000s] INFO:colcon.colcon_core.shell:Creating environment hook '/home/orin/sim_ws/install/wall_follow/share/wall_follow/hook/cmake_prefix_path.ps1'
[2.002s] INFO:colcon.colcon_core.shell:Creating environment descriptor '/home/orin/sim_ws/install/wall_follow/share/wall_follow/hook/cmake_prefix_path.dsv'
[2.003s] INFO:colcon.colcon_core.shell:Creating environment hook '/home/orin/sim_ws/install/wall_follow/share/wall_follow/hook/cmake_prefix_path.sh'
[2.004s] Level 1:colcon.colcon_core.environment:checking '/home/orin/sim_ws/install/wall_follow/lib'
[2.004s] Level 1:colcon.colcon_core.environment:checking '/home/orin/sim_ws/install/wall_follow/bin'
[2.004s] Level 1:colcon.colcon_core.environment:checking '/home/orin/sim_ws/install/wall_follow/lib/pkgconfig/wall_follow.pc'
[2.005s] Level 1:colcon.colcon_core.environment:checking '/home/orin/sim_ws/install/wall_follow/lib/python3.8/site-packages'
[2.005s] Level 1:colcon.colcon_core.shell:create_environment_hook('wall_follow', 'pythonpath')
[2.005s] INFO:colcon.colcon_core.shell:Creating environment hook '/home/orin/sim_ws/install/wall_follow/share/wall_follow/hook/pythonpath.ps1'
[2.006s] INFO:colcon.colcon_core.shell:Creating environment descriptor '/home/orin/sim_ws/install/wall_follow/share/wall_follow/hook/pythonpath.dsv'
[2.007s] INFO:colcon.colcon_core.shell:Creating environment hook '/home/orin/sim_ws/install/wall_follow/share/wall_follow/hook/pythonpath.sh'
[2.008s] Level 1:colcon.colcon_core.environment:checking '/home/orin/sim_ws/install/wall_follow/bin'
[2.009s] INFO:colcon.colcon_core.shell:Creating package script '/home/orin/sim_ws/install/wall_follow/share/wall_follow/package.ps1'
[2.010s] INFO:colcon.colcon_core.shell:Creating package descriptor '/home/orin/sim_ws/install/wall_follow/share/wall_follow/package.dsv'
[2.012s] INFO:colcon.colcon_core.shell:Creating package script '/home/orin/sim_ws/install/wall_follow/share/wall_follow/package.sh'
[2.013s] INFO:colcon.colcon_core.shell:Creating package script '/home/orin/sim_ws/install/wall_follow/share/wall_follow/package.bash'
[2.014s] INFO:colcon.colcon_core.shell:Creating package script '/home/orin/sim_ws/install/wall_follow/share/wall_follow/package.zsh'
[2.015s] Level 1:colcon.colcon_core.environment:create_file_with_runtime_dependencies(/home/orin/sim_ws/install/wall_follow/share/colcon-core/packages/wall_follow)
[2.519s] DEBUG:colcon.colcon_core.event_handler.log_command:Invoking command in '/home/orin/sim_ws/src/f1tenth_gym_ros': PYTHONPATH=/home/orin/sim_ws/build/f1tenth_gym_ros/prefix_override:/usr/lib/python3/dist-packages/colcon_core/task/python/colcon_distutils_commands:/home/orin/sim_ws/install/f1tenth_gym_ros/lib/python3.8/site-packages:${PYTHONPATH} /usr/bin/python3 -W ignore:setup.py install is deprecated setup.py egg_info --egg-base ../../build/f1tenth_gym_ros build --build-base /home/orin/sim_ws/build/f1tenth_gym_ros/build install --record /home/orin/sim_ws/build/f1tenth_gym_ros/install.log --single-version-externally-managed install_data
[3.179s] Level 1:colcon.colcon_core.environment:checking '/home/orin/sim_ws/install/f1tenth_gym_ros' for CMake module files
[3.180s] Level 1:colcon.colcon_core.environment:checking '/home/orin/sim_ws/install/f1tenth_gym_ros' for CMake config files
[3.181s] DEBUG:colcon.colcon_core.event_handler.log_command:Invoked command in '/home/orin/sim_ws/src/f1tenth_gym_ros' returned '0': PYTHONPATH=/home/orin/sim_ws/build/f1tenth_gym_ros/prefix_override:/usr/lib/python3/dist-packages/colcon_core/task/python/colcon_distutils_commands:/home/orin/sim_ws/install/f1tenth_gym_ros/lib/python3.8/site-packages:${PYTHONPATH} /usr/bin/python3 -W ignore:setup.py install is deprecated setup.py egg_info --egg-base ../../build/f1tenth_gym_ros build --build-base /home/orin/sim_ws/build/f1tenth_gym_ros/build install --record /home/orin/sim_ws/build/f1tenth_gym_ros/install.log --single-version-externally-managed install_data
[3.185s] Level 1:colcon.colcon_core.environment:checking '/home/orin/sim_ws/install/f1tenth_gym_ros/lib'
[3.186s] Level 1:colcon.colcon_core.environment:checking '/home/orin/sim_ws/install/f1tenth_gym_ros/bin'
[3.186s] Level 1:colcon.colcon_core.environment:checking '/home/orin/sim_ws/install/f1tenth_gym_ros/lib/pkgconfig/f1tenth_gym_ros.pc'
[3.187s] Level 1:colcon.colcon_core.environment:checking '/home/orin/sim_ws/install/f1tenth_gym_ros/lib/python3.8/site-packages'
[3.187s] Level 1:colcon.colcon_core.shell:create_environment_hook('f1tenth_gym_ros', 'pythonpath')
[3.187s] INFO:colcon.colcon_core.shell:Creating environment hook '/home/orin/sim_ws/install/f1tenth_gym_ros/share/f1tenth_gym_ros/hook/pythonpath.ps1'
[3.189s] INFO:colcon.colcon_core.shell:Creating environment descriptor '/home/orin/sim_ws/install/f1tenth_gym_ros/share/f1tenth_gym_ros/hook/pythonpath.dsv'
[3.190s] INFO:colcon.colcon_core.shell:Creating environment hook '/home/orin/sim_ws/install/f1tenth_gym_ros/share/f1tenth_gym_ros/hook/pythonpath.sh'
[3.191s] Level 1:colcon.colcon_core.environment:checking '/home/orin/sim_ws/install/f1tenth_gym_ros/bin'
[3.191s] Level 1:colcon.colcon_core.environment:create_environment_scripts_only(f1tenth_gym_ros)
[3.192s] INFO:colcon.colcon_core.shell:Creating package script '/home/orin/sim_ws/install/f1tenth_gym_ros/share/f1tenth_gym_ros/package.ps1'
[3.193s] INFO:colcon.colcon_core.shell:Creating package descriptor '/home/orin/sim_ws/install/f1tenth_gym_ros/share/f1tenth_gym_ros/package.dsv'
[3.194s] INFO:colcon.colcon_core.shell:Creating package script '/home/orin/sim_ws/install/f1tenth_gym_ros/share/f1tenth_gym_ros/package.sh'
[3.196s] INFO:colcon.colcon_core.shell:Creating package script '/home/orin/sim_ws/install/f1tenth_gym_ros/share/f1tenth_gym_ros/package.bash'
[3.197s] INFO:colcon.colcon_core.shell:Creating package script '/home/orin/sim_ws/install/f1tenth_gym_ros/share/f1tenth_gym_ros/package.zsh'
[3.198s] Level 1:colcon.colcon_core.environment:create_file_with_runtime_dependencies(/home/orin/sim_ws/install/f1tenth_gym_ros/share/colcon-core/packages/f1tenth_gym_ros)
[3.199s] DEBUG:colcon.colcon_parallel_executor.executor.parallel:closing loop
[3.200s] DEBUG:colcon.colcon_parallel_executor.executor.parallel:loop closed
[3.200s] DEBUG:colcon.colcon_parallel_executor.executor.parallel:run_until_complete finished with '0'
[3.200s] DEBUG:colcon.colcon_core.event_reactor:joining thread
[3.217s] INFO:colcon.colcon_core.plugin_system:Skipping extension 'colcon_notification.desktop_notification.terminal_notifier': Not used on non-Darwin systems
[3.217s] INFO:colcon.colcon_core.plugin_system:Skipping extension 'colcon_notification.desktop_notification.win32': Not used on non-Windows systems
[3.217s] INFO:colcon.colcon_notification.desktop_notification:Sending desktop notification using 'notify2'
[3.255s] DEBUG:colcon.colcon_core.event_reactor:joined thread
[3.256s] INFO:colcon.colcon_core.shell:Creating prefix script '/home/orin/sim_ws/install/local_setup.ps1'
[3.259s] INFO:colcon.colcon_core.shell:Creating prefix util module '/home/orin/sim_ws/install/_local_setup_util_ps1.py'
[3.262s] INFO:colcon.colcon_core.shell:Creating prefix chain script '/home/orin/sim_ws/install/setup.ps1'
[3.264s] INFO:colcon.colcon_core.shell:Creating prefix script '/home/orin/sim_ws/install/local_setup.sh'
[3.266s] INFO:colcon.colcon_core.shell:Creating prefix util module '/home/orin/sim_ws/install/_local_setup_util_sh.py'
[3.267s] INFO:colcon.colcon_core.shell:Creating prefix chain script '/home/orin/sim_ws/install/setup.sh'
[3.270s] INFO:colcon.colcon_core.shell:Creating prefix script '/home/orin/sim_ws/install/local_setup.bash'
[3.271s] INFO:colcon.colcon_core.shell:Creating prefix chain script '/home/orin/sim_ws/install/setup.bash'
[3.273s] INFO:colcon.colcon_core.shell:Creating prefix script '/home/orin/sim_ws/install/local_setup.zsh'
[3.275s] INFO:colcon.colcon_core.shell:Creating prefix chain script '/home/orin/sim_ws/install/setup.zsh'
